============================================================
  Generated by:           Genus(TM) Synthesis Solution 21.18-s082_1
  Generated on:           Dec 03 2023  10:38:23 pm
  Module:                 fir_transpose
  Operating conditions:   PVT_1P32V_0C (balanced_tree)
  Wireload mode:          enclosed
  Area mode:              timing library
============================================================

Timing
--------

Clock  Period 
--------------
Clk   10000.0 


  Cost    Critical         Violating 
 Group   Path Slack  TNS     Paths   
-------------------------------------
Clk          8695.8   0.0          0 
default    No paths   0.0            
-------------------------------------
Total                 0.0          0 

Instance Count
--------------
Leaf Instance Count             21560 
Physical Instance count             0 
Sequential Instance Count        1121 
Combinational Instance Count    20439 
Hierarchical Instance Count         0 

Area
----
Cell Area                          63841.140
Physical Cell Area                 0.000
Total Cell Area (Cell+Physical)    63841.140
Net Area                           0.000
Total Area (Cell+Physical+Net)     63841.140

Max Fanout                         737 (Clk)
Min Fanout                         0 (generate_multipliers[1].multiplier_next_r2[23]_1053)
Average Fanout                     1.7
Terms to net ratio                 2.7055
Terms to instance ratio            3.8392
Runtime                            652.0946730000003 seconds
Elapsed Runtime                    704 seconds
Genus peak memory usage            2508.32 
Innovus peak memory usage          no_value 
Hostname                           arc-schaumont-class-vm.wpi.edu
