============================================================
  Generated by:           Genus(TM) Synthesis Solution 21.18-s082_1
  Generated on:           Dec 08 2023  11:15:19 am
  Module:                 filter_top
  Operating conditions:   PVT_1P32V_0C (balanced_tree)
  Wireload mode:          enclosed
  Area mode:              timing library
============================================================


Path 1: MET (24613 ps) Setup Check with Pin fir_filter/sum_r_reg[19][22]/CK->D
          Group: Clk
     Startpoint: (R) fir_filter/din_r_reg[4]/CK
          Clock: (R) Clk
       Endpoint: (R) fir_filter/sum_r_reg[19][22]/D
          Clock: (R) Clk

                     Capture       Launch     
        Clock Edge:+   26000            0     
       Src Latency:+       0            0     
       Net Latency:+       0 (I)        0 (I) 
           Arrival:=   26000            0     
                                              
             Setup:-      14                  
     Required Time:=   25986                  
      Launch Clock:-       0                  
         Data Path:-    1373                  
             Slack:=   24613                  

#-----------------------------------------------------------------------------------------------------------------------------
#                   Timing Point                     Flags    Arc   Edge   Cell     Fanout  Load Trans Delay Arrival Instance 
#                                                                                           (fF)  (ps)  (ps)   (ps)  Location 
#-----------------------------------------------------------------------------------------------------------------------------
  fir_filter/din_r_reg[4]/CK                         -       -      R     (arrival)   1133     -     0     0       0    (-,-) 
  fir_filter/din_r_reg[4]/Q                          -       CK->Q  F     DFFRHQX1      11   4.4    25    51      51    (-,-) 
  fir_filter/g119016/Y                               -       A->Y   R     INVX3        289 137.9   260   149     200    (-,-) 
  fir_filter/hi_fo_buf121949/Y                       -       A->Y   R     BUFX3        314 138.6   263   185     385    (-,-) 
  fir_filter/hi_fo_buf121910/Y                       -       A->Y   F     INVX1          1   0.5    53    60     445    (-,-) 
  fir_filter/hi_fo_buf121909/Y                       -       A->Y   R     INVX1         93  46.5   265   156     601    (-,-) 
  fir_filter/g112203/Y                               -       A->Y   F     NOR2X1         1   1.1    59    66     667    (-,-) 
  fir_filter/WALLACE_CSA_DUMMY_OP437_groupi_g6384/S  -       B->S   R     ADDFX1         1   1.2    11    58     725    (-,-) 
  fir_filter/WALLACE_CSA_DUMMY_OP437_groupi_g6335/S  -       A->S   F     ADDFX1         1   1.1    11    50     776    (-,-) 
  fir_filter/WALLACE_CSA_DUMMY_OP437_groupi_g6307/S  -       A->S   R     ADDFX1         1   1.2    11    51     826    (-,-) 
  fir_filter/WALLACE_CSA_DUMMY_OP437_groupi_g6298/S  -       A->S   F     ADDFX1         1   0.3     7    48     874    (-,-) 
  fir_filter/g119594/Y                               -       A->Y   R     INVXL          1   0.3     5     6     880    (-,-) 
  fir_filter/g120734/Y                               -       B->Y   R     MX2XL          1   0.8    10    24     904    (-,-) 
  fir_filter/WALLACE_CSA_DUMMY_OP375_groupi_g2463/S  -       CI->S  F     ADDFX1         1   1.1    11    48     952    (-,-) 
  fir_filter/WALLACE_CSA_DUMMY_OP375_groupi_g2433/CO -       A->CO  F     ADDFX1         1   0.8    10    34     987    (-,-) 
  fir_filter/WALLACE_CSA_DUMMY_OP375_groupi_g2432/CO -       CI->CO F     ADDFX1         1   0.8    10    33    1019    (-,-) 
  fir_filter/WALLACE_CSA_DUMMY_OP375_groupi_g2431/CO -       CI->CO F     ADDFX1         1   0.8    10    33    1052    (-,-) 
  fir_filter/WALLACE_CSA_DUMMY_OP375_groupi_g2430/CO -       CI->CO F     ADDFX1         1   0.8    10    33    1085    (-,-) 
  fir_filter/WALLACE_CSA_DUMMY_OP375_groupi_g2429/CO -       CI->CO F     ADDFX1         1   0.8    10    33    1118    (-,-) 
  fir_filter/WALLACE_CSA_DUMMY_OP375_groupi_g2428/CO -       CI->CO F     ADDFX1         1   0.8    10    33    1151    (-,-) 
  fir_filter/WALLACE_CSA_DUMMY_OP375_groupi_g2427/CO -       CI->CO F     ADDFX1         1   0.8    10    33    1183    (-,-) 
  fir_filter/WALLACE_CSA_DUMMY_OP375_groupi_g2426/CO -       CI->CO F     ADDFX1         1   0.8    10    33    1216    (-,-) 
  fir_filter/WALLACE_CSA_DUMMY_OP375_groupi_g2425/CO -       CI->CO F     ADDFX1         1   0.8    10    33    1249    (-,-) 
  fir_filter/WALLACE_CSA_DUMMY_OP375_groupi_g2424/CO -       CI->CO F     ADDFX1         1   0.8    10    33    1282    (-,-) 
  fir_filter/WALLACE_CSA_DUMMY_OP375_groupi_g2423/CO -       CI->CO F     ADDFX1         1   0.8    10    33    1315    (-,-) 
  fir_filter/WALLACE_CSA_DUMMY_OP375_groupi_g2422/CO -       CI->CO F     ADDFX1         1   0.6     9    32    1347    (-,-) 
  fir_filter/WALLACE_CSA_DUMMY_OP375_groupi_g2421/Y  -       B->Y   R     XNOR2X1        1   0.3     5    26    1373    (-,-) 
  fir_filter/sum_r_reg[19][22]/D                     <<<     -      R     DFFRX1         1     -     -     0    1373    (-,-) 
#-----------------------------------------------------------------------------------------------------------------------------

