============================================================
  Generated by:           Genus(TM) Synthesis Solution 21.18-s082_1
  Generated on:           Dec 04 2023  06:31:39 pm
  Module:                 filter_top
  Operating conditions:   PVT_1P32V_0C (balanced_tree)
  Wireload mode:          enclosed
  Area mode:              timing library
============================================================


Path 1: MET (8793 ps) Setup Check with Pin fir_filter_sum_r_reg[0][22]/CK->D
          Group: Clk
     Startpoint: (R) fir_filter_din_r_reg[1]/CK
          Clock: (R) Clk
       Endpoint: (F) fir_filter_sum_r_reg[0][22]/D
          Clock: (R) Clk

                     Capture       Launch     
        Clock Edge:+   10000            0     
       Src Latency:+       0            0     
       Net Latency:+       0 (I)        0 (I) 
           Arrival:=   10000            0     
                                              
             Setup:-       8                  
     Required Time:=    9992                  
      Launch Clock:-       0                  
         Data Path:-    1199                  
             Slack:=    8793                  

#---------------------------------------------------------------------------------------------------------------------------------------------------------------
#                                    Timing Point                                      Flags    Arc   Edge   Cell     Fanout  Load Trans Delay Arrival Instance 
#                                                                                                                             (fF)  (ps)  (ps)   (ps)  Location 
#---------------------------------------------------------------------------------------------------------------------------------------------------------------
  fir_filter_din_r_reg[1]/CK                                                           -       -      R     (arrival)    737     -     0     0       0    (-,-) 
  fir_filter_din_r_reg[1]/QN                                                           -       CK->QN R     DFFRX4       435 195.1   278   207     207    (-,-) 
  hi_fo_buf118959/Y                                                                    -       A->Y   R     CLKBUFX3     270 123.0   234   171     378    (-,-) 
  g110689/Y                                                                            -       A->Y   F     NOR2XL         1   1.1    56    69     446    (-,-) 
  fir_filter_generate_multipliers[0].multiplier_WALLACE_CSA_DUMMY_OP11_groupi_g6361/S  -       A->S   R     ADDFX1         1   1.2    11    56     502    (-,-) 
  fir_filter_generate_multipliers[0].multiplier_WALLACE_CSA_DUMMY_OP11_groupi_g6310/S  -       A->S   F     ADDFX1         1   1.1    11    50     552    (-,-) 
  fir_filter_generate_multipliers[0].multiplier_WALLACE_CSA_DUMMY_OP11_groupi_g6288/CO -       A->CO  F     ADDFX1         1   0.8    10    34     587    (-,-) 
  fir_filter_generate_multipliers[0].multiplier_WALLACE_CSA_DUMMY_OP11_groupi_g6276/CO -       CI->CO F     ADDFX1         1   0.8    10    33     620    (-,-) 
  fir_filter_generate_multipliers[0].multiplier_WALLACE_CSA_DUMMY_OP11_groupi_g6269/CO -       CI->CO F     ADDFX1         1   0.8    10    33     652    (-,-) 
  fir_filter_generate_multipliers[0].multiplier_WALLACE_CSA_DUMMY_OP11_groupi_g6264/CO -       CI->CO F     ADDFX1         1   0.8    10    33     685    (-,-) 
  fir_filter_generate_multipliers[0].multiplier_WALLACE_CSA_DUMMY_OP11_groupi_g6259/CO -       CI->CO F     ADDFX1         1   0.8    10    33     718    (-,-) 
  fir_filter_generate_multipliers[0].multiplier_WALLACE_CSA_DUMMY_OP11_groupi_g6258/CO -       CI->CO F     ADDFX1         1   0.8    10    33     751    (-,-) 
  fir_filter_generate_multipliers[0].multiplier_WALLACE_CSA_DUMMY_OP11_groupi_g6257/CO -       CI->CO F     ADDFX1         1   0.8    10    33     784    (-,-) 
  fir_filter_generate_multipliers[0].multiplier_WALLACE_CSA_DUMMY_OP11_groupi_g6256/CO -       CI->CO F     ADDFX1         1   0.8    10    33     816    (-,-) 
  fir_filter_generate_multipliers[0].multiplier_WALLACE_CSA_DUMMY_OP11_groupi_g6255/CO -       CI->CO F     ADDFX1         1   0.8    10    33     849    (-,-) 
  fir_filter_generate_multipliers[0].multiplier_WALLACE_CSA_DUMMY_OP11_groupi_g6254/CO -       CI->CO F     ADDFX1         1   0.8    10    33     882    (-,-) 
  fir_filter_generate_multipliers[0].multiplier_WALLACE_CSA_DUMMY_OP11_groupi_g6253/CO -       CI->CO F     ADDFX1         1   0.8    10    33     915    (-,-) 
  fir_filter_generate_multipliers[0].multiplier_WALLACE_CSA_DUMMY_OP11_groupi_g6252/CO -       CI->CO F     ADDFX1         1   0.8    10    33     948    (-,-) 
  fir_filter_generate_multipliers[0].multiplier_WALLACE_CSA_DUMMY_OP11_groupi_g6251/CO -       CI->CO F     ADDFX1         1   0.8    10    33     980    (-,-) 
  fir_filter_generate_multipliers[0].multiplier_WALLACE_CSA_DUMMY_OP11_groupi_g6250/CO -       CI->CO F     ADDFX1         1   0.8    10    33    1013    (-,-) 
  fir_filter_generate_multipliers[0].multiplier_WALLACE_CSA_DUMMY_OP11_groupi_g6249/CO -       CI->CO F     ADDFX1         1   0.8    10    33    1046    (-,-) 
  fir_filter_generate_multipliers[0].multiplier_WALLACE_CSA_DUMMY_OP11_groupi_g6248/CO -       CI->CO F     ADDFX1         1   0.8    10    33    1079    (-,-) 
  fir_filter_generate_multipliers[0].multiplier_WALLACE_CSA_DUMMY_OP11_groupi_g6247/S  -       CI->S  R     ADDFX1         1   0.5     7    47    1126    (-,-) 
  g52358/Y                                                                             -       A->Y   F     INVX1          2   0.8     6     7    1133    (-,-) 
  fir_filter_generate_multipliers[0].multiplier_inc_add_39_35_g291/Y                   -       B->Y   R     NAND2X1        2   0.6     8     7    1140    (-,-) 
  fir_filter_generate_multipliers[0].multiplier_inc_add_39_35_g289/Y                   -       A->Y   F     XNOR2X1        1   0.3     5    33    1173    (-,-) 
  g119099/Y                                                                            -       A1->Y  F     AO22XL         1   0.4     6    26    1199    (-,-) 
  fir_filter_sum_r_reg[0][22]/D                                                        <<<     -      F     DFFHQX1        1     -     -     0    1199    (-,-) 
#---------------------------------------------------------------------------------------------------------------------------------------------------------------

