============================================================
  Generated by:           Genus(TM) Synthesis Solution 21.18-s082_1
  Generated on:           Dec 08 2023  01:41:57 am
  Module:                 filter_top
  Operating conditions:   PVT_1P32V_0C (balanced_tree)
  Wireload mode:          enclosed
  Area mode:              timing library
============================================================


Path 1: MET (745 ps) Setup Check with Pin fir_filter/sum_r_reg[31][22]/CK->D
          Group: Clk
     Startpoint: (R) fir_filter/din_r_reg[4]/CK
          Clock: (R) Clk
       Endpoint: (R) fir_filter/sum_r_reg[31][22]/D
          Clock: (R) Clk

                     Capture       Launch     
        Clock Edge:+    2000            0     
       Src Latency:+       0            0     
       Net Latency:+       0 (I)        0 (I) 
           Arrival:=    2000            0     
                                              
             Setup:-      15                  
     Required Time:=    1985                  
      Launch Clock:-       0                  
         Data Path:-    1240                  
             Slack:=     745                  

#--------------------------------------------------------------------------------------------------------------------------------------------------------
#                                 Timing Point                                  Flags    Arc   Edge   Cell     Fanout  Load Trans Delay Arrival Instance 
#                                                                                                                      (fF)  (ps)  (ps)   (ps)  Location 
#--------------------------------------------------------------------------------------------------------------------------------------------------------
  fir_filter/din_r_reg[4]/CK                                                    -       -      R     (arrival)   1133     -     0     0       0    (-,-) 
  fir_filter/din_r_reg[4]/Q                                                     -       CK->Q  R     DFFRHQX1      11   5.0    30    55      55    (-,-) 
  fir_filter/g118042/Y                                                          -       A->Y   F     CLKINVX4     257 121.9   185   108     163    (-,-) 
  fir_filter/hi_fo_buf120564/Y                                                  -       A->Y   F     BUFX3        316 143.4   280   185     348    (-,-) 
  fir_filter/hi_fo_buf120558/Y                                                  -       A->Y   R     INVX1          1   1.5    62    65     413    (-,-) 
  fir_filter/hi_fo_buf120555/Y                                                  -       A->Y   F     INVX3        123  57.7   121    75     488    (-,-) 
  fir_filter/g116609/Y                                                          -       A->Y   R     NOR2XL         1   1.2    34    42     530    (-,-) 
  fir_filter/csa_tree_generate_multipliers[31].multiplier_add_51_23_I11_g6386/S -       A->S   F     ADDFX1         1   0.8    10    52     582    (-,-) 
  fir_filter/csa_tree_generate_multipliers[31].multiplier_add_51_23_I11_g6365/S -       CI->S  F     ADDFX1         1   0.8    10    39     621    (-,-) 
  fir_filter/csa_tree_generate_multipliers[31].multiplier_add_51_23_I11_g6350/S -       CI->S  R     ADDFX1         1   0.3     6    46     667    (-,-) 
  fir_filter/g120153/Y                                                          -       AN->Y  R     NOR2BX1        1   1.2    36    21     688    (-,-) 
  fir_filter/WALLACE_CSA_DUMMY_OP399_groupi_g1046/S                             -       A->S   F     ADDFX1         2   0.8    10    52     741    (-,-) 
  fir_filter/WALLACE_CSA_DUMMY_OP399_groupi_g1023/Y                             -       A1->Y  R     OAI21X1        2   0.6    16    14     755    (-,-) 
  fir_filter/WALLACE_CSA_DUMMY_OP399_groupi_g1022/Y                             -       C->Y   F     NAND3BXL       1   0.3    18    16     770    (-,-) 
  fir_filter/WALLACE_CSA_DUMMY_OP399_groupi_g1020/Y                             -       A1N->Y F     OAI2BB1X1      1   0.5    10    18     789    (-,-) 
  fir_filter/WALLACE_CSA_DUMMY_OP399_groupi_g1019/Y                             -       B0->Y  R     OAI21X1        2   0.6    16     8     797    (-,-) 
  fir_filter/WALLACE_CSA_DUMMY_OP399_groupi_g1018/Y                             -       C->Y   F     NAND3BXL       1   0.3    18    16     812    (-,-) 
  fir_filter/WALLACE_CSA_DUMMY_OP399_groupi_g1016/Y                             -       A1N->Y F     OAI2BB1X1      1   0.5    10    18     831    (-,-) 
  fir_filter/WALLACE_CSA_DUMMY_OP399_groupi_g1015/Y                             -       B0->Y  R     OAI21X1        1   0.5    15     8     839    (-,-) 
  fir_filter/WALLACE_CSA_DUMMY_OP399_groupi_g1014/Y                             -       B0->Y  F     OAI2BB1X1      1   0.8    14    14     853    (-,-) 
  fir_filter/WALLACE_CSA_DUMMY_OP399_groupi_g1013/CO                            -       CI->CO F     ADDFX1         1   0.8    10    33     886    (-,-) 
  fir_filter/WALLACE_CSA_DUMMY_OP399_groupi_g1012/CO                            -       CI->CO F     ADDFX1         1   0.8    10    33     919    (-,-) 
  fir_filter/WALLACE_CSA_DUMMY_OP399_groupi_g1011/CO                            -       CI->CO F     ADDFX1         1   0.8    10    33     952    (-,-) 
  fir_filter/WALLACE_CSA_DUMMY_OP399_groupi_g1010/CO                            -       CI->CO F     ADDFX1         1   0.8    10    33     985    (-,-) 
  fir_filter/WALLACE_CSA_DUMMY_OP399_groupi_g1009/CO                            -       CI->CO F     ADDFX1         1   0.8    10    33    1018    (-,-) 
  fir_filter/WALLACE_CSA_DUMMY_OP399_groupi_g1008/CO                            -       CI->CO F     ADDFX1         1   0.8    10    33    1050    (-,-) 
  fir_filter/WALLACE_CSA_DUMMY_OP399_groupi_g1007/CO                            -       CI->CO F     ADDFX1         1   0.8    10    33    1083    (-,-) 
  fir_filter/WALLACE_CSA_DUMMY_OP399_groupi_g1006/CO                            -       CI->CO F     ADDFX1         1   0.8    10    33    1116    (-,-) 
  fir_filter/WALLACE_CSA_DUMMY_OP399_groupi_g1005/CO                            -       CI->CO F     ADDFX1         1   0.8    10    33    1149    (-,-) 
  fir_filter/WALLACE_CSA_DUMMY_OP399_groupi_g1004/CO                            -       CI->CO F     ADDFX1         1   0.8    10    33    1182    (-,-) 
  fir_filter/WALLACE_CSA_DUMMY_OP399_groupi_g1003/CO                            -       CI->CO F     ADDFX1         1   0.6     9    32    1214    (-,-) 
  fir_filter/WALLACE_CSA_DUMMY_OP399_groupi_g1002/Y                             -       B->Y   R     XNOR2X1        1   0.4     5    26    1240    (-,-) 
  fir_filter/sum_r_reg[31][22]/D                                                <<<     -      R     DFFRHQX1       1     -     -     0    1240    (-,-) 
#--------------------------------------------------------------------------------------------------------------------------------------------------------

