============================================================
  Generated by:           Genus(TM) Synthesis Solution 21.18-s082_1
  Generated on:           Dec 08 2023  01:42:00 am
  Module:                 filter_top
  Operating conditions:   PVT_1P32V_0C (balanced_tree)
  Wireload mode:          enclosed
  Area mode:              timing library
============================================================

Timing
--------

Clock Period 
-------------
Clk   2000.0 


  Cost    Critical         Violating 
 Group   Path Slack  TNS     Paths   
-------------------------------------
Clk           745.1   0.0          0 
default    No paths   0.0            
-------------------------------------
Total                 0.0          0 

Instance Count
--------------
Leaf Instance Count             22093 
Physical Instance count             0 
Sequential Instance Count        1198 
Combinational Instance Count    20895 
Hierarchical Instance Count         2 

Area
----
Cell Area                          66597.318
Physical Cell Area                 0.000
Total Cell Area (Cell+Physical)    66597.318
Net Area                           0.000
Total Area (Cell+Physical+Net)     66597.318

Max Fanout                         1133 (Clk)
Min Fanout                         0 (fir_filter/generate_multipliers[1].multiplier_next_r2[23]_1053)
Average Fanout                     1.7
Terms to net ratio                 2.7839
Terms to instance ratio            3.8884
Runtime                            725.34953 seconds
Elapsed Runtime                    1172 seconds
Genus peak memory usage            2307.41 
Innovus peak memory usage          no_value 
Hostname                           arc-schaumont-class-vm.wpi.edu
