============================================================
  Generated by:           Genus(TM) Synthesis Solution 21.18-s082_1
  Generated on:           Dec 08 2023  09:28:14 am
  Module:                 filter_top
  Operating conditions:   PVT_1P32V_0C (balanced_tree)
  Wireload mode:          enclosed
  Area mode:              timing library
============================================================

Timing
--------

Clock  Period 
--------------
Clk   20000.0 


  Cost    Critical         Violating 
 Group   Path Slack  TNS     Paths   
-------------------------------------
Clk         18613.3   0.0          0 
default    No paths   0.0            
-------------------------------------
Total                 0.0          0 

Instance Count
--------------
Leaf Instance Count             22083 
Physical Instance count             0 
Sequential Instance Count        1198 
Combinational Instance Count    20885 
Hierarchical Instance Count         2 

Area
----
Cell Area                          66596.976
Physical Cell Area                 0.000
Total Cell Area (Cell+Physical)    66596.976
Net Area                           0.000
Total Area (Cell+Physical+Net)     66596.976

Max Fanout                         1133 (Clk)
Min Fanout                         0 (fir_filter/generate_multipliers[1].multiplier_next_r2[23]_1053)
Average Fanout                     1.7
Terms to net ratio                 2.7812
Terms to instance ratio            3.8892
Runtime                            716.9070100000004 seconds
Elapsed Runtime                    1034 seconds
Genus peak memory usage            2302.40 
Innovus peak memory usage          no_value 
Hostname                           arc-schaumont-class-vm.wpi.edu
