============================================================
  Generated by:           Genus(TM) Synthesis Solution 21.18-s082_1
  Generated on:           Dec 08 2023  06:10:42 am
  Module:                 filter_top
  Operating conditions:   ss_n40C_1v76 (balanced_tree)
  Wireload mode:          enclosed
  Area mode:              timing library
============================================================

Timing
--------

Clock Period 
-------------
Clk   8000.0 


  Cost    Critical         Violating 
 Group   Path Slack  TNS     Paths   
-------------------------------------
Clk             0.0   0.0          0 
default    No paths   0.0            
-------------------------------------
Total                 0.0          0 

Instance Count
--------------
Leaf Instance Count             38820 
Physical Instance count             0 
Sequential Instance Count        1198 
Combinational Instance Count    37622 
Hierarchical Instance Count         2 

Area
----
Cell Area                          326200.348
Physical Cell Area                 0.000
Total Cell Area (Cell+Physical)    326200.348
Net Area                           0.000
Total Area (Cell+Physical+Net)     326200.348

Max Fanout                         1133 (Clk)
Min Fanout                         0 (fir_filter/n_3439)
Average Fanout                     2.1
Terms to net ratio                 3.0796
Terms to instance ratio            3.4459
Runtime                            935.8894280000004 seconds
Elapsed Runtime                    1275 seconds
Genus peak memory usage            2728.01 
Innovus peak memory usage          no_value 
Hostname                           arc-schaumont-class-vm.wpi.edu
