============================================================
  Generated by:           Genus(TM) Synthesis Solution 21.18-s082_1
  Generated on:           Dec 08 2023  08:53:05 am
  Module:                 filter_top
  Operating conditions:   ss_n40C_1v76 (balanced_tree)
  Wireload mode:          enclosed
  Area mode:              timing library
============================================================

Timing
--------

Clock  Period 
--------------
Clk   17000.0 


  Cost    Critical         Violating 
 Group   Path Slack  TNS     Paths   
-------------------------------------
Clk             0.3   0.0          0 
default    No paths   0.0            
-------------------------------------
Total                 0.0          0 

Instance Count
--------------
Leaf Instance Count             24579 
Physical Instance count             0 
Sequential Instance Count        1198 
Combinational Instance Count    23381 
Hierarchical Instance Count         2 

Area
----
Cell Area                          262282.793
Physical Cell Area                 0.000
Total Cell Area (Cell+Physical)    262282.793
Net Area                           0.000
Total Area (Cell+Physical+Net)     262282.793

Max Fanout                         1133 (Clk)
Min Fanout                         0 (fir_filter/generate_multipliers[1].multiplier_next_r2[23]_1053)
Average Fanout                     1.8
Terms to net ratio                 2.8346
Terms to instance ratio            3.7907
Runtime                            771.7620340000008 seconds
Elapsed Runtime                    1108 seconds
Genus peak memory usage            2319.93 
Innovus peak memory usage          no_value 
Hostname                           arc-schaumont-class-vm.wpi.edu
