============================================================
  Generated by:           Genus(TM) Synthesis Solution 21.18-s082_1
  Generated on:           Dec 08 2023  07:05:10 am
  Module:                 filter_top
  Operating conditions:   ss_n40C_1v76 (balanced_tree)
  Wireload mode:          enclosed
  Area mode:              timing library
============================================================

Timing
--------

Clock  Period 
--------------
Clk   11000.0 


  Cost    Critical         Violating 
 Group   Path Slack  TNS     Paths   
-------------------------------------
Clk             1.2   0.0          0 
default    No paths   0.0            
-------------------------------------
Total                 0.0          0 

Instance Count
--------------
Leaf Instance Count             33696 
Physical Instance count             0 
Sequential Instance Count        1198 
Combinational Instance Count    32498 
Hierarchical Instance Count         2 

Area
----
Cell Area                          300468.169
Physical Cell Area                 0.000
Total Cell Area (Cell+Physical)    300468.169
Net Area                           0.000
Total Area (Cell+Physical+Net)     300468.169

Max Fanout                         1133 (Clk)
Min Fanout                         0 (fir_filter/n_2535)
Average Fanout                     2.0
Terms to net ratio                 3.0331
Terms to instance ratio            3.5230
Runtime                            809.6936359999987 seconds
Elapsed Runtime                    1150 seconds
Genus peak memory usage            2727.52 
Innovus peak memory usage          no_value 
Hostname                           arc-schaumont-class-vm.wpi.edu
