============================================================
  Generated by:           Genus(TM) Synthesis Solution 21.18-s082_1
  Generated on:           Dec 08 2023  11:33:41 am
  Module:                 filter_top
  Operating conditions:   ss_n40C_1v76 (balanced_tree)
  Wireload mode:          enclosed
  Area mode:              timing library
============================================================


Path 1: MET (6779 ps) Setup Check with Pin fir_filter/sum_r_reg[1][22]/CLK->D
          Group: Clk
     Startpoint: (R) fir_filter/din_r_reg[3]/CLK
          Clock: (R) Clk
       Endpoint: (F) fir_filter/sum_r_reg[1][22]/D
          Clock: (R) Clk

                     Capture       Launch     
        Clock Edge:+   26000            0     
       Src Latency:+       0            0     
       Net Latency:+       0 (I)        0 (I) 
           Arrival:=   26000            0     
                                              
             Setup:-     246                  
     Required Time:=   25754                  
      Launch Clock:-       0                  
         Data Path:-   18975                  
             Slack:=    6779                  

#--------------------------------------------------------------------------------------------------------------------------------------------------
#                    Timing Point                      Flags     Arc     Edge           Cell            Fanout  Load  Trans Delay Arrival Instance 
#                                                                                                               (fF)   (ps)  (ps)   (ps)  Location 
#--------------------------------------------------------------------------------------------------------------------------------------------------
  fir_filter/din_r_reg[3]/CLK                          -       -         R     (arrival)                  1133      -     0     0       0    (-,-) 
  fir_filter/din_r_reg[3]/Q                            -       CLK->Q    F     sky130_fd_sc_hd__dfrtp_1      4   46.4   276   748     748    (-,-) 
  fir_filter/g124202/Y                                 -       A->Y      R     sky130_fd_sc_hd__inv_16     463 1111.2  1469  1232    1980    (-,-) 
  fir_filter/g118925/Y                                 -       A->Y      F     sky130_fd_sc_hd__nor2_1       2    5.4   220   397    2377    (-,-) 
  fir_filter/WALLACE_CSA_DUMMY_OP401_groupi_g6430/COUT -       A->COUT   F     sky130_fd_sc_hd__ha_1         1    4.3    65   417    2794    (-,-) 
  fir_filter/WALLACE_CSA_DUMMY_OP401_groupi_g6406/SUM  -       CIN->SUM  F     sky130_fd_sc_hd__fa_1         1    4.3   114   805    3599    (-,-) 
  fir_filter/WALLACE_CSA_DUMMY_OP401_groupi_g6386/SUM  -       CIN->SUM  F     sky130_fd_sc_hd__fa_1         1    5.6   123   832    4431    (-,-) 
  fir_filter/WALLACE_CSA_DUMMY_OP401_groupi_g6362/COUT -       B->COUT   F     sky130_fd_sc_hd__fa_1         1    4.3   107   727    5158    (-,-) 
  fir_filter/WALLACE_CSA_DUMMY_OP401_groupi_g6350/COUT -       CIN->COUT F     sky130_fd_sc_hd__fa_1         1    4.3   107   678    5836    (-,-) 
  fir_filter/WALLACE_CSA_DUMMY_OP401_groupi_g6340/SUM  -       CIN->SUM  R     sky130_fd_sc_hd__fa_1         1    2.2    69   831    6667    (-,-) 
  fir_filter/g127620/Y                                 -       A->Y      F     sky130_fd_sc_hd__inv_1        1    2.1    23    49    6716    (-,-) 
  fir_filter/g6087/X                                   -       B1->X     F     sky130_fd_sc_hd__a22o_1       1    4.3    62   292    7009    (-,-) 
  fir_filter/WALLACE_CSA_DUMMY_OP_groupi_g1079/SUM     -       CIN->SUM  F     sky130_fd_sc_hd__fa_1         1    5.6   122   819    7828    (-,-) 
  fir_filter/WALLACE_CSA_DUMMY_OP_groupi_g1057/COUT    -       B->COUT   F     sky130_fd_sc_hd__fa_1         1    5.6   116   743    8570    (-,-) 
  fir_filter/WALLACE_CSA_DUMMY_OP_groupi_g1056/COUT    -       B->COUT   F     sky130_fd_sc_hd__fa_1         1    4.3   107   725    9295    (-,-) 
  fir_filter/WALLACE_CSA_DUMMY_OP_groupi_g1055/COUT    -       CIN->COUT F     sky130_fd_sc_hd__fa_1         1    4.3   107   678    9973    (-,-) 
  fir_filter/WALLACE_CSA_DUMMY_OP_groupi_g1054/COUT    -       CIN->COUT F     sky130_fd_sc_hd__fa_1         1    4.3   107   678   10650    (-,-) 
  fir_filter/WALLACE_CSA_DUMMY_OP_groupi_g1053/COUT    -       CIN->COUT F     sky130_fd_sc_hd__fa_1         1    4.3   107   678   11328    (-,-) 
  fir_filter/WALLACE_CSA_DUMMY_OP_groupi_g1052/COUT    -       CIN->COUT F     sky130_fd_sc_hd__fa_1         1    4.3   107   678   12006    (-,-) 
  fir_filter/WALLACE_CSA_DUMMY_OP_groupi_g1051/COUT    -       CIN->COUT F     sky130_fd_sc_hd__fa_1         1    4.3   107   678   12684    (-,-) 
  fir_filter/WALLACE_CSA_DUMMY_OP_groupi_g1050/COUT    -       CIN->COUT F     sky130_fd_sc_hd__fa_1         1    4.3   107   678   13361    (-,-) 
  fir_filter/WALLACE_CSA_DUMMY_OP_groupi_g1049/COUT    -       CIN->COUT F     sky130_fd_sc_hd__fa_1         1    4.3   107   678   14039    (-,-) 
  fir_filter/WALLACE_CSA_DUMMY_OP_groupi_g1048/COUT    -       CIN->COUT F     sky130_fd_sc_hd__fa_1         1    4.3   107   678   14717    (-,-) 
  fir_filter/WALLACE_CSA_DUMMY_OP_groupi_g1047/COUT    -       CIN->COUT F     sky130_fd_sc_hd__fa_1         1    4.3   107   678   15394    (-,-) 
  fir_filter/WALLACE_CSA_DUMMY_OP_groupi_g1046/COUT    -       CIN->COUT F     sky130_fd_sc_hd__fa_1         1    4.3   107   678   16072    (-,-) 
  fir_filter/WALLACE_CSA_DUMMY_OP_groupi_g1045/COUT    -       CIN->COUT F     sky130_fd_sc_hd__fa_1         1    4.3   107   678   16750    (-,-) 
  fir_filter/WALLACE_CSA_DUMMY_OP_groupi_g1044/COUT    -       CIN->COUT F     sky130_fd_sc_hd__fa_1         1    4.3   107   678   17427    (-,-) 
  fir_filter/WALLACE_CSA_DUMMY_OP_groupi_g1043/COUT    -       CIN->COUT F     sky130_fd_sc_hd__fa_1         1    4.3   107   678   18105    (-,-) 
  fir_filter/WALLACE_CSA_DUMMY_OP_groupi_g1042/COUT    -       CIN->COUT F     sky130_fd_sc_hd__fa_1         1    4.1   106   675   18780    (-,-) 
  fir_filter/WALLACE_CSA_DUMMY_OP_groupi_g1041/Y       -       A->Y      F     sky130_fd_sc_hd__xnor2_1      1    1.8    47   194   18975    (-,-) 
  fir_filter/sum_r_reg[1][22]/D                        <<<     -         F     sky130_fd_sc_hd__dfrtp_1      1      -     -     0   18975    (-,-) 
#--------------------------------------------------------------------------------------------------------------------------------------------------

