============================================================
  Generated by:           Genus(TM) Synthesis Solution 21.18-s082_1
  Generated on:           Dec 08 2023  05:14:04 am
  Module:                 filter_top
  Operating conditions:   ss_n40C_1v76 (balanced_tree)
  Wireload mode:          enclosed
  Area mode:              timing library
============================================================

Timing
--------

Clock Period 
-------------
Clk   5000.0 


  Cost    Critical         Violating 
 Group   Path Slack  TNS     Paths   
-------------------------------------
Clk             0.0   0.0          0 
default    No paths   0.0            
-------------------------------------
Total                 0.0          0 

Instance Count
--------------
Leaf Instance Count             92395 
Physical Instance count             0 
Sequential Instance Count        1198 
Combinational Instance Count    91197 
Hierarchical Instance Count         2 

Area
----
Cell Area                          514940.115
Physical Cell Area                 0.000
Total Cell Area (Cell+Physical)    514940.115
Net Area                           0.000
Total Area (Cell+Physical+Net)     514940.115

Max Fanout                         1133 (Clk)
Min Fanout                         0 (fir_filter/n_8201)
Average Fanout                     1.9
Terms to net ratio                 2.8886
Terms to instance ratio            2.9701
Runtime                            3073.180974000002 seconds
Elapsed Runtime                    3997 seconds
Genus peak memory usage            2728.38 
Innovus peak memory usage          no_value 
Hostname                           arc-schaumont-class-vm.wpi.edu
