============================================================
  Generated by:           Genus(TM) Synthesis Solution 21.18-s082_1
  Generated on:           Dec 08 2023  07:59:22 am
  Module:                 filter_top
  Operating conditions:   ss_n40C_1v76 (balanced_tree)
  Wireload mode:          enclosed
  Area mode:              timing library
============================================================


Path 1: MET (1 ps) Setup Check with Pin fir_filter/sum_r_reg[16][22]/CLK->SCD
          Group: Clk
     Startpoint: (R) fir_filter/din_r_reg[1]/CLK
          Clock: (R) Clk
       Endpoint: (F) fir_filter/sum_r_reg[16][22]/SCD
          Clock: (R) Clk

                     Capture       Launch     
        Clock Edge:+   14000            0     
       Src Latency:+       0            0     
       Net Latency:+       0 (I)        0 (I) 
           Arrival:=   14000            0     
                                              
             Setup:-     815                  
     Required Time:=   13185                  
      Launch Clock:-       0                  
         Data Path:-   13184                  
             Slack:=       1                  

#-----------------------------------------------------------------------------------------------------------------------------------------------
#                   Timing Point                    Flags     Arc     Edge           Cell             Fanout  Load Trans Delay Arrival Instance 
#                                                                                                             (fF)  (ps)  (ps)   (ps)  Location 
#-----------------------------------------------------------------------------------------------------------------------------------------------
  fir_filter/din_r_reg[1]/CLK                       -       -         R     (arrival)                   1133     -     0     0       0    (-,-) 
  fir_filter/din_r_reg[1]/Q_N                       -       CLK->Q_N  R     sky130_fd_sc_hd__dfrbp_1       2   6.5   107   751     751    (-,-) 
  fir_filter/g53141/Y                               -       A->Y      F     sky130_fd_sc_hd__inv_2         8  56.4   147   167     918    (-,-) 
  fir_filter/g126551/Y                              -       A->Y      R     sky130_fd_sc_hd__inv_2        56 134.4   944   774    1692    (-,-) 
  fir_filter/g120367/Y                              -       A->Y      F     sky130_fd_sc_hd__nor2_1        3   6.9   171   321    2013    (-,-) 
  fir_filter/WALLACE_CSA_DUMMY_OP269_groupi_g3714/Y -       B->Y      R     sky130_fd_sc_hd__nand2_1       3   8.6   150   216    2228    (-,-) 
  fir_filter/g133174/Y                              -       B1->Y     F     sky130_fd_sc_hd__o21ai_1       3   8.3   111   156    2384    (-,-) 
  fir_filter/addinc_add_235_30_I16_spec1_g606/Y     -       B->Y      R     sky130_fd_sc_hd__nor2_1        1   2.5   117   156    2540    (-,-) 
  fir_filter/addinc_add_235_30_I16_spec1_g589/Y     -       A2->Y     F     sky130_fd_sc_hd__o21ai_1       1   5.6    92   114    2653    (-,-) 
  fir_filter/addinc_add_235_30_I16_spec1_g588/COUT  -       B->COUT   F     sky130_fd_sc_hd__fa_1          2   6.8   125   745    3398    (-,-) 
  fir_filter/g133831/X                              -       C->X      F     sky130_fd_sc_hd__maj3_1        1   4.3   101   648    4046    (-,-) 
  fir_filter/addinc_add_235_30_I16_spec1_g584/COUT  -       CIN->COUT F     sky130_fd_sc_hd__fa_1          2   6.8   125   704    4750    (-,-) 
  fir_filter/g133082/X                              -       C->X      F     sky130_fd_sc_hd__maj3_1        2   5.9   113   664    5414    (-,-) 
  fir_filter/addinc_add_235_30_I16_spec1_g580/Y     -       B1->Y     R     sky130_fd_sc_hd__o21ai_1       1   2.3   143   132    5546    (-,-) 
  fir_filter/addinc_add_235_30_I16_spec1_g578/Y     -       A->Y      F     sky130_fd_sc_hd__nand2_1       2   5.9    74   119    5665    (-,-) 
  fir_filter/addinc_add_235_30_I16_spec1_g577/Y     -       B1->Y     R     sky130_fd_sc_hd__o21ai_1       1   2.3   143   111    5776    (-,-) 
  fir_filter/addinc_add_235_30_I16_spec1_g575/Y     -       A->Y      F     sky130_fd_sc_hd__nand2_1       2   5.9    74   119    5895    (-,-) 
  fir_filter/addinc_add_235_30_I16_spec1_g574/Y     -       B1->Y     R     sky130_fd_sc_hd__o21ai_1       1   2.3   143   111    6005    (-,-) 
  fir_filter/addinc_add_235_30_I16_spec1_g572/Y     -       A->Y      F     sky130_fd_sc_hd__nand2_1       2   5.5    71   116    6122    (-,-) 
  fir_filter/addinc_add_235_30_I16_spec1_g571/Y     -       B1->Y     R     sky130_fd_sc_hd__o21ai_0       1   2.3   182   104    6226    (-,-) 
  fir_filter/addinc_add_235_30_I16_spec1_g569/Y     -       A->Y      F     sky130_fd_sc_hd__nand2_1       2   5.9    80   134    6360    (-,-) 
  fir_filter/addinc_add_235_30_I16_spec1_g568/Y     -       B1->Y     R     sky130_fd_sc_hd__o21ai_1       1   2.3   143   114    6474    (-,-) 
  fir_filter/addinc_add_235_30_I16_spec1_g566/Y     -       A->Y      F     sky130_fd_sc_hd__nand2_1       2   5.5    71   116    6590    (-,-) 
  fir_filter/addinc_add_235_30_I16_spec1_g565/Y     -       B1->Y     R     sky130_fd_sc_hd__o21ai_0       1   2.3   182   104    6695    (-,-) 
  fir_filter/addinc_add_235_30_I16_spec1_g563/Y     -       A->Y      F     sky130_fd_sc_hd__nand2_1       2   5.9    80   134    6828    (-,-) 
  fir_filter/addinc_add_235_30_I16_spec1_g562/Y     -       B1->Y     R     sky130_fd_sc_hd__o21ai_1       1   2.3   143   114    6943    (-,-) 
  fir_filter/addinc_add_235_30_I16_spec1_g560/Y     -       A->Y      F     sky130_fd_sc_hd__nand2_1       2   7.4    85   130    7072    (-,-) 
  fir_filter/g133081/X                              -       C->X      F     sky130_fd_sc_hd__maj3_2        2   6.8    87   545    7617    (-,-) 
  fir_filter/g133080/X                              -       C->X      F     sky130_fd_sc_hd__maj3_1        1   4.3   101   635    8252    (-,-) 
  fir_filter/addinc_add_235_30_I16_spec1_g553/COUT  -       CIN->COUT F     sky130_fd_sc_hd__fa_1          1   4.3   107   675    8928    (-,-) 
  fir_filter/addinc_add_235_30_I16_spec1_g552/COUT  -       CIN->COUT F     sky130_fd_sc_hd__fa_1          1   4.3   107   678    9605    (-,-) 
  fir_filter/addinc_add_235_30_I16_spec1_g551/COUT  -       CIN->COUT F     sky130_fd_sc_hd__fa_1          1   4.3   107   678   10283    (-,-) 
  fir_filter/addinc_add_235_30_I16_spec1_g550/COUT  -       CIN->COUT F     sky130_fd_sc_hd__fa_1          1   4.3   107   678   10961    (-,-) 
  fir_filter/addinc_add_235_30_I16_spec1_g549/COUT  -       CIN->COUT F     sky130_fd_sc_hd__fa_1          1   4.3   107   678   11638    (-,-) 
  fir_filter/addinc_add_235_30_I16_spec1_g548/COUT  -       CIN->COUT F     sky130_fd_sc_hd__fa_1          1   4.3   107   678   12316    (-,-) 
  fir_filter/addinc_add_235_30_I16_spec1_g547/COUT  -       CIN->COUT F     sky130_fd_sc_hd__fa_1          1   4.1   106   675   12992    (-,-) 
  fir_filter/addinc_add_235_30_I16_spec1_g546/Y     -       A->Y      F     sky130_fd_sc_hd__xnor2_1       1   1.6    46   192   13184    (-,-) 
  fir_filter/sum_r_reg[16][22]/SCD                  <<<     -         F     sky130_fd_sc_hd__sdfrtp_1      1     -     -     0   13184    (-,-) 
#-----------------------------------------------------------------------------------------------------------------------------------------------

