============================================================
  Generated by:           Genus(TM) Synthesis Solution 21.18-s082_1
  Generated on:           Dec 08 2023  08:53:03 am
  Module:                 filter_top
  Operating conditions:   ss_n40C_1v76 (balanced_tree)
  Wireload mode:          enclosed
  Area mode:              timing library
============================================================


Path 1: MET (0 ps) Setup Check with Pin fir_filter/sum_r_reg[31][22]/CLK->D
          Group: Clk
     Startpoint: (R) fir_filter/din_r_reg[4]/CLK
          Clock: (R) Clk
       Endpoint: (F) fir_filter/sum_r_reg[31][22]/D
          Clock: (R) Clk

                     Capture       Launch     
        Clock Edge:+   17000            0     
       Src Latency:+       0            0     
       Net Latency:+       0 (I)        0 (I) 
           Arrival:=   17000            0     
                                              
             Setup:-     246                  
     Required Time:=   16754                  
      Launch Clock:-       0                  
         Data Path:-   16754                  
             Slack:=       0                  

#----------------------------------------------------------------------------------------------------------------------------------------------------
#                    Timing Point                      Flags     Arc     Edge            Cell             Fanout  Load  Trans Delay Arrival Instance 
#                                                                                                                 (fF)   (ps)  (ps)   (ps)  Location 
#----------------------------------------------------------------------------------------------------------------------------------------------------
  fir_filter/din_r_reg[4]/CLK                          -       -         R     (arrival)                    1133      -     0     0       0    (-,-) 
  fir_filter/din_r_reg[4]/Q                            -       CLK->Q    R     sky130_fd_sc_hd__dfrtp_1        7   50.3   670   918     918    (-,-) 
  fir_filter/g128344/Y                                 -       A->Y      F     sky130_fd_sc_hd__clkinv_16    637 1401.4  1028  1082    2001    (-,-) 
  fir_filter/g118552/Y                                 -       A->Y      R     sky130_fd_sc_hd__nor2_1         2    5.8   277   644    2644    (-,-) 
  fir_filter/WALLACE_CSA_DUMMY_OP461_groupi_g3569/X    -       B->X      R     sky130_fd_sc_hd__xor2_1         3    7.8   323   401    3045    (-,-) 
  fir_filter/WALLACE_CSA_DUMMY_OP461_groupi_g3502/Y    -       B2->Y     F     sky130_fd_sc_hd__o2bb2ai_1      1    4.0    75   169    3214    (-,-) 
  fir_filter/WALLACE_CSA_DUMMY_OP461_groupi_g3467/X    -       A->X      F     sky130_fd_sc_hd__xor2_1         3    6.1   105   283    3497    (-,-) 
  fir_filter/g135023/X                                 -       C->X      F     sky130_fd_sc_hd__maj3_1         2    6.8   120   666    4163    (-,-) 
  fir_filter/WALLACE_CSA_DUMMY_OP461_groupi_g3369/X    -       A->X      F     sky130_fd_sc_hd__xor2_1         2    3.4    75   290    4453    (-,-) 
  fir_filter/WALLACE_CSA_DUMMY_OP461_groupi_g3610/X    -       B->X      F     sky130_fd_sc_hd__or2_0          2    4.2    85   354    4806    (-,-) 
  fir_filter/WALLACE_CSA_DUMMY_OP461_groupi_g3334/Y    -       A->Y      R     sky130_fd_sc_hd__nand2_1        1    4.4    90   116    4922    (-,-) 
  fir_filter/g134639/X                                 -       B->X      F     sky130_fd_sc_hd__xor2_1         1    2.1    47    83    5005    (-,-) 
  fir_filter/g131408/X                                 -       B1->X     F     sky130_fd_sc_hd__a22o_1         1    4.3    62   301    5306    (-,-) 
  fir_filter/WALLACE_CSA_DUMMY_OP399_groupi_g1055/SUM  -       CIN->SUM  F     sky130_fd_sc_hd__fa_1           1    2.5   100   781    6087    (-,-) 
  fir_filter/WALLACE_CSA_DUMMY_OP399_groupi_g1034/X    -       A->X      F     sky130_fd_sc_hd__maj3_1         1    2.8    89   617    6704    (-,-) 
  fir_filter/g135006/X                                 -       C->X      F     sky130_fd_sc_hd__maj3_1         1    2.3    85   614    7318    (-,-) 
  fir_filter/g135005/X                                 -       B->X      F     sky130_fd_sc_hd__maj3_1         1    2.3    85   590    7907    (-,-) 
  fir_filter/WALLACE_CSA_DUMMY_OP399_groupi_g1028/X    -       B->X      F     sky130_fd_sc_hd__maj3_1         1    2.3    85   590    8497    (-,-) 
  fir_filter/WALLACE_CSA_DUMMY_OP399_groupi_g1027/X    -       B->X      F     sky130_fd_sc_hd__maj3_1         1    4.3   101   613    9110    (-,-) 
  fir_filter/WALLACE_CSA_DUMMY_OP399_groupi_g1026/COUT -       CIN->COUT F     sky130_fd_sc_hd__fa_1           1    4.3   107   675    9785    (-,-) 
  fir_filter/WALLACE_CSA_DUMMY_OP399_groupi_g1025/COUT -       CIN->COUT F     sky130_fd_sc_hd__fa_1           1    4.3   107   678   10462    (-,-) 
  fir_filter/WALLACE_CSA_DUMMY_OP399_groupi_g1024/COUT -       CIN->COUT F     sky130_fd_sc_hd__fa_1           1    4.3   107   678   11140    (-,-) 
  fir_filter/WALLACE_CSA_DUMMY_OP399_groupi_g1023/COUT -       CIN->COUT F     sky130_fd_sc_hd__fa_1           1    4.3   107   678   11818    (-,-) 
  fir_filter/WALLACE_CSA_DUMMY_OP399_groupi_g1022/COUT -       CIN->COUT F     sky130_fd_sc_hd__fa_1           1    4.3   107   678   12495    (-,-) 
  fir_filter/WALLACE_CSA_DUMMY_OP399_groupi_g1021/COUT -       CIN->COUT F     sky130_fd_sc_hd__fa_1           1    4.3   107   678   13173    (-,-) 
  fir_filter/WALLACE_CSA_DUMMY_OP399_groupi_g1020/COUT -       CIN->COUT F     sky130_fd_sc_hd__fa_1           1    4.3   107   678   13851    (-,-) 
  fir_filter/WALLACE_CSA_DUMMY_OP399_groupi_g1019/COUT -       CIN->COUT F     sky130_fd_sc_hd__fa_1           1    4.3   107   678   14528    (-,-) 
  fir_filter/WALLACE_CSA_DUMMY_OP399_groupi_g1018/COUT -       CIN->COUT F     sky130_fd_sc_hd__fa_1           1    4.3   107   678   15206    (-,-) 
  fir_filter/WALLACE_CSA_DUMMY_OP399_groupi_g1017/COUT -       CIN->COUT F     sky130_fd_sc_hd__fa_1           1    4.3   107   678   15884    (-,-) 
  fir_filter/WALLACE_CSA_DUMMY_OP399_groupi_g1016/COUT -       CIN->COUT F     sky130_fd_sc_hd__fa_1           1    4.1   106   675   16559    (-,-) 
  fir_filter/WALLACE_CSA_DUMMY_OP399_groupi_g1015/Y    -       A->Y      F     sky130_fd_sc_hd__xnor2_1        1    1.8    47   194   16754    (-,-) 
  fir_filter/sum_r_reg[31][22]/D                       <<<     -         F     sky130_fd_sc_hd__dfrtp_1        1      -     -     0   16754    (-,-) 
#----------------------------------------------------------------------------------------------------------------------------------------------------

