============================================================
  Generated by:           Genus(TM) Synthesis Solution 21.18-s082_1
  Generated on:           Dec 08 2023  07:05:08 am
  Module:                 filter_top
  Operating conditions:   ss_n40C_1v76 (balanced_tree)
  Wireload mode:          enclosed
  Area mode:              timing library
============================================================


Path 1: MET (1 ps) Setup Check with Pin fir_filter/sum_r_reg[31][22]/CLK->SCD
          Group: Clk
     Startpoint: (R) fir_filter/din_r_reg[7]/CLK
          Clock: (R) Clk
       Endpoint: (F) fir_filter/sum_r_reg[31][22]/SCD
          Clock: (R) Clk

                     Capture       Launch     
        Clock Edge:+   11000            0     
       Src Latency:+       0            0     
       Net Latency:+       0 (I)        0 (I) 
           Arrival:=   11000            0     
                                              
             Setup:-     817                  
     Required Time:=   10183                  
      Launch Clock:-       0                  
         Data Path:-   10182                  
             Slack:=       1                  

#--------------------------------------------------------------------------------------------------------------------------------------------------
#                    Timing Point                      Flags     Arc     Edge           Cell             Fanout  Load Trans Delay Arrival Instance 
#                                                                                                                (fF)  (ps)  (ps)   (ps)  Location 
#--------------------------------------------------------------------------------------------------------------------------------------------------
  fir_filter/din_r_reg[7]/CLK                          -       -         R     (arrival)                   1133     -     0     0       0    (-,-) 
  fir_filter/din_r_reg[7]/Q_N                          -       CLK->Q_N  R     sky130_fd_sc_hd__dfrbp_2      19  56.5   481  1150    1150    (-,-) 
  fir_filter/g53153/Y                                  -       A->Y      F     sky130_fd_sc_hd__inv_6        47 111.3   168   276    1426    (-,-) 
  fir_filter/g130529/Y                                 -       A->Y      R     sky130_fd_sc_hd__inv_16      181 441.0   596   539    1966    (-,-) 
  fir_filter/g124136/Y                                 -       A->Y      F     sky130_fd_sc_hd__nor2_1        2   7.0   128   250    2216    (-,-) 
  fir_filter/WALLACE_CSA_DUMMY_OP299_groupi_g3685/COUT -       A->COUT   F     sky130_fd_sc_hd__ha_1          2   6.6    79   383    2599    (-,-) 
  fir_filter/g139051/X                                 -       A->X      F     sky130_fd_sc_hd__maj3_1        2   7.4   123   651    3250    (-,-) 
  fir_filter/g139025/X                                 -       C->X      F     sky130_fd_sc_hd__maj3_2        2   6.8    87   560    3809    (-,-) 
  fir_filter/g139012/X                                 -       C->X      F     sky130_fd_sc_hd__maj3_1        2   6.4   116   656    4465    (-,-) 
  fir_filter/g139007/X                                 -       B->X      F     sky130_fd_sc_hd__xor2_1        1   4.1    81   266    4731    (-,-) 
  fir_filter/WALLACE_CSA_DUMMY_OP299_groupi_g3354/X    -       B->X      F     sky130_fd_sc_hd__xor2_1        2   6.8   100   265    4996    (-,-) 
  fir_filter/g138992/X                                 -       C->X      F     sky130_fd_sc_hd__maj3_1        2   3.4    94   631    5626    (-,-) 
  fir_filter/WALLACE_CSA_DUMMY_OP299_groupi_g3270/X    -       A->X      F     sky130_fd_sc_hd__or2_0         2   4.2    85   392    6018    (-,-) 
  fir_filter/WALLACE_CSA_DUMMY_OP299_groupi_g3262/Y    -       B->Y      R     sky130_fd_sc_hd__nand2_1       1   4.4    90   127    6145    (-,-) 
  fir_filter/g140236/X                                 -       B->X      F     sky130_fd_sc_hd__xor2_1        3   8.4    95   123    6268    (-,-) 
  fir_filter/addinc_add_235_30_I31_spec1_g507/Y        -       A2->Y     R     sky130_fd_sc_hd__o21ai_1       1   2.3   143   194    6463    (-,-) 
  fir_filter/addinc_add_235_30_I31_spec1_g505/Y        -       A->Y      F     sky130_fd_sc_hd__nand2_1       2   5.9    74   119    6582    (-,-) 
  fir_filter/addinc_add_235_30_I31_spec1_g504/Y        -       B1->Y     R     sky130_fd_sc_hd__o21ai_1       1   2.3   143   111    6693    (-,-) 
  fir_filter/addinc_add_235_30_I31_spec1_g502/Y        -       A->Y      F     sky130_fd_sc_hd__nand2_1       2   5.5    71   116    6809    (-,-) 
  fir_filter/addinc_add_235_30_I31_spec1_g501/Y        -       B1->Y     R     sky130_fd_sc_hd__o21ai_0       1   2.3   182   104    6913    (-,-) 
  fir_filter/addinc_add_235_30_I31_spec1_g499/Y        -       A->Y      F     sky130_fd_sc_hd__nand2_1       2   5.5    77   130    7044    (-,-) 
  fir_filter/addinc_add_235_30_I31_spec1_g498/Y        -       B1->Y     R     sky130_fd_sc_hd__o21ai_0       1   2.3   182   108    7152    (-,-) 
  fir_filter/addinc_add_235_30_I31_spec1_g496/Y        -       A->Y      F     sky130_fd_sc_hd__nand2_1       2   5.5    77   130    7282    (-,-) 
  fir_filter/addinc_add_235_30_I31_spec1_g495/Y        -       B1->Y     R     sky130_fd_sc_hd__o21ai_0       1   2.3   182   108    7390    (-,-) 
  fir_filter/addinc_add_235_30_I31_spec1_g493/Y        -       A->Y      F     sky130_fd_sc_hd__nand2_1       2   5.5    77   130    7520    (-,-) 
  fir_filter/addinc_add_235_30_I31_spec1_g492/Y        -       B1->Y     R     sky130_fd_sc_hd__o21ai_0       1   2.3   182   108    7628    (-,-) 
  fir_filter/addinc_add_235_30_I31_spec1_g490/Y        -       A->Y      F     sky130_fd_sc_hd__nand2_1       2   5.6    78   131    7760    (-,-) 
  fir_filter/addinc_add_235_30_I31_spec1_g489/Y        -       B1->Y     R     sky130_fd_sc_hd__o21ai_0       1   2.3   182   108    7868    (-,-) 
  fir_filter/addinc_add_235_30_I31_spec1_g487/Y        -       A->Y      F     sky130_fd_sc_hd__nand2_1       1   4.3    69   121    7988    (-,-) 
  fir_filter/addinc_add_235_30_I31_spec1_g486/COUT     -       CIN->COUT F     sky130_fd_sc_hd__fa_1          1   4.3   107   662    8650    (-,-) 
  fir_filter/addinc_add_235_30_I31_spec1_g485/COUT     -       CIN->COUT F     sky130_fd_sc_hd__fa_1          1   4.3   107   678    9328    (-,-) 
  fir_filter/addinc_add_235_30_I31_spec1_g484/COUT     -       CIN->COUT F     sky130_fd_sc_hd__fa_1          1   4.2   106   676   10005    (-,-) 
  fir_filter/addinc_add_235_30_I31_spec1_g483/Y        -       B->Y      F     sky130_fd_sc_hd__xnor2_1       1   1.6    51   177   10182    (-,-) 
  fir_filter/sum_r_reg[31][22]/SCD                     <<<     -         F     sky130_fd_sc_hd__sdfrtp_1      1     -     -     0   10182    (-,-) 
#--------------------------------------------------------------------------------------------------------------------------------------------------

