============================================================
  Generated by:           Genus(TM) Synthesis Solution 21.18-s082_1
  Generated on:           Dec 08 2023  05:13:56 am
  Module:                 filter_top
  Operating conditions:   ss_n40C_1v76 (balanced_tree)
  Wireload mode:          enclosed
  Area mode:              timing library
============================================================


Path 1: MET (0 ps) Setup Check with Pin fir_filter/sum_r_reg[26][22]/CLK->D
          Group: Clk
     Startpoint: (R) fir_filter/coefficients_r_reg[5][1]/CLK
          Clock: (R) Clk
       Endpoint: (F) fir_filter/sum_r_reg[26][22]/D
          Clock: (R) Clk

                     Capture       Launch     
        Clock Edge:+    5000            0     
       Src Latency:+       0            0     
       Net Latency:+       0 (I)        0 (I) 
           Arrival:=    5000            0     
                                              
             Setup:-     235                  
     Required Time:=    4765                  
      Launch Clock:-       0                  
         Data Path:-    4765                  
             Slack:=       0                  

#-------------------------------------------------------------------------------------------------------------------------------------------
#                   Timing Point                    Flags    Arc   Edge           Cell             Fanout Load Trans Delay Arrival Instance 
#                                                                                                         (fF)  (ps)  (ps)   (ps)  Location 
#-------------------------------------------------------------------------------------------------------------------------------------------
  fir_filter/coefficients_r_reg[5][1]/CLK           -       -      R     (arrival)                   1133    -     0     0       0    (-,-) 
  fir_filter/coefficients_r_reg[5][1]/Q             -       CLK->Q F     sky130_fd_sc_hd__sdfrtp_1      3  8.8    86   524     524    (-,-) 
  fir_filter/g275252/Y                              -       A->Y   R     sky130_fd_sc_hd__clkinv_2      2  6.7    50    90     614    (-,-) 
  fir_filter/g275249/Y                              -       D->Y   F     sky130_fd_sc_hd__nand4_1       2  4.2   110   138     752    (-,-) 
  fir_filter/fopt252457/Y                           -       A->Y   R     sky130_fd_sc_hd__inv_1         3  7.1   101   139     891    (-,-) 
  fir_filter/g223499/Y                              -       B->Y   F     sky130_fd_sc_hd__nand4_1       1  4.0   109   142    1033    (-,-) 
  fir_filter/g223498/Y                              -       B->Y   R     sky130_fd_sc_hd__nand2_2       4  7.4    90   144    1177    (-,-) 
  fir_filter/fopt265433/Y                           -       A->Y   F     sky130_fd_sc_hd__inv_1         1  4.1    35    67    1244    (-,-) 
  fir_filter/fopt265432/Y                           -       A->Y   R     sky130_fd_sc_hd__inv_2         5 10.8    87    94    1338    (-,-) 
  fir_filter/g186495/X                              -       A->X   R     sky130_fd_sc_hd__and2_1        3  9.2   164   248    1587    (-,-) 
  fir_filter/WALLACE_CSA_DUMMY_OP289_groupi_g7896/Y -       A->Y   F     sky130_fd_sc_hd__inv_2         2  4.3    37    75    1661    (-,-) 
  fir_filter/WALLACE_CSA_DUMMY_OP289_groupi_g8021/Y -       B->Y   R     sky130_fd_sc_hd__nand2b_1      1  2.3    69    86    1748    (-,-) 
  fir_filter/WALLACE_CSA_DUMMY_OP289_groupi_g7612/Y -       A->Y   F     sky130_fd_sc_hd__nand2_1       2  4.2    64    76    1824    (-,-) 
  fir_filter/WALLACE_CSA_DUMMY_OP289_groupi_g7578/Y -       A->Y   R     sky130_fd_sc_hd__nand2_1       3  6.8   123   130    1954    (-,-) 
  fir_filter/g195298/Y                              -       A->Y   F     sky130_fd_sc_hd__inv_1         1  2.1    33    69    2023    (-,-) 
  fir_filter/g195297/Y                              -       A->Y   R     sky130_fd_sc_hd__nand2_1       1  2.3    61    68    2091    (-,-) 
  fir_filter/g195296/Y                              -       A->Y   F     sky130_fd_sc_hd__nand2_1       1  2.1    37    59    2150    (-,-) 
  fir_filter/g195295/Y                              -       A->Y   R     sky130_fd_sc_hd__nand2_1       3  5.6   106   104    2254    (-,-) 
  fir_filter/g294153/Y                              -       A_N->Y R     sky130_fd_sc_hd__nand2b_1      1  2.3    69   153    2406    (-,-) 
  fir_filter/g195292/Y                              -       A->Y   F     sky130_fd_sc_hd__nand2_1       3  8.5    88   105    2511    (-,-) 
  fir_filter/g195287/Y                              -       B->Y   R     sky130_fd_sc_hd__xnor2_1       1  4.4   239   269    2780    (-,-) 
  fir_filter/g275087/Y                              -       B->Y   R     sky130_fd_sc_hd__xnor2_1       3  6.1   296   251    3031    (-,-) 
  fir_filter/g275085/X                              -       B->X   R     sky130_fd_sc_hd__or2_0         2  4.0   114   252    3283    (-,-) 
  fir_filter/fopt214679/X                           -       A->X   R     sky130_fd_sc_hd__buf_2         2  5.4    58   173    3455    (-,-) 
  fir_filter/g281270/Y                              -       A->Y   F     sky130_fd_sc_hd__clkinv_1      1  2.1    32    62    3518    (-,-) 
  fir_filter/g281268/Y                              -       B->Y   R     sky130_fd_sc_hd__nor2_1        1  2.3   111   117    3635    (-,-) 
  fir_filter/g281267/Y                              -       B->Y   F     sky130_fd_sc_hd__nand2_1       2  4.2    55    98    3732    (-,-) 
  fir_filter/g281271/Y                              -       A->Y   R     sky130_fd_sc_hd__nand2_1       1  3.1    73    87    3820    (-,-) 
  fir_filter/g214676/Y                              -       A->Y   F     sky130_fd_sc_hd__clkinv_1      1  2.1    34    69    3888    (-,-) 
  fir_filter/g214675/Y                              -       A->Y   R     sky130_fd_sc_hd__nand2_1       4  9.3   157   140    4028    (-,-) 
  fir_filter/g215906/Y                              -       A1->Y  F     sky130_fd_sc_hd__o21ai_1       1  2.1    49   115    4143    (-,-) 
  fir_filter/g215905/Y                              -       A->Y   R     sky130_fd_sc_hd__inv_1         1  4.4    68    84    4227    (-,-) 
  fir_filter/g260062/Y                              -       A->Y   F     sky130_fd_sc_hd__nand2_2       3  6.3    46    70    4297    (-,-) 
  fir_filter/g277114/Y                              -       B->Y   R     sky130_fd_sc_hd__nand2_1       2  4.7    94   110    4407    (-,-) 
  fir_filter/g205454/Y                              -       A->Y   F     sky130_fd_sc_hd__nand3_1       1  2.1    61    91    4498    (-,-) 
  fir_filter/g205453/Y                              -       A->Y   R     sky130_fd_sc_hd__nand2_1       1  2.3    62    82    4580    (-,-) 
  fir_filter/g287219/Y                              -       A->Y   F     sky130_fd_sc_hd__nand2_1       1  2.1    37    59    4639    (-,-) 
  fir_filter/g287218/Y                              -       A->Y   R     sky130_fd_sc_hd__nand2_1       1  2.3    61    69    4708    (-,-) 
  fir_filter/g287217/Y                              -       A->Y   F     sky130_fd_sc_hd__nand2_1       1  1.8    32    57    4765    (-,-) 
  fir_filter/sum_r_reg[26][22]/D                    <<<     -      F     sky130_fd_sc_hd__dfrbp_1       1    -     -     0    4765    (-,-) 
#-------------------------------------------------------------------------------------------------------------------------------------------

