============================================================
  Generated by:           Genus(TM) Synthesis Solution 21.18-s082_1
  Generated on:           Dec 08 2023  10:39:45 am
  Module:                 filter_top
  Operating conditions:   ss_n40C_1v76 (balanced_tree)
  Wireload mode:          enclosed
  Area mode:              timing library
============================================================


Path 1: MET (3826 ps) Setup Check with Pin fir_filter/sum_r_reg[1][22]/CLK->D
          Group: Clk
     Startpoint: (R) fir_filter/din_r_reg[3]/CLK
          Clock: (R) Clk
       Endpoint: (F) fir_filter/sum_r_reg[1][22]/D
          Clock: (R) Clk

                     Capture       Launch     
        Clock Edge:+   23000            0     
       Src Latency:+       0            0     
       Net Latency:+       0 (I)        0 (I) 
           Arrival:=   23000            0     
                                              
             Setup:-     246                  
     Required Time:=   22754                  
      Launch Clock:-       0                  
         Data Path:-   18928                  
             Slack:=    3826                  

#----------------------------------------------------------------------------------------------------------------------------------------------------
#                    Timing Point                      Flags     Arc     Edge            Cell             Fanout  Load  Trans Delay Arrival Instance 
#                                                                                                                 (fF)   (ps)  (ps)   (ps)  Location 
#----------------------------------------------------------------------------------------------------------------------------------------------------
  fir_filter/din_r_reg[3]/CLK                          -       -         R     (arrival)                    1133      -     0     0       0    (-,-) 
  fir_filter/din_r_reg[3]/Q                            -       CLK->Q    R     sky130_fd_sc_hd__dfrtp_1        3   43.2   578   851     851    (-,-) 
  fir_filter/hi_fo_buf130648/Y                         -       A->Y      F     sky130_fd_sc_hd__clkinv_16    625 1375.0  1008  1026    1877    (-,-) 
  fir_filter/g118925/Y                                 -       A->Y      R     sky130_fd_sc_hd__nor2_1         2    5.6   270   631    2508    (-,-) 
  fir_filter/WALLACE_CSA_DUMMY_OP401_groupi_g6430/SUM  -       A->SUM    F     sky130_fd_sc_hd__ha_1           1    4.3    82   436    2944    (-,-) 
  fir_filter/WALLACE_CSA_DUMMY_OP401_groupi_g6405/SUM  -       CIN->SUM  F     sky130_fd_sc_hd__fa_1           1    4.3   114   809    3752    (-,-) 
  fir_filter/WALLACE_CSA_DUMMY_OP401_groupi_g6380/COUT -       CIN->COUT F     sky130_fd_sc_hd__fa_1           1    4.3   107   681    4433    (-,-) 
  fir_filter/WALLACE_CSA_DUMMY_OP401_groupi_g6362/COUT -       CIN->COUT F     sky130_fd_sc_hd__fa_1           1    4.3   107   678    5111    (-,-) 
  fir_filter/WALLACE_CSA_DUMMY_OP401_groupi_g6350/COUT -       CIN->COUT F     sky130_fd_sc_hd__fa_1           1    4.3   107   678    5788    (-,-) 
  fir_filter/WALLACE_CSA_DUMMY_OP401_groupi_g6340/SUM  -       CIN->SUM  R     sky130_fd_sc_hd__fa_1           1    2.2    69   831    6620    (-,-) 
  fir_filter/g128420/Y                                 -       A->Y      F     sky130_fd_sc_hd__inv_1          1    2.1    23    49    6669    (-,-) 
  fir_filter/g6087/X                                   -       B1->X     F     sky130_fd_sc_hd__a22o_1         1    4.3    62   292    6961    (-,-) 
  fir_filter/WALLACE_CSA_DUMMY_OP_groupi_g1079/SUM     -       CIN->SUM  F     sky130_fd_sc_hd__fa_1           1    5.6   122   819    7780    (-,-) 
  fir_filter/WALLACE_CSA_DUMMY_OP_groupi_g1057/COUT    -       B->COUT   F     sky130_fd_sc_hd__fa_1           1    5.6   116   743    8523    (-,-) 
  fir_filter/WALLACE_CSA_DUMMY_OP_groupi_g1056/COUT    -       B->COUT   F     sky130_fd_sc_hd__fa_1           1    4.3   107   725    9248    (-,-) 
  fir_filter/WALLACE_CSA_DUMMY_OP_groupi_g1055/COUT    -       CIN->COUT F     sky130_fd_sc_hd__fa_1           1    4.3   107   678    9925    (-,-) 
  fir_filter/WALLACE_CSA_DUMMY_OP_groupi_g1054/COUT    -       CIN->COUT F     sky130_fd_sc_hd__fa_1           1    4.3   107   678   10603    (-,-) 
  fir_filter/WALLACE_CSA_DUMMY_OP_groupi_g1053/COUT    -       CIN->COUT F     sky130_fd_sc_hd__fa_1           1    4.3   107   678   11281    (-,-) 
  fir_filter/WALLACE_CSA_DUMMY_OP_groupi_g1052/COUT    -       CIN->COUT F     sky130_fd_sc_hd__fa_1           1    4.3   107   678   11958    (-,-) 
  fir_filter/WALLACE_CSA_DUMMY_OP_groupi_g1051/COUT    -       CIN->COUT F     sky130_fd_sc_hd__fa_1           1    4.3   107   678   12636    (-,-) 
  fir_filter/WALLACE_CSA_DUMMY_OP_groupi_g1050/COUT    -       CIN->COUT F     sky130_fd_sc_hd__fa_1           1    4.3   107   678   13314    (-,-) 
  fir_filter/WALLACE_CSA_DUMMY_OP_groupi_g1049/COUT    -       CIN->COUT F     sky130_fd_sc_hd__fa_1           1    4.3   107   678   13992    (-,-) 
  fir_filter/WALLACE_CSA_DUMMY_OP_groupi_g1048/COUT    -       CIN->COUT F     sky130_fd_sc_hd__fa_1           1    4.3   107   678   14669    (-,-) 
  fir_filter/WALLACE_CSA_DUMMY_OP_groupi_g1047/COUT    -       CIN->COUT F     sky130_fd_sc_hd__fa_1           1    4.3   107   678   15347    (-,-) 
  fir_filter/WALLACE_CSA_DUMMY_OP_groupi_g1046/COUT    -       CIN->COUT F     sky130_fd_sc_hd__fa_1           1    4.3   107   678   16025    (-,-) 
  fir_filter/WALLACE_CSA_DUMMY_OP_groupi_g1045/COUT    -       CIN->COUT F     sky130_fd_sc_hd__fa_1           1    4.3   107   678   16702    (-,-) 
  fir_filter/WALLACE_CSA_DUMMY_OP_groupi_g1044/COUT    -       CIN->COUT F     sky130_fd_sc_hd__fa_1           1    4.3   107   678   17380    (-,-) 
  fir_filter/WALLACE_CSA_DUMMY_OP_groupi_g1043/COUT    -       CIN->COUT F     sky130_fd_sc_hd__fa_1           1    4.3   107   678   18058    (-,-) 
  fir_filter/WALLACE_CSA_DUMMY_OP_groupi_g1042/COUT    -       CIN->COUT F     sky130_fd_sc_hd__fa_1           1    4.1   106   675   18733    (-,-) 
  fir_filter/WALLACE_CSA_DUMMY_OP_groupi_g1041/Y       -       A->Y      F     sky130_fd_sc_hd__xnor2_1        1    1.8    47   194   18928    (-,-) 
  fir_filter/sum_r_reg[1][22]/D                        <<<     -         F     sky130_fd_sc_hd__dfrtp_1        1      -     -     0   18928    (-,-) 
#----------------------------------------------------------------------------------------------------------------------------------------------------

