============================================================
  Generated by:           Genus(TM) Synthesis Solution 21.18-s082_1
  Generated on:           Dec 08 2023  03:32:02 am
  Module:                 filter_top
  Operating conditions:   ss_n40C_1v76 (balanced_tree)
  Wireload mode:          enclosed
  Area mode:              timing library
============================================================

Timing
--------

Clock Period 
-------------
Clk   2000.0 


  Cost    Critical                Violating 
 Group   Path Slack      TNS        Paths   
--------------------------------------------
Clk         -3046.4   -1671968.1        796 
default    No paths          0.0            
--------------------------------------------
Total                 -1671968.1        796 

Instance Count
--------------
Leaf Instance Count             109898 
Physical Instance count              0 
Sequential Instance Count         1198 
Combinational Instance Count    108700 
Hierarchical Instance Count          2 

Area
----
Cell Area                          551253.696
Physical Cell Area                 0.000
Total Cell Area (Cell+Physical)    551253.696
Net Area                           0.000
Total Area (Cell+Physical+Net)     551253.696

Max Fanout                         1133 (Clk)
Min Fanout                         0 (fir_filter/n_11010)
Average Fanout                     1.9
Terms to net ratio                 2.9595
Terms to instance ratio            2.9652
Runtime                            4615.8112249999895 seconds
Elapsed Runtime                    6581 seconds
Genus peak memory usage            2741.63 
Innovus peak memory usage          no_value 
Hostname                           arc-schaumont-class-vm.wpi.edu
