============================================================
  Generated by:           Genus(TM) Synthesis Solution 21.18-s082_1
  Generated on:           Dec 08 2023  03:31:53 am
  Module:                 filter_top
  Operating conditions:   ss_n40C_1v76 (balanced_tree)
  Wireload mode:          enclosed
  Area mode:              timing library
============================================================


Path 1: VIOLATED (-3046 ps) Setup Check with Pin fir_filter/sum_r_reg[10][22]/CLK->D
          Group: Clk
     Startpoint: (R) fir_filter/coefficients_r_reg[21][5]/CLK
          Clock: (R) Clk
       Endpoint: (F) fir_filter/sum_r_reg[10][22]/D
          Clock: (R) Clk

                     Capture       Launch     
        Clock Edge:+    2000            0     
       Src Latency:+       0            0     
       Net Latency:+       0 (I)        0 (I) 
           Arrival:=    2000            0     
                                              
             Setup:-     238                  
     Required Time:=    1762                  
      Launch Clock:-       0                  
         Data Path:-    4809                  
             Slack:=   -3046                  

#-------------------------------------------------------------------------------------------------------------------------------------------
#                   Timing Point                    Flags    Arc   Edge           Cell             Fanout Load Trans Delay Arrival Instance 
#                                                                                                         (fF)  (ps)  (ps)   (ps)  Location 
#-------------------------------------------------------------------------------------------------------------------------------------------
  fir_filter/coefficients_r_reg[21][5]/CLK          -       -      R     (arrival)                   1133    -     0     0       0    (-,-) 
  fir_filter/coefficients_r_reg[21][5]/Q            -       CLK->Q F     sky130_fd_sc_hd__sdfrtp_1      2  4.2    62   493     493    (-,-) 
  fir_filter/fopt319353/Y                           -       A->Y   R     sky130_fd_sc_hd__inv_1         2  8.8   120   128     621    (-,-) 
  fir_filter/g284245/Y                              -       A->Y   F     sky130_fd_sc_hd__nand2_2       5 10.5    68   108     729    (-,-) 
  fir_filter/g248638/Y                              -       A->Y   R     sky130_fd_sc_hd__inv_1         1  2.3    45    75     804    (-,-) 
  fir_filter/g248628/Y                              -       D->Y   F     sky130_fd_sc_hd__nand4_1       2  4.2   110   136     940    (-,-) 
  fir_filter/g241289/Y                              -       A->Y   R     sky130_fd_sc_hd__nand2_1       1  2.2    60   106    1046    (-,-) 
  fir_filter/g241288/Y                              -       A->Y   F     sky130_fd_sc_hd__inv_1         1  7.9    47    69    1116    (-,-) 
  fir_filter/g308654/Y                              -       A->Y   R     sky130_fd_sc_hd__nand2_4       9 21.3   128   126    1242    (-,-) 
  fir_filter/fopt294458/X                           -       A->X   R     sky130_fd_sc_hd__buf_1         1  4.4   102   179    1421    (-,-) 
  fir_filter/g298795/Y                              -       A->Y   F     sky130_fd_sc_hd__nand2_2       4  8.4    59    92    1513    (-,-) 
  fir_filter/g304339/Y                              -       A->Y   R     sky130_fd_sc_hd__nand2_1       1  2.3    61    80    1594    (-,-) 
  fir_filter/g308542/Y                              -       A->Y   F     sky130_fd_sc_hd__nand2_1       1  2.1    36    59    1653    (-,-) 
  fir_filter/g304340/Y                              -       A->Y   R     sky130_fd_sc_hd__nand2_1       3  6.9   124   117    1769    (-,-) 
  fir_filter/WALLACE_CSA_DUMMY_OP257_groupi_g7218/Y -       A->Y   F     sky130_fd_sc_hd__inv_1         2  4.2    41    82    1852    (-,-) 
  fir_filter/g238084/Y                              -       A->Y   R     sky130_fd_sc_hd__nand2_1       2  4.6    93    96    1947    (-,-) 
  fir_filter/g279383/Y                              -       A->Y   F     sky130_fd_sc_hd__nand2_1       1  2.1    39    71    2018    (-,-) 
  fir_filter/g279382/Y                              -       A->Y   R     sky130_fd_sc_hd__nand2_1       1  4.4    90    92    2111    (-,-) 
  fir_filter/g279381/Y                              -       A->Y   F     sky130_fd_sc_hd__nand2_2       4  8.4    58    87    2198    (-,-) 
  fir_filter/g239051/Y                              -       A->Y   R     sky130_fd_sc_hd__inv_1         1  4.4    69    88    2286    (-,-) 
  fir_filter/g307654/Y                              -       A->Y   F     sky130_fd_sc_hd__nand2_2       2  4.3    38    62    2348    (-,-) 
  fir_filter/g307655/Y                              -       A->Y   R     sky130_fd_sc_hd__nand2_1       1  2.3    62    70    2419    (-,-) 
  fir_filter/g285326/Y                              -       B->Y   F     sky130_fd_sc_hd__nand2_1       1  4.1    50    77    2496    (-,-) 
  fir_filter/g307652/Y                              -       A->Y   R     sky130_fd_sc_hd__nand2_2       3  6.8    86    94    2590    (-,-) 
  fir_filter/g240660/Y                              -       A->Y   F     sky130_fd_sc_hd__inv_1         1  2.1    26    56    2646    (-,-) 
  fir_filter/g244046/Y                              -       A->Y   R     sky130_fd_sc_hd__nand2_1       2  4.7    94    89    2735    (-,-) 
  fir_filter/g238531/Y                              -       A->Y   F     sky130_fd_sc_hd__nand2_1       1  2.1    39    72    2807    (-,-) 
  fir_filter/g238530/Y                              -       A->Y   R     sky130_fd_sc_hd__inv_1         2  4.8    73    82    2889    (-,-) 
  fir_filter/g231087/Y                              -       B->Y   F     sky130_fd_sc_hd__nand2_1       2  4.2    54    82    2972    (-,-) 
  fir_filter/g244052/Y                              -       A->Y   R     sky130_fd_sc_hd__nand3_1       1  2.3    85    92    3063    (-,-) 
  fir_filter/g308430/Y                              -       B->Y   F     sky130_fd_sc_hd__nand2_1       1  4.1    52    86    3150    (-,-) 
  fir_filter/g308429/Y                              -       A->Y   R     sky130_fd_sc_hd__nand2_2       1  8.5    98   105    3255    (-,-) 
  fir_filter/g308428/Y                              -       A->Y   F     sky130_fd_sc_hd__nand2_4       5 12.5    51    84    3339    (-,-) 
  fir_filter/g230641/Y                              -       A->Y   R     sky130_fd_sc_hd__nand2_1       2  4.6    93   100    3439    (-,-) 
  fir_filter/g230640/Y                              -       A->Y   F     sky130_fd_sc_hd__nand2_1       1  2.1    39    71    3510    (-,-) 
  fir_filter/g230639/Y                              -       A->Y   R     sky130_fd_sc_hd__nand2_1       2  4.3    89    91    3602    (-,-) 
  fir_filter/g291917/Y                              -       A->Y   F     sky130_fd_sc_hd__nand2_1       1  4.1    54    84    3686    (-,-) 
  fir_filter/g291916/Y                              -       A->Y   R     sky130_fd_sc_hd__nand2_2       3  9.0   102   109    3795    (-,-) 
  fir_filter/g291915/Y                              -       A->Y   F     sky130_fd_sc_hd__nand2_2       2  4.2    42    75    3871    (-,-) 
  fir_filter/g265314/Y                              -       A->Y   R     sky130_fd_sc_hd__inv_1         1  4.4    69    80    3951    (-,-) 
  fir_filter/g297546/Y                              -       A->Y   F     sky130_fd_sc_hd__nand2_2       4  9.5    60    82    4033    (-,-) 
  fir_filter/g297545/Y                              -       A->Y   R     sky130_fd_sc_hd__inv_2         1  4.3    43    72    4106    (-,-) 
  fir_filter/g297543/Y                              -       A->Y   F     sky130_fd_sc_hd__nand3_2       3  8.1    88    92    4197    (-,-) 
  fir_filter/g320923/Y                              -       A->Y   R     sky130_fd_sc_hd__nor2b_2       2  4.7   127   191    4389    (-,-) 
  fir_filter/g287490/Y                              -       A->Y   F     sky130_fd_sc_hd__nand2_1       1  2.2    45    85    4474    (-,-) 
  fir_filter/g311155/Y                              -       A->Y   R     sky130_fd_sc_hd__nand4_1       1  2.4   102    92    4566    (-,-) 
  fir_filter/g311153/Y                              -       B->Y   F     sky130_fd_sc_hd__nand3_1       1  2.1    61   104    4670    (-,-) 
  fir_filter/g311152/Y                              -       A->Y   R     sky130_fd_sc_hd__nand2_1       1  2.3    62    82    4752    (-,-) 
  fir_filter/g311151/Y                              -       A->Y   F     sky130_fd_sc_hd__nand2_1       1  1.8    32    57    4809    (-,-) 
  fir_filter/sum_r_reg[10][22]/D                    <<<     -      F     sky130_fd_sc_hd__dfrtp_1       1    -     -     0    4809    (-,-) 
#-------------------------------------------------------------------------------------------------------------------------------------------

