============================================================
  Generated by:           Genus(TM) Synthesis Solution 21.18-s082_1
  Generated on:           Dec 08 2023  07:59:25 am
  Module:                 filter_top
  Operating conditions:   ss_n40C_1v76 (balanced_tree)
  Wireload mode:          enclosed
  Area mode:              timing library
============================================================

Timing
--------

Clock  Period 
--------------
Clk   14000.0 


  Cost    Critical         Violating 
 Group   Path Slack  TNS     Paths   
-------------------------------------
Clk             1.1   0.0          0 
default    No paths   0.0            
-------------------------------------
Total                 0.0          0 

Instance Count
--------------
Leaf Instance Count             30827 
Physical Instance count             0 
Sequential Instance Count        1198 
Combinational Instance Count    29629 
Hierarchical Instance Count         2 

Area
----
Cell Area                          290954.043
Physical Cell Area                 0.000
Total Cell Area (Cell+Physical)    290954.043
Net Area                           0.000
Total Area (Cell+Physical+Net)     290954.043

Max Fanout                         1133 (Clk)
Min Fanout                         0 (fir_filter/n_2407)
Average Fanout                     2.0
Terms to net ratio                 2.9835
Terms to instance ratio            3.5911
Runtime                            800.7081089999988 seconds
Elapsed Runtime                    1136 seconds
Genus peak memory usage            2736.53 
Innovus peak memory usage          no_value 
Hostname                           arc-schaumont-class-vm.wpi.edu
