============================================================
  Generated by:           Genus(TM) Synthesis Solution 21.18-s082_1
  Generated on:           Dec 08 2023  09:46:21 am
  Module:                 filter_top
  Operating conditions:   ss_n40C_1v76 (balanced_tree)
  Wireload mode:          enclosed
  Area mode:              timing library
============================================================


Path 1: MET (880 ps) Setup Check with Pin fir_filter/sum_r_reg[1][22]/CLK->D
          Group: Clk
     Startpoint: (R) fir_filter/din_r_reg[2]/CLK
          Clock: (R) Clk
       Endpoint: (F) fir_filter/sum_r_reg[1][22]/D
          Clock: (R) Clk

                     Capture       Launch     
        Clock Edge:+   20000            0     
       Src Latency:+       0            0     
       Net Latency:+       0 (I)        0 (I) 
           Arrival:=   20000            0     
                                              
             Setup:-     246                  
     Required Time:=   19754                  
      Launch Clock:-       0                  
         Data Path:-   18874                  
             Slack:=     880                  

#--------------------------------------------------------------------------------------------------------------------------------------------------
#                    Timing Point                      Flags     Arc     Edge           Cell            Fanout  Load  Trans Delay Arrival Instance 
#                                                                                                               (fF)   (ps)  (ps)   (ps)  Location 
#--------------------------------------------------------------------------------------------------------------------------------------------------
  fir_filter/din_r_reg[2]/CLK                          -       -         R     (arrival)                  1133      -     0     0       0    (-,-) 
  fir_filter/din_r_reg[2]/Q                            -       CLK->Q    F     sky130_fd_sc_hd__dfrtp_1      2   46.1   274   747     747    (-,-) 
  fir_filter/hi_fo_buf131428/Y                         -       A->Y      R     sky130_fd_sc_hd__inv_16     465 1116.0  1476  1235    1982    (-,-) 
  fir_filter/g118644/Y                                 -       A->Y      F     sky130_fd_sc_hd__nor2_1       1    2.7   185   340    2322    (-,-) 
  fir_filter/WALLACE_CSA_DUMMY_OP401_groupi_g6432/COUT -       B->COUT   F     sky130_fd_sc_hd__ha_1         1    4.3    65   371    2693    (-,-) 
  fir_filter/WALLACE_CSA_DUMMY_OP401_groupi_g6388/SUM  -       CIN->SUM  F     sky130_fd_sc_hd__fa_1         1    4.3   114   805    3498    (-,-) 
  fir_filter/g134204/SUM                               -       CIN->SUM  F     sky130_fd_sc_hd__fa_1         1    5.6   123   832    4330    (-,-) 
  fir_filter/WALLACE_CSA_DUMMY_OP401_groupi_g6347/COUT -       B->COUT   F     sky130_fd_sc_hd__fa_1         1    4.3   107   727    5057    (-,-) 
  fir_filter/WALLACE_CSA_DUMMY_OP401_groupi_g6333/COUT -       CIN->COUT F     sky130_fd_sc_hd__fa_1         1    4.3   107   678    5735    (-,-) 
  fir_filter/WALLACE_CSA_DUMMY_OP401_groupi_g6324/SUM  -       CIN->SUM  R     sky130_fd_sc_hd__fa_1         1    2.2    69   831    6566    (-,-) 
  fir_filter/g129806/Y                                 -       A->Y      F     sky130_fd_sc_hd__inv_1        1    2.1    23    49    6616    (-,-) 
  fir_filter/g6087/X                                   -       B1->X     F     sky130_fd_sc_hd__a22o_1       1    4.3    62   292    6908    (-,-) 
  fir_filter/WALLACE_CSA_DUMMY_OP_groupi_g1079/SUM     -       CIN->SUM  F     sky130_fd_sc_hd__fa_1         1    5.6   122   819    7727    (-,-) 
  fir_filter/WALLACE_CSA_DUMMY_OP_groupi_g1057/COUT    -       B->COUT   F     sky130_fd_sc_hd__fa_1         1    5.6   116   743    8470    (-,-) 
  fir_filter/WALLACE_CSA_DUMMY_OP_groupi_g1056/COUT    -       B->COUT   F     sky130_fd_sc_hd__fa_1         1    4.3   107   725    9194    (-,-) 
  fir_filter/WALLACE_CSA_DUMMY_OP_groupi_g1055/COUT    -       CIN->COUT F     sky130_fd_sc_hd__fa_1         1    4.3   107   678    9872    (-,-) 
  fir_filter/WALLACE_CSA_DUMMY_OP_groupi_g1054/COUT    -       CIN->COUT F     sky130_fd_sc_hd__fa_1         1    4.3   107   678   10550    (-,-) 
  fir_filter/WALLACE_CSA_DUMMY_OP_groupi_g1053/COUT    -       CIN->COUT F     sky130_fd_sc_hd__fa_1         1    4.3   107   678   11227    (-,-) 
  fir_filter/WALLACE_CSA_DUMMY_OP_groupi_g1052/COUT    -       CIN->COUT F     sky130_fd_sc_hd__fa_1         1    4.3   107   678   11905    (-,-) 
  fir_filter/WALLACE_CSA_DUMMY_OP_groupi_g1051/COUT    -       CIN->COUT F     sky130_fd_sc_hd__fa_1         1    4.3   107   678   12583    (-,-) 
  fir_filter/WALLACE_CSA_DUMMY_OP_groupi_g1050/COUT    -       CIN->COUT F     sky130_fd_sc_hd__fa_1         1    4.3   107   678   13260    (-,-) 
  fir_filter/WALLACE_CSA_DUMMY_OP_groupi_g1049/COUT    -       CIN->COUT F     sky130_fd_sc_hd__fa_1         1    4.3   107   678   13938    (-,-) 
  fir_filter/WALLACE_CSA_DUMMY_OP_groupi_g1048/COUT    -       CIN->COUT F     sky130_fd_sc_hd__fa_1         1    4.3   107   678   14616    (-,-) 
  fir_filter/WALLACE_CSA_DUMMY_OP_groupi_g1047/COUT    -       CIN->COUT F     sky130_fd_sc_hd__fa_1         1    4.3   107   678   15294    (-,-) 
  fir_filter/WALLACE_CSA_DUMMY_OP_groupi_g1046/COUT    -       CIN->COUT F     sky130_fd_sc_hd__fa_1         1    4.3   107   678   15971    (-,-) 
  fir_filter/WALLACE_CSA_DUMMY_OP_groupi_g1045/COUT    -       CIN->COUT F     sky130_fd_sc_hd__fa_1         1    4.3   107   678   16649    (-,-) 
  fir_filter/WALLACE_CSA_DUMMY_OP_groupi_g1044/COUT    -       CIN->COUT F     sky130_fd_sc_hd__fa_1         1    4.3   107   678   17327    (-,-) 
  fir_filter/WALLACE_CSA_DUMMY_OP_groupi_g1043/COUT    -       CIN->COUT F     sky130_fd_sc_hd__fa_1         1    4.3   107   678   18004    (-,-) 
  fir_filter/WALLACE_CSA_DUMMY_OP_groupi_g1042/COUT    -       CIN->COUT F     sky130_fd_sc_hd__fa_1         1    4.1   106   675   18680    (-,-) 
  fir_filter/WALLACE_CSA_DUMMY_OP_groupi_g1041/Y       -       A->Y      F     sky130_fd_sc_hd__xnor2_1      1    1.8    47   194   18874    (-,-) 
  fir_filter/sum_r_reg[1][22]/D                        <<<     -         F     sky130_fd_sc_hd__dfrtp_1      1      -     -     0   18874    (-,-) 
#--------------------------------------------------------------------------------------------------------------------------------------------------

