============================================================
  Generated by:           Genus(TM) Synthesis Solution 21.18-s082_1
  Generated on:           Dec 08 2023  06:10:39 am
  Module:                 filter_top
  Operating conditions:   ss_n40C_1v76 (balanced_tree)
  Wireload mode:          enclosed
  Area mode:              timing library
============================================================


Path 1: MET (0 ps) Setup Check with Pin fir_filter/sum_r_reg[8][22]/CLK->D
          Group: Clk
     Startpoint: (R) fir_filter/coefficients_r_reg[23][1]/CLK
          Clock: (R) Clk
       Endpoint: (F) fir_filter/sum_r_reg[8][22]/D
          Clock: (R) Clk

                     Capture       Launch     
        Clock Edge:+    8000            0     
       Src Latency:+       0            0     
       Net Latency:+       0 (I)        0 (I) 
           Arrival:=    8000            0     
                                              
             Setup:-     667                  
     Required Time:=    7333                  
      Launch Clock:-       0                  
         Data Path:-    7333                  
             Slack:=       0                  

#-----------------------------------------------------------------------------------------------------------------------------------------------
#                    Timing Point                     Flags    Arc    Edge            Cell             Fanout Load Trans Delay Arrival Instance 
#                                                                                                             (fF)  (ps)  (ps)   (ps)  Location 
#-----------------------------------------------------------------------------------------------------------------------------------------------
  fir_filter/coefficients_r_reg[23][1]/CLK            -       -       R     (arrival)                    1133    -     0     0       0    (-,-) 
  fir_filter/coefficients_r_reg[23][1]/Q              -       CLK->Q  F     sky130_fd_sc_hd__sdfrtp_1       4 10.2    94   532     532    (-,-) 
  fir_filter/g130809/Y                                -       A->Y    R     sky130_fd_sc_hd__clkinv_2      13 37.3   209   211     742    (-,-) 
  fir_filter/g127244/Y                                -       A->Y    F     sky130_fd_sc_hd__nand2_4        4 10.5    65   114     856    (-,-) 
  fir_filter/g125002/Y                                -       A->Y    R     sky130_fd_sc_hd__inv_2          7 16.2   125   136     992    (-,-) 
  fir_filter/g124411/Y                                -       A->Y    F     sky130_fd_sc_hd__nand2_1        1  4.1    58   100    1092    (-,-) 
  fir_filter/g124218/Y                                -       A->Y    R     sky130_fd_sc_hd__nand2_2        7 12.9   132   134    1226    (-,-) 
  fir_filter/g123882/Y                                -       A->Y    F     sky130_fd_sc_hd__inv_2          6 12.6    50    92    1318    (-,-) 
  fir_filter/g123176/Y                                -       B->Y    R     sky130_fd_sc_hd__nor2_1         3  7.2   245   227    1545    (-,-) 
  fir_filter/WALLACE_CSA_DUMMY_OP253_groupi_g6963/Y   -       B2->Y   F     sky130_fd_sc_hd__o2bb2ai_1      2  6.8    91   170    1715    (-,-) 
  fir_filter/g136463/X                                -       C->X    F     sky130_fd_sc_hd__maj3_1         1  4.2   100   636    2350    (-,-) 
  fir_filter/WALLACE_CSA_DUMMY_OP253_groupi_g6597/SUM -       A->SUM  F     sky130_fd_sc_hd__fah_1          2  6.8    78   539    2889    (-,-) 
  fir_filter/g136413/X                                -       B->X    F     sky130_fd_sc_hd__maj3_2         2  7.6    90   541    3431    (-,-) 
  fir_filter/g136402/X                                -       C->X    F     sky130_fd_sc_hd__maj3_2         2  7.0    88   548    3979    (-,-) 
  fir_filter/WALLACE_CSA_DUMMY_OP253_groupi_g6373/Y   -       B->Y    R     sky130_fd_sc_hd__xnor2_1        2  4.9   256   282    4260    (-,-) 
  fir_filter/WALLACE_CSA_DUMMY_OP253_groupi_g6362/Y   -       A2_N->Y R     sky130_fd_sc_hd__o2bb2ai_1      2  4.7   233   254    4514    (-,-) 
  fir_filter/WALLACE_CSA_DUMMY_OP253_groupi_g6349/Y   -       B->Y    F     sky130_fd_sc_hd__nor2_1         2  4.2    60   117    4631    (-,-) 
  fir_filter/WALLACE_CSA_DUMMY_OP253_groupi_g6328/Y   -       B->Y    R     sky130_fd_sc_hd__nor2_1         1  2.4   114   130    4762    (-,-) 
  fir_filter/WALLACE_CSA_DUMMY_OP253_groupi_g6324/Y   -       B->Y    F     sky130_fd_sc_hd__nand2b_1       1  2.1    51    86    4847    (-,-) 
  fir_filter/WALLACE_CSA_DUMMY_OP253_groupi_g6321/Y   -       A->Y    R     sky130_fd_sc_hd__nand3_1        2  6.7   155   138    4985    (-,-) 
  fir_filter/WALLACE_CSA_DUMMY_OP253_groupi_g6320/Y   -       A->Y    F     sky130_fd_sc_hd__nand2_1        1  2.1    49    92    5077    (-,-) 
  fir_filter/WALLACE_CSA_DUMMY_OP253_groupi_g6318/Y   -       A->Y    R     sky130_fd_sc_hd__nand2_1        2  6.7   121   121    5198    (-,-) 
  fir_filter/WALLACE_CSA_DUMMY_OP253_groupi_g6316/Y   -       A->Y    F     sky130_fd_sc_hd__nand2_1        1  2.1    43    83    5281    (-,-) 
  fir_filter/WALLACE_CSA_DUMMY_OP253_groupi_g6314/Y   -       A->Y    R     sky130_fd_sc_hd__nand2_1        3  9.0   153   142    5422    (-,-) 
  fir_filter/WALLACE_CSA_DUMMY_OP253_groupi_g6313/Y   -       A->Y    F     sky130_fd_sc_hd__nand2_1        1  2.1    48    92    5514    (-,-) 
  fir_filter/WALLACE_CSA_DUMMY_OP253_groupi_g6310/Y   -       A->Y    R     sky130_fd_sc_hd__nand2_1        1  4.4    90    97    5611    (-,-) 
  fir_filter/g135464/X                                -       B->X    R     sky130_fd_sc_hd__xor2_1         2  4.7   232   275    5886    (-,-) 
  fir_filter/addinc_add_235_30_I8_spec1_g1472/Y       -       B->Y    F     sky130_fd_sc_hd__nor2_1         3  4.8    63   121    6007    (-,-) 
  fir_filter/addinc_add_235_30_I8_spec1_g1412/Y       -       A2->Y   R     sky130_fd_sc_hd__o21ai_0        1  2.4   186   213    6220    (-,-) 
  fir_filter/addinc_add_235_30_I8_spec1_g2/Y          -       B1->Y   F     sky130_fd_sc_hd__a21oi_1        2  6.4    82   116    6336    (-,-) 
  fir_filter/addinc_add_235_30_I8_spec1_g1365/Y       -       A2->Y   R     sky130_fd_sc_hd__o21ai_1        2  6.7   272   287    6624    (-,-) 
  fir_filter/addinc_add_235_30_I8_spec1_g1363/Y       -       A->Y    F     sky130_fd_sc_hd__nand2_1        1  2.1    67   126    6750    (-,-) 
  fir_filter/addinc_add_235_30_I8_spec1_g1361/Y       -       A->Y    R     sky130_fd_sc_hd__nand2_1        2  6.7   121   130    6880    (-,-) 
  fir_filter/addinc_add_235_30_I8_spec1_g1360/Y       -       A->Y    F     sky130_fd_sc_hd__nand2_1        1  2.1    43    83    6962    (-,-) 
  fir_filter/addinc_add_235_30_I8_spec1_g1358/Y       -       A->Y    R     sky130_fd_sc_hd__nand2_1        2  6.7   121   118    7081    (-,-) 
  fir_filter/addinc_add_235_30_I8_spec1_g1357/Y       -       A->Y    F     sky130_fd_sc_hd__nand2_1        1  2.1    43    83    7163    (-,-) 
  fir_filter/addinc_add_235_30_I8_spec1_g1355/Y       -       A->Y    R     sky130_fd_sc_hd__nand2_1        1  4.4    90    95    7258    (-,-) 
  fir_filter/addinc_add_235_30_I8_spec1_g1354/Y       -       B->Y    F     sky130_fd_sc_hd__xnor2_1        1  1.4    48    75    7333    (-,-) 
  fir_filter/sum_r_reg[8][22]/D                       <<<     -       F     sky130_fd_sc_hd__sdfrtp_1       1    -     -     0    7333    (-,-) 
#-----------------------------------------------------------------------------------------------------------------------------------------------

