============================================================
  Generated by:           Genus(TM) Synthesis Solution 21.18-s082_1
  Generated on:           Dec 08 2023  09:46:23 am
  Module:                 filter_top
  Operating conditions:   ss_n40C_1v76 (balanced_tree)
  Wireload mode:          enclosed
  Area mode:              timing library
============================================================

Timing
--------

Clock  Period 
--------------
Clk   20000.0 


  Cost    Critical         Violating 
 Group   Path Slack  TNS     Paths   
-------------------------------------
Clk           879.8   0.0          0 
default    No paths   0.0            
-------------------------------------
Total                 0.0          0 

Instance Count
--------------
Leaf Instance Count             22595 
Physical Instance count             0 
Sequential Instance Count        1198 
Combinational Instance Count    21397 
Hierarchical Instance Count         2 

Area
----
Cell Area                          257828.520
Physical Cell Area                 0.000
Total Cell Area (Cell+Physical)    257828.520
Net Area                           0.000
Total Area (Cell+Physical+Net)     257828.520

Max Fanout                         1133 (Clk)
Min Fanout                         0 (fir_filter/generate_multipliers[1].multiplier_next_r2[23]_1053)
Average Fanout                     1.8
Terms to net ratio                 2.8013
Terms to instance ratio            3.8774
Runtime                            748.7433630000007 seconds
Elapsed Runtime                    1068 seconds
Genus peak memory usage            2309.88 
Innovus peak memory usage          no_value 
Hostname                           arc-schaumont-class-vm.wpi.edu
