============================================================
  Generated by:           Genus(TM) Synthesis Solution 21.18-s082_1
  Generated on:           Dec 08 2023  11:52:40 am
  Module:                 filter_top
  Operating conditions:   PVT_0P9V_125C (balanced_tree)
  Wireload mode:          enclosed
  Area mode:              timing library
============================================================


Path 1: MET (23168 ps) Setup Check with Pin fir_filter/sum_r_reg[4][22]/CK->D
          Group: Clk
     Startpoint: (R) fir_filter/coefficients_r_reg[27][2]/CK
          Clock: (R) Clk
       Endpoint: (R) fir_filter/sum_r_reg[4][22]/D
          Clock: (R) Clk

                     Capture       Launch     
        Clock Edge:+   29000            0     
       Src Latency:+       0            0     
       Net Latency:+       0 (I)        0 (I) 
           Arrival:=   29000            0     
                                              
             Setup:-     124                  
     Required Time:=   28876                  
      Launch Clock:-       0                  
         Data Path:-    5708                  
             Slack:=   23168                  

#----------------------------------------------------------------------------------------------------------------------------
#                   Timing Point                     Flags    Arc   Edge   Cell     Fanout Load Trans Delay Arrival Instance 
#                                                                                          (fF)  (ps)  (ps)   (ps)  Location 
#----------------------------------------------------------------------------------------------------------------------------
  fir_filter/coefficients_r_reg[27][2]/CK            -       -      R     (arrival)   1133    -     0     0       0    (-,-) 
  fir_filter/coefficients_r_reg[27][2]/Q             -       CK->Q  F     SDFFRHQX1      3  1.0    37   212     212    (-,-) 
  fir_filter/g119582/Y                               -       A->Y   R     INVX1         14  5.2   120    88     300    (-,-) 
  fir_filter/g114407/Y                               -       A->Y   F     NAND2X1        3  0.8    84   128     429    (-,-) 
  fir_filter/g113876/Y                               -       B->Y   R     NOR2X1         3  1.0    77    91     519    (-,-) 
  fir_filter/g113333/Y                               -       B->Y   F     NAND2X1        3  0.8    84    95     615    (-,-) 
  fir_filter/g113123/Y                               -       B0->Y  R     OAI21X1       12  4.8   253   114     729    (-,-) 
  fir_filter/g112936/Y                               -       B->Y   F     NOR2X1         1  0.5    71   171     900    (-,-) 
  fir_filter/WALLACE_CSA_DUMMY_OP407_groupi_g3404/S  -       CI->S  R     ADDFX1         1  0.6    42   302    1202    (-,-) 
  fir_filter/WALLACE_CSA_DUMMY_OP407_groupi_g3371/S  -       CI->S  F     ADDFX1         1  0.7    45   273    1474    (-,-) 
  fir_filter/WALLACE_CSA_DUMMY_OP407_groupi_g3347/S  -       B->S   R     ADDFX1         1  0.2    33   292    1766    (-,-) 
  fir_filter/g121010/Y                               -       A->Y   F     INVXL          1  0.2    24    37    1804    (-,-) 
  fir_filter/g121210/Y                               -       B->Y   F     MX2XL          1  0.5    40   129    1933    (-,-) 
  fir_filter/WALLACE_CSA_DUMMY_OP345_groupi_g2451/S  -       CI->S  R     ADDFX1         1  0.8    46   290    2223    (-,-) 
  fir_filter/WALLACE_CSA_DUMMY_OP345_groupi_g2439/CO -       B->CO  R     ADDFX1         1  0.6    39   203    2426    (-,-) 
  fir_filter/WALLACE_CSA_DUMMY_OP345_groupi_g2438/CO -       CI->CO R     ADDFX1         1  0.6    39   186    2612    (-,-) 
  fir_filter/WALLACE_CSA_DUMMY_OP345_groupi_g2437/CO -       CI->CO R     ADDFX1         1  0.6    39   186    2798    (-,-) 
  fir_filter/WALLACE_CSA_DUMMY_OP345_groupi_g2436/CO -       CI->CO R     ADDFX1         1  0.6    39   186    2984    (-,-) 
  fir_filter/WALLACE_CSA_DUMMY_OP345_groupi_g2435/CO -       CI->CO R     ADDFX1         1  0.6    39   186    3170    (-,-) 
  fir_filter/WALLACE_CSA_DUMMY_OP345_groupi_g2434/CO -       CI->CO R     ADDFX1         1  0.6    39   186    3356    (-,-) 
  fir_filter/WALLACE_CSA_DUMMY_OP345_groupi_g2433/CO -       CI->CO R     ADDFX1         1  0.6    39   186    3542    (-,-) 
  fir_filter/WALLACE_CSA_DUMMY_OP345_groupi_g2432/CO -       CI->CO R     ADDFX1         1  0.6    39   186    3728    (-,-) 
  fir_filter/WALLACE_CSA_DUMMY_OP345_groupi_g2431/CO -       CI->CO R     ADDFX1         1  0.6    39   186    3914    (-,-) 
  fir_filter/WALLACE_CSA_DUMMY_OP345_groupi_g2430/CO -       CI->CO R     ADDFX1         1  0.6    39   186    4100    (-,-) 
  fir_filter/WALLACE_CSA_DUMMY_OP345_groupi_g2429/CO -       CI->CO R     ADDFX1         1  0.6    39   186    4286    (-,-) 
  fir_filter/WALLACE_CSA_DUMMY_OP345_groupi_g2428/CO -       CI->CO R     ADDFX1         1  0.6    39   186    4472    (-,-) 
  fir_filter/WALLACE_CSA_DUMMY_OP345_groupi_g2427/CO -       CI->CO R     ADDFX1         1  0.6    39   186    4658    (-,-) 
  fir_filter/WALLACE_CSA_DUMMY_OP345_groupi_g2426/CO -       CI->CO R     ADDFX1         1  0.6    39   186    4844    (-,-) 
  fir_filter/WALLACE_CSA_DUMMY_OP345_groupi_g2425/CO -       CI->CO R     ADDFX1         1  0.6    39   186    5030    (-,-) 
  fir_filter/WALLACE_CSA_DUMMY_OP345_groupi_g2424/CO -       CI->CO R     ADDFX1         1  0.6    39   186    5216    (-,-) 
  fir_filter/WALLACE_CSA_DUMMY_OP345_groupi_g2423/CO -       CI->CO R     ADDFX1         1  0.6    39   186    5402    (-,-) 
  fir_filter/WALLACE_CSA_DUMMY_OP345_groupi_g2422/CO -       CI->CO R     ADDFX1         1  0.4    35   184    5585    (-,-) 
  fir_filter/WALLACE_CSA_DUMMY_OP345_groupi_g2421/Y  -       B->Y   R     XNOR2X1        1  0.2    22   123    5708    (-,-) 
  fir_filter/sum_r_reg[4][22]/D                      <<<     -      R     DFFRX1         1    -     -     0    5708    (-,-) 
#----------------------------------------------------------------------------------------------------------------------------

