============================================================
  Generated by:           Genus(TM) Synthesis Solution 21.18-s082_1
  Generated on:           Dec 08 2023  07:22:39 am
  Module:                 filter_top
  Operating conditions:   PVT_0P9V_125C (balanced_tree)
  Wireload mode:          enclosed
  Area mode:              timing library
============================================================


Path 1: MET (8059 ps) Setup Check with Pin fir_filter/sum_r_reg[28][22]/CK->D
          Group: Clk
     Startpoint: (R) fir_filter/coefficients_r_reg[3][1]/CK
          Clock: (R) Clk
       Endpoint: (R) fir_filter/sum_r_reg[28][22]/D
          Clock: (R) Clk

                     Capture       Launch     
        Clock Edge:+   14000            0     
       Src Latency:+       0            0     
       Net Latency:+       0 (I)        0 (I) 
           Arrival:=   14000            0     
                                              
             Setup:-     124                  
     Required Time:=   13876                  
      Launch Clock:-       0                  
         Data Path:-    5817                  
             Slack:=    8059                  

#----------------------------------------------------------------------------------------------------------------------------
#                   Timing Point                     Flags    Arc   Edge   Cell     Fanout Load Trans Delay Arrival Instance 
#                                                                                          (fF)  (ps)  (ps)   (ps)  Location 
#----------------------------------------------------------------------------------------------------------------------------
  fir_filter/coefficients_r_reg[3][1]/CK             -       -      R     (arrival)   1133    -     0     0       0    (-,-) 
  fir_filter/coefficients_r_reg[3][1]/Q              -       CK->Q  F     SDFFRHQX1      4  1.2    42   215     215    (-,-) 
  fir_filter/g119022/Y                               -       A->Y   R     INVX1         13  5.2   121    91     306    (-,-) 
  fir_filter/g116814/Y                               -       A->Y   F     NAND2X1        3  0.8    88   129     435    (-,-) 
  fir_filter/g114415/Y                               -       B->Y   F     OR2XL          3  0.8    52   126     561    (-,-) 
  fir_filter/g113874/Y                               -       B->Y   F     OR2XL          3  0.8    52   111     672    (-,-) 
  fir_filter/g113124/Y                               -       A1N->Y F     OAI2BB1X1     12  3.6   225   194     865    (-,-) 
  fir_filter/g112948/Y                               -       B->Y   R     NOR2X1         1  0.6    75   157    1022    (-,-) 
  fir_filter/WALLACE_CSA_DUMMY_OP455_groupi_g3407/S  -       CI->S  F     ADDFX1         1  0.5    40   286    1308    (-,-) 
  fir_filter/WALLACE_CSA_DUMMY_OP455_groupi_g3374/S  -       CI->S  R     ADDFX1         1  0.8    46   290    1599    (-,-) 
  fir_filter/WALLACE_CSA_DUMMY_OP455_groupi_g3350/S  -       B->S   F     ADDFX1         1  0.2    32   295    1894    (-,-) 
  fir_filter/g120513/Y                               -       A->Y   R     INVXL          1  0.2    20    32    1926    (-,-) 
  fir_filter/g122273/Y                               -       B->Y   R     MX2XL          1  0.6    36   145    2071    (-,-) 
  fir_filter/WALLACE_CSA_DUMMY_OP393_groupi_g2456/S  -       CI->S  R     ADDFX1         1  0.8    46   261    2332    (-,-) 
  fir_filter/WALLACE_CSA_DUMMY_OP393_groupi_g2444/CO -       B->CO  R     ADDFX1         1  0.6    39   203    2534    (-,-) 
  fir_filter/WALLACE_CSA_DUMMY_OP393_groupi_g2443/CO -       CI->CO R     ADDFX1         1  0.6    39   186    2720    (-,-) 
  fir_filter/WALLACE_CSA_DUMMY_OP393_groupi_g2442/CO -       CI->CO R     ADDFX1         1  0.6    39   186    2906    (-,-) 
  fir_filter/WALLACE_CSA_DUMMY_OP393_groupi_g2441/CO -       CI->CO R     ADDFX1         1  0.6    39   186    3092    (-,-) 
  fir_filter/WALLACE_CSA_DUMMY_OP393_groupi_g2440/CO -       CI->CO R     ADDFX1         1  0.6    39   186    3278    (-,-) 
  fir_filter/WALLACE_CSA_DUMMY_OP393_groupi_g2439/CO -       CI->CO R     ADDFX1         1  0.6    39   186    3464    (-,-) 
  fir_filter/WALLACE_CSA_DUMMY_OP393_groupi_g2438/CO -       CI->CO R     ADDFX1         1  0.6    39   186    3650    (-,-) 
  fir_filter/WALLACE_CSA_DUMMY_OP393_groupi_g2437/CO -       CI->CO R     ADDFX1         1  0.6    39   186    3836    (-,-) 
  fir_filter/WALLACE_CSA_DUMMY_OP393_groupi_g2436/CO -       CI->CO R     ADDFX1         1  0.6    39   186    4022    (-,-) 
  fir_filter/WALLACE_CSA_DUMMY_OP393_groupi_g2435/CO -       CI->CO R     ADDFX1         1  0.6    39   186    4208    (-,-) 
  fir_filter/WALLACE_CSA_DUMMY_OP393_groupi_g2434/CO -       CI->CO R     ADDFX1         1  0.6    39   186    4394    (-,-) 
  fir_filter/WALLACE_CSA_DUMMY_OP393_groupi_g2433/CO -       CI->CO R     ADDFX1         1  0.6    39   186    4580    (-,-) 
  fir_filter/WALLACE_CSA_DUMMY_OP393_groupi_g2432/CO -       CI->CO R     ADDFX1         1  0.6    39   186    4766    (-,-) 
  fir_filter/WALLACE_CSA_DUMMY_OP393_groupi_g2431/CO -       CI->CO R     ADDFX1         1  0.6    39   186    4952    (-,-) 
  fir_filter/WALLACE_CSA_DUMMY_OP393_groupi_g2430/CO -       CI->CO R     ADDFX1         1  0.6    39   186    5138    (-,-) 
  fir_filter/WALLACE_CSA_DUMMY_OP393_groupi_g2429/CO -       CI->CO R     ADDFX1         1  0.6    39   186    5324    (-,-) 
  fir_filter/WALLACE_CSA_DUMMY_OP393_groupi_g2428/CO -       CI->CO R     ADDFX1         1  0.6    39   186    5510    (-,-) 
  fir_filter/WALLACE_CSA_DUMMY_OP393_groupi_g2427/CO -       CI->CO R     ADDFX1         1  0.4    35   184    5694    (-,-) 
  fir_filter/WALLACE_CSA_DUMMY_OP393_groupi_g2426/Y  -       B->Y   R     XNOR2X1        1  0.2    22   123    5817    (-,-) 
  fir_filter/sum_r_reg[28][22]/D                     <<<     -      R     DFFRX1         1    -     -     0    5817    (-,-) 
#----------------------------------------------------------------------------------------------------------------------------

