============================================================
  Generated by:           Genus(TM) Synthesis Solution 21.18-s082_1
  Generated on:           Dec 08 2023  06:28:01 am
  Module:                 filter_top
  Operating conditions:   PVT_0P9V_125C (balanced_tree)
  Wireload mode:          enclosed
  Area mode:              timing library
============================================================


Path 1: MET (4977 ps) Setup Check with Pin fir_filter/sum_r_reg[1][22]/CK->D
          Group: Clk
     Startpoint: (R) fir_filter/din_r_reg[6]/CK
          Clock: (R) Clk
       Endpoint: (R) fir_filter/sum_r_reg[1][22]/D
          Clock: (R) Clk

                     Capture       Launch     
        Clock Edge:+   11000            0     
       Src Latency:+       0            0     
       Net Latency:+       0 (I)        0 (I) 
           Arrival:=   11000            0     
                                              
             Setup:-     124                  
     Required Time:=   10876                  
      Launch Clock:-       0                  
         Data Path:-    5899                  
             Slack:=    4977                  

#-----------------------------------------------------------------------------------------------------------------------------
#                   Timing Point                     Flags    Arc   Edge   Cell     Fanout  Load Trans Delay Arrival Instance 
#                                                                                           (fF)  (ps)  (ps)   (ps)  Location 
#-----------------------------------------------------------------------------------------------------------------------------
  fir_filter/din_r_reg[6]/CK                         -       -      R     (arrival)   1133     -     0     0       0    (-,-) 
  fir_filter/din_r_reg[6]/Q                          -       CK->Q  R     DFFRHQX1      12  10.4   228   346     346    (-,-) 
  fir_filter/g121108/Y                               -       A->Y   F     CLKINVX20    410 163.8   277   254     600    (-,-) 
  fir_filter/hi_fo_buf125103/Y                       -       A->Y   R     INVX1          1   3.2   119   202     802    (-,-) 
  fir_filter/hi_fo_buf125095/Y                       -       A->Y   F     INVX8        181  72.4   269   199    1001    (-,-) 
  fir_filter/g117433/Y                               -       A->Y   R     NOR2X1         2   1.0    84   194    1195    (-,-) 
  fir_filter/WALLACE_CSA_DUMMY_OP401_groupi_g3406/CO -       A->CO  R     ADDHX1         1   0.6    28   161    1356    (-,-) 
  fir_filter/WALLACE_CSA_DUMMY_OP401_groupi_g3383/S  -       CI->S  F     ADDFX1         1   0.7    45   266    1623    (-,-) 
  fir_filter/WALLACE_CSA_DUMMY_OP401_groupi_g3363/S  -       B->S   R     ADDFX1         1   0.8    46   299    1921    (-,-) 
  fir_filter/WALLACE_CSA_DUMMY_OP401_groupi_g3323/S  -       B->S   F     ADDFX1         1   0.7    45   302    2223    (-,-) 
  fir_filter/WALLACE_CSA_DUMMY_OP401_groupi_g3309/S  -       B->S   R     ADDFX1         1   0.2    33   292    2515    (-,-) 
  fir_filter/g123020/Y                               -       A->Y   F     INVXL          1   0.2    24    37    2552    (-,-) 
  fir_filter/g6085/Y                                 -       B->Y   F     MX2XL          1   0.5    40   129    2682    (-,-) 
  fir_filter/WALLACE_CSA_DUMMY_OP_groupi_g1074/S     -       CI->S  R     ADDFX1         1   0.8    46   290    2972    (-,-) 
  fir_filter/WALLACE_CSA_DUMMY_OP_groupi_g1059/CO    -       B->CO  R     ADDFX1         1   0.6    39   203    3174    (-,-) 
  fir_filter/WALLACE_CSA_DUMMY_OP_groupi_g1058/CO    -       CI->CO R     ADDFX1         1   0.6    39   186    3360    (-,-) 
  fir_filter/WALLACE_CSA_DUMMY_OP_groupi_g1057/CO    -       CI->CO R     ADDFX1         1   0.6    39   186    3546    (-,-) 
  fir_filter/WALLACE_CSA_DUMMY_OP_groupi_g1056/CO    -       CI->CO R     ADDFX1         1   0.6    39   186    3732    (-,-) 
  fir_filter/WALLACE_CSA_DUMMY_OP_groupi_g1055/CO    -       CI->CO R     ADDFX1         1   0.6    39   186    3918    (-,-) 
  fir_filter/WALLACE_CSA_DUMMY_OP_groupi_g1054/CO    -       CI->CO R     ADDFX1         1   0.6    39   186    4104    (-,-) 
  fir_filter/WALLACE_CSA_DUMMY_OP_groupi_g1053/CO    -       CI->CO R     ADDFX1         1   0.6    39   186    4290    (-,-) 
  fir_filter/WALLACE_CSA_DUMMY_OP_groupi_g1052/CO    -       CI->CO R     ADDFX1         1   0.6    39   186    4476    (-,-) 
  fir_filter/WALLACE_CSA_DUMMY_OP_groupi_g1051/CO    -       CI->CO R     ADDFX1         1   0.6    39   186    4662    (-,-) 
  fir_filter/WALLACE_CSA_DUMMY_OP_groupi_g1050/CO    -       CI->CO R     ADDFX1         1   0.6    39   186    4848    (-,-) 
  fir_filter/WALLACE_CSA_DUMMY_OP_groupi_g1049/CO    -       CI->CO R     ADDFX1         1   0.6    39   186    5034    (-,-) 
  fir_filter/WALLACE_CSA_DUMMY_OP_groupi_g1048/CO    -       CI->CO R     ADDFX1         1   0.6    39   186    5220    (-,-) 
  fir_filter/WALLACE_CSA_DUMMY_OP_groupi_g1047/CO    -       CI->CO R     ADDFX1         1   0.6    39   186    5406    (-,-) 
  fir_filter/WALLACE_CSA_DUMMY_OP_groupi_g1046/CO    -       CI->CO R     ADDFX1         1   0.6    39   186    5592    (-,-) 
  fir_filter/WALLACE_CSA_DUMMY_OP_groupi_g1045/CO    -       CI->CO R     ADDFX1         1   0.4    35   184    5776    (-,-) 
  fir_filter/WALLACE_CSA_DUMMY_OP_groupi_g1044/Y     -       B->Y   R     XNOR2X1        1   0.2    22   123    5899    (-,-) 
  fir_filter/sum_r_reg[1][22]/D                      <<<     -      R     DFFRX1         1     -     -     0    5899    (-,-) 
#-----------------------------------------------------------------------------------------------------------------------------

