============================================================
  Generated by:           Genus(TM) Synthesis Solution 21.18-s082_1
  Generated on:           Dec 08 2023  05:32:05 am
  Module:                 filter_top
  Operating conditions:   PVT_0P9V_125C (balanced_tree)
  Wireload mode:          enclosed
  Area mode:              timing library
============================================================

Timing
--------

Clock Period 
-------------
Clk   8000.0 


  Cost    Critical         Violating 
 Group   Path Slack  TNS     Paths   
-------------------------------------
Clk          1931.5   0.0          0 
default    No paths   0.0            
-------------------------------------
Total                 0.0          0 

Instance Count
--------------
Leaf Instance Count             22226 
Physical Instance count             0 
Sequential Instance Count        1198 
Combinational Instance Count    21028 
Hierarchical Instance Count         2 

Area
----
Cell Area                          66748.140
Physical Cell Area                 0.000
Total Cell Area (Cell+Physical)    66748.140
Net Area                           0.000
Total Area (Cell+Physical+Net)     66748.140

Max Fanout                         1133 (Clk)
Min Fanout                         0 (fir_filter/generate_multipliers[1].multiplier_next_r2[23]_1053)
Average Fanout                     1.7
Terms to net ratio                 2.7884
Terms to instance ratio            3.8797
Runtime                            708.0302100000004 seconds
Elapsed Runtime                    1027 seconds
Genus peak memory usage            2307.80 
Innovus peak memory usage          no_value 
Hostname                           arc-schaumont-class-vm.wpi.edu
