============================================================
  Generated by:           Genus(TM) Synthesis Solution 21.18-s082_1
  Generated on:           Dec 08 2023  03:50:03 am
  Module:                 filter_top
  Operating conditions:   PVT_0P9V_125C (balanced_tree)
  Wireload mode:          enclosed
  Area mode:              timing library
============================================================


Path 1: MET (2 ps) Setup Check with Pin fir_filter/sum_r_reg[31][22]/CK->SI
          Group: Clk
     Startpoint: (R) fir_filter/din_r_reg[1]/CK
          Clock: (R) Clk
       Endpoint: (R) fir_filter/sum_r_reg[31][22]/SI
          Clock: (R) Clk

                     Capture       Launch     
        Clock Edge:+    5000            0     
       Src Latency:+       0            0     
       Net Latency:+       0 (I)        0 (I) 
           Arrival:=    5000            0     
                                              
             Setup:-     204                  
     Required Time:=    4796                  
      Launch Clock:-       0                  
         Data Path:-    4793                  
             Slack:=       2                  

#------------------------------------------------------------------------------------------------------------------------------------
#                       Timing Point                        Flags    Arc   Edge   Cell     Fanout  Load Trans Delay Arrival Instance 
#                                                                                                  (fF)  (ps)  (ps)   (ps)  Location 
#------------------------------------------------------------------------------------------------------------------------------------
  fir_filter/din_r_reg[1]/CK                                -       -      R     (arrival)   1133     -     0     0       0    (-,-) 
  fir_filter/din_r_reg[1]/Q                                 -       CK->Q  R     DFFRHQX1      10  10.2   223   344     344    (-,-) 
  fir_filter/g127791/Y                                      -       A->Y   F     CLKINVX20    403 161.9   273   250     594    (-,-) 
  fir_filter/hi_fo_buf129097/Y                              -       A->Y   R     INVX3          1   4.9    80   159     753    (-,-) 
  fir_filter/hi_fo_buf129096/Y                              -       A->Y   F     INVX12       258 103.2   256   179     932    (-,-) 
  fir_filter/g120261/Y                                      -       A->Y   R     NOR2X1         1   0.8    83   182    1114    (-,-) 
  fir_filter/WALLACE_CSA_DUMMY_OP299_groupi_cdnfadd_004_0/S -       A->S   F     ADDFX1         1   0.5    40   326    1440    (-,-) 
  fir_filter/WALLACE_CSA_DUMMY_OP299_groupi_cdnfadd_004_1/S -       CI->S  R     ADDFX1         2   0.8    46   290    1731    (-,-) 
  fir_filter/WALLACE_CSA_DUMMY_OP299_groupi_g1182/Y         -       B->Y   F     NAND2X1        2   0.6    70    72    1803    (-,-) 
  fir_filter/WALLACE_CSA_DUMMY_OP299_groupi_g1177/Y         -       B0->Y  R     OAI21X1        2   0.4    59    55    1858    (-,-) 
  fir_filter/WALLACE_CSA_DUMMY_OP299_groupi_g1170/Y         -       AN->Y  R     NOR2BX1        1   0.4    46   107    1965    (-,-) 
  fir_filter/WALLACE_CSA_DUMMY_OP299_groupi_g1169/Y         -       B->Y   F     NOR2X1         2   0.6    43    48    2012    (-,-) 
  fir_filter/WALLACE_CSA_DUMMY_OP299_groupi_g1158/Y         -       A->Y   R     NOR2X1         1   0.4    46    63    2075    (-,-) 
  fir_filter/WALLACE_CSA_DUMMY_OP299_groupi_g1157/Y         -       B->Y   F     NOR2X1         2   0.6    44    48    2122    (-,-) 
  fir_filter/WALLACE_CSA_DUMMY_OP299_groupi_g1150/Y         -       A0->Y  R     OAI21X1        1   0.8    77    87    2210    (-,-) 
  fir_filter/WALLACE_CSA_DUMMY_OP299_groupi_g1130/CO        -       B->CO  R     ADDFX1         2   0.4    35   216    2426    (-,-) 
  fir_filter/g129405/Y                                      -       A->Y   R     XNOR2XL        2   0.6    36   149    2575    (-,-) 
  fir_filter/addinc_add_235_30_I31_spec1_g1057/Y            -       B->Y   R     OR2X1          2   0.8    30    78    2652    (-,-) 
  fir_filter/addinc_add_235_30_I31_spec1_g1025/Y            -       B0->Y  F     OAI211X1       1   0.3   125   132    2784    (-,-) 
  fir_filter/addinc_add_235_30_I31_spec1_g1024/Y            -       B->Y   R     NAND2X1        1   0.4    42    87    2871    (-,-) 
  fir_filter/addinc_add_235_30_I31_spec1_g1023/Y            -       B0->Y  F     OAI21X1        1   0.4    73    82    2953    (-,-) 
  fir_filter/addinc_add_235_30_I31_spec1_g1022/Y            -       B0->Y  R     OAI2BB1X1      1   0.6    40    63    3016    (-,-) 
  fir_filter/addinc_add_235_30_I31_spec1_g1021/CO           -       CI->CO R     ADDFX1         1   0.6    39   186    3202    (-,-) 
  fir_filter/addinc_add_235_30_I31_spec1_g1020/CO           -       CI->CO R     ADDFX1         1   0.6    39   186    3388    (-,-) 
  fir_filter/addinc_add_235_30_I31_spec1_g1019/CO           -       CI->CO R     ADDFX1         1   0.6    39   186    3574    (-,-) 
  fir_filter/addinc_add_235_30_I31_spec1_g1018/CO           -       CI->CO R     ADDFX1         1   0.6    39   186    3760    (-,-) 
  fir_filter/addinc_add_235_30_I31_spec1_g1017/CO           -       CI->CO R     ADDFX1         4   1.2    51   193    3953    (-,-) 
  fir_filter/g130100/Y                                      -       C->Y   F     NAND4BBXL      1   0.3   199   188    4141    (-,-) 
  fir_filter/addinc_add_235_30_I31_spec1_g1014/Y            -       C0->Y  R     OAI211X1       1   0.6    83   134    4276    (-,-) 
  fir_filter/addinc_add_235_30_I31_spec1_g1007/CO           -       CI->CO R     ADDFX1         1   0.6    39   209    4484    (-,-) 
  fir_filter/addinc_add_235_30_I31_spec1_g1005/CO           -       CI->CO R     ADDFX1         1   0.4    35   184    4668    (-,-) 
  fir_filter/addinc_add_235_30_I31_spec1_g1004/Y            -       B->Y   R     XNOR2X1        1   0.4    26   125    4793    (-,-) 
  fir_filter/sum_r_reg[31][22]/SI                           <<<     -      R     SDFFRHQX1      1     -     -     0    4793    (-,-) 
#------------------------------------------------------------------------------------------------------------------------------------

