============================================================
  Generated by:           Genus(TM) Synthesis Solution 21.18-s082_1
  Generated on:           Dec 08 2023  06:28:04 am
  Module:                 filter_top
  Operating conditions:   PVT_0P9V_125C (balanced_tree)
  Wireload mode:          enclosed
  Area mode:              timing library
============================================================

Timing
--------

Clock  Period 
--------------
Clk   11000.0 


  Cost    Critical         Violating 
 Group   Path Slack  TNS     Paths   
-------------------------------------
Clk          4976.8   0.0          0 
default    No paths   0.0            
-------------------------------------
Total                 0.0          0 

Instance Count
--------------
Leaf Instance Count             22218 
Physical Instance count             0 
Sequential Instance Count        1198 
Combinational Instance Count    21020 
Hierarchical Instance Count         2 

Area
----
Cell Area                          66743.694
Physical Cell Area                 0.000
Total Cell Area (Cell+Physical)    66743.694
Net Area                           0.000
Total Area (Cell+Physical+Net)     66743.694

Max Fanout                         1133 (Clk)
Min Fanout                         0 (fir_filter/generate_multipliers[1].multiplier_next_r2[23]_1053)
Average Fanout                     1.7
Terms to net ratio                 2.7884
Terms to instance ratio            3.8803
Runtime                            705.2185850000003 seconds
Elapsed Runtime                    1012 seconds
Genus peak memory usage            2317.11 
Innovus peak memory usage          no_value 
Hostname                           arc-schaumont-class-vm.wpi.edu
