============================================================
  Generated by:           Genus(TM) Synthesis Solution 21.18-s082_1
  Generated on:           Dec 08 2023  03:50:06 am
  Module:                 filter_top
  Operating conditions:   PVT_0P9V_125C (balanced_tree)
  Wireload mode:          enclosed
  Area mode:              timing library
============================================================

Timing
--------

Clock Period 
-------------
Clk   5000.0 


  Cost    Critical         Violating 
 Group   Path Slack  TNS     Paths   
-------------------------------------
Clk             2.5   0.0          0 
default    No paths   0.0            
-------------------------------------
Total                 0.0          0 

Instance Count
--------------
Leaf Instance Count             26741 
Physical Instance count             0 
Sequential Instance Count        1198 
Combinational Instance Count    25543 
Hierarchical Instance Count         2 

Area
----
Cell Area                          73107.630
Physical Cell Area                 0.000
Total Cell Area (Cell+Physical)    73107.630
Net Area                           0.000
Total Area (Cell+Physical+Net)     73107.630

Max Fanout                         1133 (Clk)
Min Fanout                         0 (fir_filter/n_2071)
Average Fanout                     1.8
Terms to net ratio                 2.8881
Terms to instance ratio            3.7761
Runtime                            723.0791099999994 seconds
Elapsed Runtime                    1024 seconds
Genus peak memory usage            2738.86 
Innovus peak memory usage          no_value 
Hostname                           arc-schaumont-class-vm.wpi.edu
