============================================================
  Generated by:           Genus(TM) Synthesis Solution 21.18-s082_1
  Generated on:           Dec 08 2023  01:21:35 am
  Module:                 filter_top
  Operating conditions:   PVT_0P9V_125C (balanced_tree)
  Wireload mode:          enclosed
  Area mode:              timing library
============================================================


Path 1: VIOLATED (-933 ps) Setup Check with Pin fir_filter/sum_r_reg[2][21]/CK->SI
          Group: Clk
     Startpoint: (R) fir_filter/coefficients_r_reg[29][1]/CK
          Clock: (R) Clk
       Endpoint: (R) fir_filter/sum_r_reg[2][21]/SI
          Clock: (R) Clk

                     Capture       Launch     
        Clock Edge:+    2000            0     
       Src Latency:+       0            0     
       Net Latency:+       0 (I)        0 (I) 
           Arrival:=    2000            0     
                                              
             Setup:-     225                  
     Required Time:=    1775                  
      Launch Clock:-       0                  
         Data Path:-    2709                  
             Slack:=    -933                  

#---------------------------------------------------------------------------------------------------------------------------
#                   Timing Point                    Flags    Arc   Edge   Cell     Fanout Load Trans Delay Arrival Instance 
#                                                                                         (fF)  (ps)  (ps)   (ps)  Location 
#---------------------------------------------------------------------------------------------------------------------------
  fir_filter/coefficients_r_reg[29][1]/CK           -       -      R     (arrival)   1133    -     0     0       0    (-,-) 
  fir_filter/coefficients_r_reg[29][1]/Q            -       CK->Q  F     DFFRHQX4       6  3.4    39   238     238    (-,-) 
  fir_filter/g270165/Y                              -       A->Y   R     NOR2X4         5  2.9    58    65     304    (-,-) 
  fir_filter/g207138/Y                              -       A->Y   F     NAND2X2        1  0.7    60    78     382    (-,-) 
  fir_filter/g187874/Y                              -       A->Y   R     NOR2X2         4  1.3    59    76     457    (-,-) 
  fir_filter/g198178/Y                              -       B->Y   F     NAND2X1        2  0.9    86    89     546    (-,-) 
  fir_filter/g221812/Y                              -       A->Y   R     NAND2X2        4  1.4    42    67     613    (-,-) 
  fir_filter/fopt230224/Y                           -       A->Y   R     BUFX3          4  3.2    37    90     703    (-,-) 
  fir_filter/g233686/Y                              -       B->Y   F     NOR2X2         3  1.0    37    39     742    (-,-) 
  fir_filter/g213925/Y                              -       A1->Y  R     OAI21X1        1  0.4    59    64     805    (-,-) 
  fir_filter/g248234/Y                              -       B0->Y  F     OAI2BB1X1      2  0.5    66    87     892    (-,-) 
  fir_filter/g219784/Y                              -       A->Y   R     INVX1          3  0.8    35    55     947    (-,-) 
  fir_filter/g219782/Y                              -       C->Y   F     NAND3X1        1  0.2    92    83    1030    (-,-) 
  fir_filter/g247881/Y                              -       B1->Y  F     AO22XL         4  1.1    68   161    1192    (-,-) 
  fir_filter/g183879/Y                              -       A->Y   R     INVXL          1  0.4    32    58    1249    (-,-) 
  fir_filter/g183878/Y                              -       B->Y   F     MXI2X1         1  0.4    84    89    1338    (-,-) 
  fir_filter/g183876/Y                              -       B->Y   R     XOR2XL         3  0.8    44   148    1486    (-,-) 
  fir_filter/WALLACE_CSA_DUMMY_OP241_groupi_g6542/Y -       A->Y   F     NAND2XL        2  0.5    90    93    1579    (-,-) 
  fir_filter/g183901/Y                              -       B->Y   R     NAND2BXL       1  0.4    41    74    1652    (-,-) 
  fir_filter/g204549/Y                              -       B->Y   F     NOR2X1         3  0.6    50    45    1697    (-,-) 
  fir_filter/g204548/Y                              -       A->Y   F     OR2X1          2  1.4    51   137    1834    (-,-) 
  fir_filter/g228314/Y                              -       A->Y   R     NOR3X2         1  0.8    77   107    1941    (-,-) 
  fir_filter/g269392/Y                              -       A->Y   F     NOR2X2         5  1.5    49    71    2012    (-,-) 
  fir_filter/g269394/Y                              -       B->Y   R     NOR2X1         4  0.8    64    67    2079    (-,-) 
  fir_filter/g269393/Y                              -       A1->Y  F     OAI21XL        1  0.3    85    99    2178    (-,-) 
  fir_filter/g229058/Y                              -       B->Y   R     NAND2X1        2  0.6    39    66    2244    (-,-) 
  fir_filter/g212575/Y                              -       B->Y   F     NOR2X1         1  0.7    45    45    2289    (-,-) 
  fir_filter/g212574/Y                              -       B->Y   R     NOR2X2         2  1.2    55    58    2346    (-,-) 
  fir_filter/g229049/Y                              -       A0->Y  F     AOI21X1        3  0.6    83   106    2452    (-,-) 
  fir_filter/g223522/Y                              -       A1N->Y F     AOI2BB1X1      1  0.4    34   128    2580    (-,-) 
  fir_filter/g251193/Y                              -       A->Y   R     NAND2X1        1  0.6    34    41    2621    (-,-) 
  fir_filter/g251192/Y                              -       S0->Y  R     MXI2X1         1  0.4    66    88    2709    (-,-) 
  fir_filter/sum_r_reg[2][21]/SI                    <<<     -      R     SDFFRHQX1      1    -     -     0    2709    (-,-) 
#---------------------------------------------------------------------------------------------------------------------------

