============================================================
  Generated by:           Genus(TM) Synthesis Solution 21.18-s082_1
  Generated on:           Dec 06 2023  11:03:42 pm
  Module:                 fir_transpose
  Operating conditions:   PVT_1P32V_0C (balanced_tree)
  Wireload mode:          enclosed
  Area mode:              timing library
============================================================

Timing
--------

Clock Period 
-------------
Clk   2000.0 


  Cost    Critical         Violating 
 Group   Path Slack  TNS     Paths   
-------------------------------------
Clk           706.9   0.0          0 
default    No paths   0.0            
-------------------------------------
Total                 0.0          0 

Instance Count
--------------
Leaf Instance Count             21914 
Physical Instance count             0 
Sequential Instance Count        1133 
Combinational Instance Count    20781 
Hierarchical Instance Count         0 

Area
----
Cell Area                          65762.154
Physical Cell Area                 0.000
Total Cell Area (Cell+Physical)    65762.154
Net Area                           0.000
Total Area (Cell+Physical+Net)     65762.154

Max Fanout                         1133 (Clk)
Min Fanout                         0 (generate_multipliers[1].multiplier_next_r2[23]_1053)
Average Fanout                     1.7
Terms to net ratio                 2.7700
Terms to instance ratio            3.8794
Runtime                            710.8582969999995 seconds
Elapsed Runtime                    796 seconds
Genus peak memory usage            2312.02 
Innovus peak memory usage          no_value 
Hostname                           arc-schaumont-class-vm.wpi.edu
