###############################################################
#  Generated by:      Cadence Tempus 22.10-p001_1
#  OS:                Linux x86_64(Host ID arc-schaumont-class-vm)
#  Generated on:      Wed Dec  6 23:42:37 2023
#  Design:            fir_transpose
#  Command:           report_timing -early -max_paths 3 > early.rpt
###############################################################
Path 1: VIOLATED Removal Check with Pin din_r_reg[9]/CK 
Endpoint:   din_r_reg[9]/RN (^) checked with  leading edge of 'Clk'
Beginpoint: Reset           (v) triggered by  leading edge of 'Clk'
Path Groups: {async_default}
Other End Arrival Time          0.057
+ Removal                       0.037
+ Phase Shift                   0.000
= Required Time                 0.094
  Arrival Time                  0.076
  Slack Time                   -0.018
     Clock Rise Edge                      0.000
     + Input Delay                        0.000
     = Beginpoint Arrival Time            0.000
      ----------------------------------------------------------
      Instance      Arc         Cell    Delay  Arrival  Required  
                                               Time     Time  
      ----------------------------------------------------------
      -             Reset v     -       -      0.000    0.018  
      g632964       A v -> Y ^  INVX3   0.076  0.076    0.094  
      din_r_reg[9]  RN ^        DFFRX1  0.000  0.076    0.094  
      ----------------------------------------------------------
Path 2: VIOLATED Removal Check with Pin din_r_reg[7]/CK 
Endpoint:   din_r_reg[7]/RN (^) checked with  leading edge of 'Clk'
Beginpoint: Reset           (v) triggered by  leading edge of 'Clk'
Path Groups: {async_default}
Other End Arrival Time          0.057
+ Removal                       0.037
+ Phase Shift                   0.000
= Required Time                 0.094
  Arrival Time                  0.076
  Slack Time                   -0.018
     Clock Rise Edge                      0.000
     + Input Delay                        0.000
     = Beginpoint Arrival Time            0.000
      ----------------------------------------------------------
      Instance      Arc         Cell    Delay  Arrival  Required  
                                               Time     Time  
      ----------------------------------------------------------
      -             Reset v     -       -      0.000    0.018  
      g632964       A v -> Y ^  INVX3   0.076  0.076    0.094  
      din_r_reg[7]  RN ^        DFFRX1  0.000  0.076    0.094  
      ----------------------------------------------------------
Path 3: VIOLATED Removal Check with Pin din_r_reg[11]/CK 
Endpoint:   din_r_reg[11]/RN (^) checked with  leading edge of 'Clk'
Beginpoint: Reset            (v) triggered by  leading edge of 'Clk'
Path Groups: {async_default}
Other End Arrival Time          0.057
+ Removal                       0.037
+ Phase Shift                   0.000
= Required Time                 0.094
  Arrival Time                  0.076
  Slack Time                   -0.018
     Clock Rise Edge                      0.000
     + Input Delay                        0.000
     = Beginpoint Arrival Time            0.000
      -------------------------------------------------------------
      Instance       Arc         Cell      Delay  Arrival  Required  
                                                  Time     Time  
      -------------------------------------------------------------
      -              Reset v     -         -      0.000    0.018  
      g632964        A v -> Y ^  INVX3     0.076  0.076    0.094  
      din_r_reg[11]  RN ^        DFFRHQX1  0.001  0.076    0.094  
      -------------------------------------------------------------

