###############################################################
#  Generated by:      Cadence Tempus 22.10-p001_1
#  OS:                Linux x86_64(Host ID arc-schaumont-class-vm)
#  Generated on:      Mon Dec  4 20:17:36 2023
#  Design:            filter_top
#  Command:           report_timing -late -max_paths 3 > late.rpt
###############################################################
Path 1: MET Setup Check with Pin fir_filter_sum_r_reg[29][22]/CK 
Endpoint:   fir_filter_sum_r_reg[29][22]/D (^) checked with  leading edge of 'Clk'
Beginpoint: fir_filter_din_r_reg[1]/QN     (v) triggered by  leading edge of 'Clk'
Path Groups: {Clk}
Other End Arrival Time          0.039
- Setup                         0.014
+ Phase Shift                   2.000
= Required Time                 2.025
- Arrival Time                  1.840
= Slack Time                    0.185
     Clock Rise Edge                 0.000
     + Clock Network Latency (Prop)  0.028
     = Beginpoint Arrival Time       0.028
      ------------------------------------------------------------------------------
      Instance                      Arc           Cell      Delay  Arrival  Required  
                                                                   Time     Time  
      ------------------------------------------------------------------------------
      fir_filter_din_r_reg[1]       CK ^          -         -      0.028    0.213  
      fir_filter_din_r_reg[1]       CK ^ -> QN v  DFFRX1    0.152  0.181    0.365  
      FE_OFC396_n_31631             A v -> Y ^    INVX1     0.110  0.291    0.475  
      FE_OFC401_n_31631             A ^ -> Y v    INVX3     0.114  0.405    0.590  
      FE_OFC351_n_31631             A v -> Y ^    INVX1     0.052  0.457    0.642  
      FE_OFC266_n_31631             A ^ -> Y v    INVX3     0.086  0.544    0.728  
      FE_OFC429_FE_OFN47_n_31631    A v -> Y v    CLKBUFX3  0.126  0.669    0.854  
      FE_OFC375_n_31631             A v -> Y ^    INVX1     0.089  0.759    0.943  
      FE_OFC379_n_31631             A ^ -> Y v    INVX1     0.112  0.870    1.055  
      g858476                       B v -> Y ^    NOR2BX1   0.054  0.924    1.109  
      g856735                       CI ^ -> S v   ADDFX1    0.052  0.976    1.161  
      g854812                       CI v -> S ^   ADDFX1    0.049  1.025    1.210  
      g852775                       CI ^ -> S v   ADDFX1    0.048  1.073    1.258  
      g852400                       A v -> Y ^    MXI2XL    0.023  1.096    1.281  
      g844688__8428                 CI ^ -> S v   ADDFX1    0.052  1.148    1.333  
      g844658__7098                 CI v -> CO v  ADDFX1    0.035  1.183    1.368  
      g844618__5122                 A v -> CO v   ADDFX1    0.037  1.220    1.404  
      g844575__1881                 A v -> CO v   ADDFX1    0.036  1.256    1.440  
      g844547__1705                 A v -> CO v   ADDFX1    0.038  1.294    1.478  
      g844515__5122                 A v -> CO v   ADDFX1    0.037  1.330    1.515  
      g844487__6161                 CI v -> CO v  ADDFX1    0.036  1.366    1.551  
      g844464__1617                 A v -> CO v   ADDFX1    0.038  1.404    1.589  
      g844441__9945                 CI v -> CO v  ADDFX1    0.034  1.438    1.623  
      g844416__6783                 CI v -> CO v  ADDFX1    0.036  1.474    1.659  
      g844397__4733                 CI v -> CO v  ADDFX1    0.036  1.510    1.694  
      g844374__8428                 CI v -> CO v  ADDFX1    0.034  1.543    1.728  
      g844351__6161                 CI v -> CO v  ADDFX1    0.033  1.577    1.761  
      g844330__1617                 CI v -> CO v  ADDFX1    0.035  1.612    1.796  
      g844316__7410                 CI v -> CO v  ADDFX1    0.034  1.646    1.831  
      g844303__5115                 CI v -> CO v  ADDFX1    0.035  1.681    1.865  
      g844289__1617                 CI v -> CO v  ADDFX1    0.034  1.715    1.899  
      g844277__5107                 CI v -> CO v  ADDFX1    0.033  1.748    1.932  
      g844269__2883                 CI v -> CO v  ADDFX1    0.033  1.780    1.965  
      g844262__6161                 B v -> Y v    XNOR2X1   0.025  1.806    1.990  
      g844261__5115                 B v -> Y ^    XNOR2X1   0.034  1.840    2.025  
      fir_filter_sum_r_reg[29][22]  D ^           DFFQXL    0.000  1.840    2.025  
      ------------------------------------------------------------------------------
Path 2: MET Setup Check with Pin fir_filter_sum_r_reg[31][22]/CK 
Endpoint:   fir_filter_sum_r_reg[31][22]/D (^) checked with  leading edge of 'Clk'
Beginpoint: fir_filter_din_r_reg[1]/QN     (v) triggered by  leading edge of 'Clk'
Path Groups: {Clk}
Other End Arrival Time          0.039
- Setup                         0.013
+ Phase Shift                   2.000
= Required Time                 2.026
- Arrival Time                  1.840
= Slack Time                    0.186
     Clock Rise Edge                 0.000
     + Clock Network Latency (Prop)  0.028
     = Beginpoint Arrival Time       0.028
      -------------------------------------------------------------------------------
      Instance                      Arc           Cell       Delay  Arrival  Required  
                                                                    Time     Time  
      -------------------------------------------------------------------------------
      fir_filter_din_r_reg[1]       CK ^          -          -      0.028    0.214  
      fir_filter_din_r_reg[1]       CK ^ -> QN v  DFFRX1     0.152  0.181    0.367  
      FE_OFC396_n_31631             A v -> Y ^    INVX1      0.110  0.291    0.477  
      FE_OFC401_n_31631             A ^ -> Y v    INVX3      0.114  0.405    0.592  
      FE_OFC351_n_31631             A v -> Y ^    INVX1      0.052  0.457    0.644  
      FE_OFC266_n_31631             A ^ -> Y v    INVX3      0.086  0.544    0.730  
      FE_OFC429_FE_OFN47_n_31631    A v -> Y v    CLKBUFX3   0.126  0.669    0.856  
      FE_OFC375_n_31631             A v -> Y ^    INVX1      0.089  0.759    0.945  
      FE_OFC378_n_31631             A ^ -> Y v    INVX2      0.109  0.868    1.054  
      g862467                       A v -> Y ^    NOR2X1     0.052  0.920    1.106  
      g861037                       A ^ -> Y v    NAND2X1    0.028  0.948    1.134  
      g858034                       A0N v -> Y v  OAI2BB1X1  0.025  0.973    1.159  
      g857425                       B0 v -> Y ^   OAI21X1    0.014  0.987    1.173  
      g856578                       A1 ^ -> Y v   OAI21X1    0.018  1.005    1.192  
      g855302                       B v -> Y ^    XNOR2X1    0.027  1.032    1.219  
      g854535                       A ^ -> Y ^    MX2X1      0.029  1.061    1.247  
      g853922                       B ^ -> Y v    XNOR2X1    0.026  1.087    1.273  
      g853899                       A v -> Y ^    INVX1      0.007  1.094    1.280  
      g844614__8428                 B ^ -> Y v    NOR2BX1    0.009  1.103    1.289  
      g844605__2346                 B v -> Y v    OR2X1      0.022  1.125    1.311  
      g844591__1705                 A1 v -> Y ^   OAI221X1   0.021  1.146    1.332  
      g844584__4319                 C ^ -> Y v    NAND3BXL   0.022  1.168    1.354  
      g844550__5122                 A0N v -> Y v  OAI2BB1X1  0.025  1.193    1.379  
      g844536__5477                 A1 v -> Y ^   OAI22X1    0.019  1.212    1.398  
      g844529__9315                 B0 ^ -> Y v   AOI21X1    0.013  1.225    1.411  
      g844502__6783                 A2 v -> Y ^   OAI32X1    0.027  1.252    1.438  
      g844494__2398                 B0 ^ -> Y v   AOI21X1    0.015  1.267    1.453  
      g844452__2883                 A1 v -> Y ^   OAI22X1    0.019  1.286    1.472  
      g844449__5115                 B0 ^ -> Y v   OAI2BB1X1  0.020  1.306    1.492  
      g844425__3680                 A0 v -> Y ^   OAI21X1    0.018  1.325    1.511  
      g844423__6260                 B0 ^ -> Y v   OAI2BB1X1  0.018  1.343    1.529  
      g844403__2883                 A1 v -> Y ^   OAI21X1    0.019  1.362    1.548  
      g844381__5526                 C ^ -> Y v    NAND3BXL   0.020  1.382    1.568  
      g844377__1666                 A1N v -> Y v  OAI2BB1X1  0.029  1.410    1.596  
      g844358__7098                 CI v -> CO v  ADDFX1     0.037  1.447    1.633  
      g844337__4319                 CI v -> CO v  ADDFX1     0.035  1.483    1.669  
      g844320__9945                 CI v -> CO v  ADDFX1     0.035  1.518    1.704  
      g844306__8246                 CI v -> CO v  ADDFX1     0.034  1.552    1.738  
      g844294__8428                 CI v -> CO v  ADDFX1     0.034  1.586    1.772  
      g844280__1666                 CI v -> CO v  ADDFX1     0.034  1.620    1.806  
      g844270__4733                 CI v -> CO v  ADDFX1     0.034  1.653    1.839  
      g844258__7098                 CI v -> CO v  ADDFX1     0.033  1.687    1.873  
      g844252__2802                 CI v -> CO v  ADDFX1     0.033  1.720    1.906  
      g844243__5526                 CI v -> CO v  ADDFX1     0.034  1.754    1.940  
      g844240__6260                 CI v -> CO v  ADDFX1     0.033  1.786    1.973  
      g844238__5107                 B v -> Y v    XNOR2X1    0.024  1.810    1.996  
      g844237__2398                 B v -> Y ^    XNOR2X1    0.030  1.840    2.026  
      fir_filter_sum_r_reg[31][22]  D ^           DFFQXL     0.000  1.840    2.026  
      -------------------------------------------------------------------------------
Path 3: MET Setup Check with Pin fir_filter_sum_r_reg[30][22]/CK 
Endpoint:   fir_filter_sum_r_reg[30][22]/D (^) checked with  leading edge of 'Clk'
Beginpoint: fir_filter_din_r_reg[1]/QN     (v) triggered by  leading edge of 'Clk'
Path Groups: {Clk}
Other End Arrival Time          0.039
- Setup                         0.014
+ Phase Shift                   2.000
= Required Time                 2.025
- Arrival Time                  1.835
= Slack Time                    0.191
     Clock Rise Edge                 0.000
     + Clock Network Latency (Prop)  0.028
     = Beginpoint Arrival Time       0.028
      ------------------------------------------------------------------------------
      Instance                      Arc           Cell      Delay  Arrival  Required  
                                                                   Time     Time  
      ------------------------------------------------------------------------------
      fir_filter_din_r_reg[1]       CK ^          -         -      0.028    0.219  
      fir_filter_din_r_reg[1]       CK ^ -> QN v  DFFRX1    0.152  0.181    0.371  
      FE_OFC396_n_31631             A v -> Y ^    INVX1     0.110  0.291    0.482  
      FE_OFC401_n_31631             A ^ -> Y v    INVX3     0.114  0.405    0.596  
      FE_OFC351_n_31631             A v -> Y ^    INVX1     0.052  0.457    0.648  
      FE_OFC266_n_31631             A ^ -> Y v    INVX3     0.086  0.544    0.734  
      FE_OFC429_FE_OFN47_n_31631    A v -> Y v    CLKBUFX3  0.126  0.669    0.860  
      FE_OFC375_n_31631             A v -> Y ^    INVX1     0.089  0.759    0.949  
      FE_OFC378_n_31631             A ^ -> Y v    INVX2     0.109  0.868    1.058  
      g858234                       B v -> Y ^    NOR2BX1   0.056  0.924    1.114  
      g856775                       CI ^ -> S v   ADDFX1    0.052  0.976    1.167  
      g854860                       CI v -> S ^   ADDFX1    0.049  1.025    1.216  
      g852836                       CI ^ -> S v   ADDFX1    0.049  1.074    1.265  
      g852409                       A v -> Y ^    MXI2XL    0.025  1.099    1.290  
      g844619__8246                 CI ^ -> S v   ADDFX1    0.053  1.152    1.343  
      g844588__5115                 CI v -> CO v  ADDFX1    0.036  1.188    1.379  
      g844555__4733                 A v -> CO v   ADDFX1    0.037  1.225    1.416  
      g844516__6417                 A v -> CO v   ADDFX1    0.036  1.262    1.453  
      g844488__9315                 A v -> CO v   ADDFX1    0.037  1.299    1.490  
      g844457__3680                 CI v -> CO v  ADDFX1    0.035  1.334    1.525  
      g844432__9315                 CI v -> CO v  ADDFX1    0.035  1.368    1.559  
      g844409__5477                 A v -> CO v   ADDFX1    0.036  1.404    1.595  
      g844389__6131                 CI v -> CO v  ADDFX1    0.036  1.440    1.630  
      g844365__6417                 CI v -> CO v  ADDFX1    0.034  1.474    1.665  
      g844347__7482                 CI v -> CO v  ADDFX1    0.034  1.508    1.698  
      g844332__6783                 CI v -> CO v  ADDFX1    0.033  1.541    1.732  
      g844318__2346                 CI v -> CO v  ADDFX1    0.033  1.574    1.765  
      g844304__7098                 CI v -> CO v  ADDFX1    0.033  1.608    1.798  
      g844292__6783                 CI v -> CO v  ADDFX1    0.034  1.642    1.832  
      g844278__5477                 CI v -> CO v  ADDFX1    0.034  1.676    1.866  
      g844267__9945                 CI v -> CO v  ADDFX1    0.034  1.710    1.900  
      g844257__6131                 CI v -> CO v  ADDFX1    0.035  1.745    1.936  
      g844250__1705                 CI v -> CO v  ADDFX1    0.033  1.778    1.968  
      g844247__3680                 B v -> Y v    XNOR2X1   0.025  1.803    1.993  
      g844246__6783                 B v -> Y ^    XNOR2X1   0.032  1.835    2.025  
      fir_filter_sum_r_reg[30][22]  D ^           DFFQXL    0.000  1.835    2.025  
      ------------------------------------------------------------------------------

