###############################################################
#  Generated by:      Cadence Innovus 21.18-s099_1
#  OS:                Linux x86_64(Host ID arc-schaumont-class-vm)
#  Generated on:      Wed Dec  6 19:14:25 2023
#  Design:            filter_top
#  Command:           checkDesign -io -netlist -physicalLibrary -powerGround -tieHilo -timingLibrary -spef -floorplan -place -outdir checkDesign
###############################################################
Design: filter_top

------ Design Summary:
Total Standard Cell Number   (cells) : 53885
Total Block Cell Number      (cells) : 0
Total I/O Pad Cell Number    (cells) : 0
Total Standard Cell Area     ( um^2) : 96257.61
Total Block Cell Area        ( um^2) : 0.00
Total I/O Pad Cell Area      ( um^2) : 0.00

------ Design Statistics:

Number of Instances            : 53885
Number of Non-uniquified Insts : 53879
Number of Nets                 : 31892
Average number of Pins per Net : 2.78
Maximum number of Pins in Net  : 97

------ I/O Port summary

Number of Primary I/O Ports    : 30
Number of Input Ports          : 17
Number of Output Ports         : 13
Number of Bidirectional Ports  : 0
Number of Power/Ground Ports   : 0



------------------------------------------------------------
Detail report:


------ I/O Pad/Port Checking


------ Primitive Pins DRC Checking

**WARN: Instance 'spi_store2_reg[6]' has multiple input pins tied together to net 'FE_OFN31691_LTIEHI_NET'.
**WARN: Instance 'spi_store3_reg[5]' has multiple input pins tied together to net 'LTIEHI_NET'.
**WARN: Instance 'spi_store2_reg[7]' has multiple input pins tied together to net 'LTIEHI_NET'.
**WARN: Instance 'spi_store3_reg[7]' has multiple input pins tied together to net 'LTIEHI_NET'.
**WARN: Instance 'spi_store3_reg[6]' has multiple input pins tied together to net 'LTIEHI_NET'.
**WARN: Instance 'spi_store3_reg[3]' has multiple input pins tied together to net 'FE_OFN31691_LTIEHI_NET'.
**WARN: Instance 'spi_store3_reg[4]' has multiple input pins tied together to net 'FE_OFN31691_LTIEHI_NET'.
**WARN: Instance 'spi_store3_reg[0]' has multiple input pins tied together to net 'FE_OFN31691_LTIEHI_NET'.
**WARN: Instance 'spi_store2_reg[4]' has multiple input pins tied together to net 'FE_OFN31691_LTIEHI_NET'.
**WARN: Instance 'spi_store3_reg[1]' has multiple input pins tied together to net 'FE_OFN31691_LTIEHI_NET'.
**WARN: Instance 'spi_store3_reg[2]' has multiple input pins tied together to net 'FE_OFN31691_LTIEHI_NET'.
**WARN: Instance 'spi_store1_reg[3]' has multiple input pins tied together to net 'LTIEHI_NET'.
**WARN: Instance 'spi_store1_reg[0]' has multiple input pins tied together to net 'LTIEHI_NET'.
**WARN: Instance 'spi_store1_reg[1]' has multiple input pins tied together to net 'LTIEHI_NET'.
**WARN: Instance 'spi_store2_reg[0]' has multiple input pins tied together to net 'LTIEHI_NET'.
**WARN: Instance 'spi_store2_reg[1]' has multiple input pins tied together to net 'FE_OFN31691_LTIEHI_NET'.
**WARN: Instance 'spi_store1_reg[7]' has multiple input pins tied together to net 'LTIEHI_NET'.
**WARN: Instance 'spi_store1_reg[5]' has multiple input pins tied together to net 'LTIEHI_NET'.
**WARN: Instance 'spi_store2_reg[2]' has multiple input pins tied together to net 'LTIEHI_NET'.
**WARN: Instance 'spi_store1_reg[4]' has multiple input pins tied together to net 'LTIEHI_NET'.
**WARN: Instance 'spi_store2_reg[3]' has multiple input pins tied together to net 'FE_OFN31691_LTIEHI_NET'.
**WARN: Instance 'spi_store1_reg[6]' has multiple input pins tied together to net 'LTIEHI_NET'.
**WARN: Instance 'spi_store1_reg[2]' has multiple input pins tied together to net 'LTIEHI_NET'.
**WARN: Instance 'spi_reading_reg' has multiple input pins tied together to net 'LTIEHI_NET'.
**WARN: Instance 'spi_begin_count_reg' has multiple input pins tied together to net 'LTIEHI_NET'.
**WARN: Instance 'spi_writing_reg' has multiple input pins tied together to net 'LTIEHI_NET'.
**WARN: Instance 'spi_MISO_reg_reg[7]' has multiple input pins tied together to net 'FE_OFN31691_LTIEHI_NET'.
**WARN: Instance 'spi_MISO_reg_reg[9]' has multiple input pins tied together to net 'FE_OFN31691_LTIEHI_NET'.
**WARN: Instance 'spi_MISO_reg_reg[12]' has multiple input pins tied together to net 'FE_OFN31691_LTIEHI_NET'.
**WARN: Instance 'spi_MISO_reg_reg[4]' has multiple input pins tied together to net 'FE_OFN31691_LTIEHI_NET'.
**WARN: Instance 'spi_MISO_reg_reg[11]' has multiple input pins tied together to net 'FE_OFN31691_LTIEHI_NET'.
**WARN: Instance 'spi_MISO_reg_reg[13]' has multiple input pins tied together to net 'FE_OFN31691_LTIEHI_NET'.
**WARN: Instance 'spi_MISO_reg_reg[3]' has multiple input pins tied together to net 'FE_OFN31691_LTIEHI_NET'.
**WARN: Instance 'spi_read_address_reg[7]' has multiple input pins tied together to net 'FE_OFN31691_LTIEHI_NET'.
**WARN: Instance 'spi_MISO_reg_reg[10]' has multiple input pins tied together to net 'FE_OFN31691_LTIEHI_NET'.
**WARN: Instance 'spi_MISO_reg_reg[8]' has multiple input pins tied together to net 'FE_OFN31691_LTIEHI_NET'.
**WARN: Instance 'spi_MISO_reg_reg[2]' has multiple input pins tied together to net 'FE_OFN31691_LTIEHI_NET'.
**WARN: Instance 'spi_MISO_reg_reg[6]' has multiple input pins tied together to net 'FE_OFN31691_LTIEHI_NET'.
**WARN: Instance 'spi_MISO_reg_reg[5]' has multiple input pins tied together to net 'FE_OFN31691_LTIEHI_NET'.
**WARN: Instance 'spi_byte_received_reg[7]' has multiple input pins tied together to net 'FE_OFN31691_LTIEHI_NET'.
**WARN: Instance 'spi_read_address_reg[6]' has multiple input pins tied together to net 'FE_OFN31691_LTIEHI_NET'.
**WARN: Instance 'spi_read_address_reg[5]' has multiple input pins tied together to net 'FE_OFN31691_LTIEHI_NET'.
**WARN: Instance 'spi_byte_received_reg[6]' has multiple input pins tied together to net 'FE_OFN31691_LTIEHI_NET'.
**WARN: Instance 'spi_byte_received_reg[5]' has multiple input pins tied together to net 'FE_OFN31691_LTIEHI_NET'.
**WARN: Instance 'spi_read_address_reg[4]' has multiple input pins tied together to net 'FE_OFN31691_LTIEHI_NET'.
**WARN: Instance 'spi_read_address_reg[3]' has multiple input pins tied together to net 'FE_OFN31691_LTIEHI_NET'.
**WARN: Instance 'spi_byte_received_reg[4]' has multiple input pins tied together to net 'FE_OFN31691_LTIEHI_NET'.
**WARN: Instance 'spi_byte_received_reg[3]' has multiple input pins tied together to net 'LTIEHI_NET'.
**WARN: Instance 'spi_read_address_reg[2]' has multiple input pins tied together to net 'FE_OFN31691_LTIEHI_NET'.
**WARN: Instance 'spi_MISO_reg_reg[14]' has multiple input pins tied together to net 'FE_OFN31691_LTIEHI_NET'.
**WARN: Instance 'spi_MISO_reg_reg[15]' has multiple input pins tied together to net 'FE_OFN31691_LTIEHI_NET'.
**WARN: Instance 'spi_count_bits_reg[0]' has multiple input pins tied together to net 'LTIEHI_NET'.
**WARN: Instance 'spi_read_address_reg[1]' has multiple input pins tied together to net 'FE_OFN31691_LTIEHI_NET'.
**WARN: Instance 'spi_byte_received_reg[2]' has multiple input pins tied together to net 'FE_OFN31691_LTIEHI_NET'.
**WARN: Instance 'spi_read_address_reg[0]' has multiple input pins tied together to net 'FE_OFN31691_LTIEHI_NET'.
**WARN: Instance 'spi_count_bits_reg[1]' has multiple input pins tied together to net 'LTIEHI_NET'.
**WARN: Instance 'spi_byte_count_reg[0]' has multiple input pins tied together to net 'LTIEHI_NET'.
**WARN: Instance 'spi_byte_count_reg[1]' has multiple input pins tied together to net 'LTIEHI_NET'.
**WARN: Instance 'spi_read_que_reg' has multiple input pins tied together to net 'FE_OFN31691_LTIEHI_NET'.
**WARN: Instance 'spi_count_bits_reg[2]' has multiple input pins tied together to net 'LTIEHI_NET'.
**WARN: Instance 'spi_byte_received_reg[1]' has multiple input pins tied together to net 'LTIEHI_NET'.
**WARN: Instance 'spi_load_reg_reg' has multiple input pins tied together to net 'LTIEHI_NET'.
**WARN: Instance 'spi_MISO_reg' has multiple input pins tied together to net 'LTIEHI_NET'.
**WARN: Instance 'spi_byte_received_reg[0]' has multiple input pins tied together to net 'LTIEHI_NET'.

------ Primitive Net DRC Check

WARNING : Net n_31661 has no FanOut pin
WARNING : Net UNCONNECTED169 has no FanOut pin
WARNING : Net UNCONNECTED168 has no FanOut pin
WARNING : Net UNCONNECTED167 has no FanOut pin
WARNING : Net UNCONNECTED166 has no FanOut pin
WARNING : Net UNCONNECTED165 has no FanOut pin
WARNING : Net UNCONNECTED164 has no FanOut pin
WARNING : Net UNCONNECTED163 has no FanOut pin
WARNING : Net UNCONNECTED162 has no FanOut pin
WARNING : Net UNCONNECTED161 has no FanOut pin
WARNING : Net UNCONNECTED160 has no FanOut pin
WARNING : Net UNCONNECTED159 has no FanOut pin
WARNING : Net UNCONNECTED158 has no FanOut pin
WARNING : Net UNCONNECTED157 has no FanOut pin
WARNING : Net UNCONNECTED156 has no FanOut pin
WARNING : Net UNCONNECTED155 has no FanOut pin
WARNING : Net UNCONNECTED154 has no FanOut pin
WARNING : Net UNCONNECTED153 has no FanOut pin
WARNING : Net UNCONNECTED152 has no FanOut pin
WARNING : Net UNCONNECTED151 has no FanOut pin
WARNING : Net UNCONNECTED150 has no FanOut pin
WARNING : Net UNCONNECTED149 has no FanOut pin
WARNING : Net UNCONNECTED148 has no FanOut pin
WARNING : Net UNCONNECTED147 has no FanOut pin
WARNING : Net UNCONNECTED146 has no FanOut pin
WARNING : Net UNCONNECTED145 has no FanOut pin
WARNING : Net UNCONNECTED144 has no FanOut pin
WARNING : Net UNCONNECTED143 has no FanOut pin
WARNING : Net UNCONNECTED142 has no FanOut pin
WARNING : Net UNCONNECTED141 has no FanOut pin
WARNING : Net UNCONNECTED140 has no FanOut pin
WARNING : Net UNCONNECTED139 has no FanOut pin
WARNING : Net UNCONNECTED138 has no FanOut pin
WARNING : Net UNCONNECTED137 has no FanOut pin
WARNING : Net UNCONNECTED136 has no FanOut pin
WARNING : Net UNCONNECTED135 has no FanOut pin
WARNING : Net UNCONNECTED134 has no FanOut pin
WARNING : Net UNCONNECTED133 has no FanOut pin
WARNING : Net UNCONNECTED132 has no FanOut pin
WARNING : Net UNCONNECTED131 has no FanOut pin
WARNING : Net UNCONNECTED130 has no FanOut pin
WARNING : Net UNCONNECTED129 has no FanOut pin
WARNING : Net UNCONNECTED128 has no FanOut pin
WARNING : Net UNCONNECTED127 has no FanOut pin
WARNING : Net UNCONNECTED126 has no FanOut pin
WARNING : Net UNCONNECTED125 has no FanOut pin
WARNING : Net UNCONNECTED124 has no FanOut pin
WARNING : Net UNCONNECTED123 has no FanOut pin
WARNING : Net UNCONNECTED122 has no FanOut pin
WARNING : Net UNCONNECTED121 has no FanOut pin
WARNING : Net UNCONNECTED120 has no FanOut pin
WARNING : Net UNCONNECTED119 has no FanOut pin
WARNING : Net UNCONNECTED118 has no FanOut pin
WARNING : Net UNCONNECTED117 has no FanOut pin
WARNING : Net UNCONNECTED116 has no FanOut pin
WARNING : Net UNCONNECTED115 has no FanOut pin
WARNING : Net UNCONNECTED114 has no FanOut pin
WARNING : Net UNCONNECTED113 has no FanOut pin
WARNING : Net UNCONNECTED112 has no FanOut pin
WARNING : Net UNCONNECTED111 has no FanOut pin
WARNING : Net UNCONNECTED110 has no FanOut pin
WARNING : Net UNCONNECTED109 has no FanOut pin
WARNING : Net UNCONNECTED108 has no FanOut pin
WARNING : Net UNCONNECTED107 has no FanOut pin
WARNING : Net UNCONNECTED106 has no FanOut pin
WARNING : Net UNCONNECTED105 has no FanOut pin
WARNING : Net UNCONNECTED104 has no FanOut pin
WARNING : Net UNCONNECTED103 has no FanOut pin
WARNING : Net UNCONNECTED102 has no FanOut pin
WARNING : Net UNCONNECTED101 has no FanOut pin
WARNING : Net UNCONNECTED100 has no FanOut pin
WARNING : Net UNCONNECTED99 has no FanOut pin
WARNING : Net UNCONNECTED98 has no FanOut pin
WARNING : Net UNCONNECTED97 has no FanOut pin
WARNING : Net UNCONNECTED96 has no FanOut pin
WARNING : Net UNCONNECTED95 has no FanOut pin
WARNING : Net UNCONNECTED94 has no FanOut pin
WARNING : Net UNCONNECTED93 has no FanOut pin
WARNING : Net UNCONNECTED92 has no FanOut pin
WARNING : Net UNCONNECTED91 has no FanOut pin
WARNING : Net UNCONNECTED90 has no FanOut pin
WARNING : Net UNCONNECTED89 has no FanOut pin
WARNING : Net UNCONNECTED88 has no FanOut pin
WARNING : Net UNCONNECTED87 has no FanOut pin
WARNING : Net UNCONNECTED86 has no FanOut pin
WARNING : Net UNCONNECTED85 has no FanOut pin
WARNING : Net UNCONNECTED84 has no FanOut pin
WARNING : Net UNCONNECTED83 has no FanOut pin
WARNING : Net UNCONNECTED82 has no FanOut pin
WARNING : Net UNCONNECTED81 has no FanOut pin
WARNING : Net UNCONNECTED80 has no FanOut pin
WARNING : Net UNCONNECTED79 has no FanOut pin
WARNING : Net UNCONNECTED78 has no FanOut pin
WARNING : Net UNCONNECTED77 has no FanOut pin
WARNING : Net UNCONNECTED76 has no FanOut pin
WARNING : Net UNCONNECTED75 has no FanOut pin
WARNING : Net UNCONNECTED74 has no FanOut pin
WARNING : Net UNCONNECTED73 has no FanOut pin
WARNING : Net UNCONNECTED72 has no FanOut pin
WARNING : Net UNCONNECTED71 has no FanOut pin
WARNING : Net UNCONNECTED70 has no FanOut pin
WARNING : Net UNCONNECTED69 has no FanOut pin
WARNING : Net UNCONNECTED68 has no FanOut pin
WARNING : Net UNCONNECTED67 has no FanOut pin
WARNING : Net UNCONNECTED66 has no FanOut pin
WARNING : Net UNCONNECTED65 has no FanOut pin
WARNING : Net UNCONNECTED64 has no FanOut pin
WARNING : Net UNCONNECTED63 has no FanOut pin
WARNING : Net UNCONNECTED62 has no FanOut pin
WARNING : Net UNCONNECTED61 has no FanOut pin
WARNING : Net UNCONNECTED60 has no FanOut pin
WARNING : Net UNCONNECTED59 has no FanOut pin
WARNING : Net UNCONNECTED58 has no FanOut pin
WARNING : Net UNCONNECTED57 has no FanOut pin
WARNING : Net UNCONNECTED56 has no FanOut pin
WARNING : Net UNCONNECTED55 has no FanOut pin
WARNING : Net UNCONNECTED54 has no FanOut pin
WARNING : Net UNCONNECTED53 has no FanOut pin
WARNING : Net UNCONNECTED52 has no FanOut pin
WARNING : Net UNCONNECTED51 has no FanOut pin
WARNING : Net UNCONNECTED50 has no FanOut pin
WARNING : Net UNCONNECTED49 has no FanOut pin
WARNING : Net UNCONNECTED48 has no FanOut pin
WARNING : Net UNCONNECTED47 has no FanOut pin
WARNING : Net UNCONNECTED46 has no FanOut pin
WARNING : Net UNCONNECTED45 has no FanOut pin
WARNING : Net UNCONNECTED44 has no FanOut pin
WARNING : Net UNCONNECTED43 has no FanOut pin
WARNING : Net UNCONNECTED42 has no FanOut pin
WARNING : Net UNCONNECTED41 has no FanOut pin
WARNING : Net UNCONNECTED40 has no FanOut pin
WARNING : Net UNCONNECTED39 has no FanOut pin
WARNING : Net UNCONNECTED38 has no FanOut pin
WARNING : Net UNCONNECTED37 has no FanOut pin
WARNING : Net UNCONNECTED36 has no FanOut pin
WARNING : Net UNCONNECTED35 has no FanOut pin
WARNING : Net UNCONNECTED34 has no FanOut pin
WARNING : Net UNCONNECTED33 has no FanOut pin
WARNING : Net UNCONNECTED32 has no FanOut pin
WARNING : Net UNCONNECTED31 has no FanOut pin
WARNING : Net UNCONNECTED30 has no FanOut pin
WARNING : Net UNCONNECTED29 has no FanOut pin
WARNING : Net UNCONNECTED28 has no FanOut pin
WARNING : Net UNCONNECTED27 has no FanOut pin
WARNING : Net UNCONNECTED26 has no FanOut pin
WARNING : Net UNCONNECTED25 has no FanOut pin
WARNING : Net UNCONNECTED24 has no FanOut pin
WARNING : Net UNCONNECTED23 has no FanOut pin
WARNING : Net UNCONNECTED22 has no FanOut pin
WARNING : Net UNCONNECTED21 has no FanOut pin
WARNING : Net UNCONNECTED20 has no FanOut pin
WARNING : Net UNCONNECTED19 has no FanOut pin
WARNING : Net UNCONNECTED18 has no FanOut pin
WARNING : Net UNCONNECTED17 has no FanOut pin
WARNING : Net UNCONNECTED16 has no FanOut pin
WARNING : Net UNCONNECTED15 has no FanOut pin
WARNING : Net UNCONNECTED14 has no FanOut pin
WARNING : Net UNCONNECTED13 has no FanOut pin
WARNING : Net UNCONNECTED12 has no FanOut pin
WARNING : Net UNCONNECTED11 has no FanOut pin
WARNING : Net UNCONNECTED10 has no FanOut pin
WARNING : Net UNCONNECTED9 has no FanOut pin
WARNING : Net UNCONNECTED8 has no FanOut pin
WARNING : Net UNCONNECTED7 has no FanOut pin
WARNING : Net UNCONNECTED6 has no FanOut pin
WARNING : Net UNCONNECTED5 has no FanOut pin
WARNING : Net UNCONNECTED4 has no FanOut pin
WARNING : Net UNCONNECTED3 has no FanOut pin
WARNING : Net UNCONNECTED2 has no FanOut pin
WARNING : Net UNCONNECTED1 has no FanOut pin
WARNING : Net UNCONNECTED0 has no FanOut pin
WARNING : Net UNCONNECTED has no FanOut pin
WARNING : Net spi_count_bits[3] has no FanOut pin
WARNING : Net spi_store2[0] has no FanOut pin
WARNING : Net spi_store2[1] has no FanOut pin
WARNING : Net spi_store2[2] has no FanOut pin
WARNING : Net spi_store2[3] has no FanOut pin
WARNING : Net fir_filter_sum_r[0][23] has no FanOut pin
WARNING : Net fir_filter_sum_r[1][23] has no FanOut pin
WARNING : Net fir_filter_sum_r[2][23] has no FanOut pin
WARNING : Net fir_filter_sum_r[3][23] has no FanOut pin
WARNING : Net fir_filter_sum_r[4][23] has no FanOut pin
WARNING : Net fir_filter_sum_r[5][23] has no FanOut pin
WARNING : Net fir_filter_sum_r[6][23] has no FanOut pin
WARNING : Net fir_filter_sum_r[7][23] has no FanOut pin
WARNING : Net fir_filter_sum_r[8][23] has no FanOut pin
WARNING : Net fir_filter_sum_r[9][23] has no FanOut pin
WARNING : Net fir_filter_sum_r[10][23] has no FanOut pin
WARNING : Net fir_filter_sum_r[11][23] has no FanOut pin
WARNING : Net fir_filter_sum_r[12][23] has no FanOut pin
WARNING : Net fir_filter_sum_r[13][23] has no FanOut pin
WARNING : Net fir_filter_sum_r[14][23] has no FanOut pin
WARNING : Net fir_filter_sum_r[15][23] has no FanOut pin
WARNING : Net fir_filter_sum_r[16][23] has no FanOut pin
WARNING : Net fir_filter_sum_r[17][23] has no FanOut pin
WARNING : Net fir_filter_sum_r[18][23] has no FanOut pin
WARNING : Net fir_filter_sum_r[19][23] has no FanOut pin
WARNING : Net fir_filter_sum_r[20][23] has no FanOut pin
WARNING : Net fir_filter_sum_r[21][23] has no FanOut pin
WARNING : Net fir_filter_sum_r[22][23] has no FanOut pin
WARNING : Net fir_filter_sum_r[23][23] has no FanOut pin
WARNING : Net fir_filter_sum_r[24][23] has no FanOut pin
WARNING : Net fir_filter_sum_r[25][23] has no FanOut pin
WARNING : Net fir_filter_sum_r[26][23] has no FanOut pin
WARNING : Net fir_filter_sum_r[27][23] has no FanOut pin
WARNING : Net fir_filter_sum_r[28][23] has no FanOut pin
WARNING : Net fir_filter_sum_r[29][23] has no FanOut pin
WARNING : Net fir_filter_sum_r[30][23] has no FanOut pin
WARNING : Net n_31667 has 67 fanout
WARNING : Net n_31665 has 68 fanout
WARNING : Net n_31660 has 73 fanout
WARNING : Net FE_DBTN0_n_164 has 72 fanout
WARNING : Net FE_DBTN1_n_31631 has 54 fanout
WARNING : Net FE_DBTN2_n_100 has 74 fanout
WARNING : Net FE_DBTN4_n_30 has 52 fanout
WARNING : Net FE_OFN1_FE_DBTN3_n_31662 has 62 fanout
WARNING : Net FE_OFN5_FE_DBTN3_n_31662 has 65 fanout
WARNING : Net FE_OFN7_FE_DBTN3_n_31662 has 73 fanout
WARNING : Net FE_OFN8_FE_DBTN3_n_31662 has 61 fanout
WARNING : Net FE_OFN12_FE_DBTN3_n_31662 has 56 fanout
WARNING : Net FE_OFN17_n_37 has 55 fanout
WARNING : Net FE_OFN21_n_37 has 75 fanout
WARNING : Net FE_OFN25_n_37 has 68 fanout
WARNING : Net FE_OFN26_n_37 has 53 fanout
WARNING : Net FE_OFN30_n_70 has 58 fanout
WARNING : Net FE_OFN33_n_70 has 53 fanout
WARNING : Net FE_OFN37_n_70 has 58 fanout
WARNING : Net FE_OFN39_n_70 has 57 fanout
WARNING : Net FE_OFN40_n_70 has 59 fanout
WARNING : Net FE_OFN41_n_70 has 52 fanout
WARNING : Net FE_OFN44_n_31631 has 75 fanout
WARNING : Net FE_OFN45_n_31631 has 65 fanout
WARNING : Net FE_OFN47_n_31631 has 56 fanout
WARNING : Net FE_OFN51_n_31631 has 55 fanout
WARNING : Net FE_OFN58_n_31659 has 70 fanout
WARNING : Net FE_OFN60_n_31659 has 67 fanout
WARNING : Net FE_OFN68_n_31659 has 59 fanout
WARNING : Net FE_OFN75_n_31663 has 58 fanout
WARNING : Net FE_OFN78_n_31663 has 57 fanout
WARNING : Net FE_OFN81_n_31663 has 54 fanout
WARNING : Net FE_OFN85_n_31663 has 67 fanout
WARNING : Net FE_OFN86_n_31663 has 74 fanout
WARNING : Net FE_OFN90_n_31664 has 72 fanout
WARNING : Net FE_OFN97_n_31664 has 60 fanout
WARNING : Net FE_OFN99_n_31664 has 57 fanout
WARNING : Net FE_OFN100_n_31664 has 59 fanout
WARNING : Net FE_OFN102_n_31666 has 51 fanout
WARNING : Net FE_OFN103_n_31666 has 52 fanout
WARNING : Net FE_OFN111_n_31666 has 60 fanout
WARNING : Net FE_OFN112_n_31666 has 75 fanout
WARNING : Net FE_OFN114_n_31666 has 52 fanout
WARNING : Net FE_OFN118_n_31668 has 57 fanout
WARNING : Net FE_OFN119_n_31668 has 54 fanout
WARNING : Net FE_OFN121_n_31668 has 54 fanout
WARNING : Net FE_OFN123_n_31668 has 71 fanout
WARNING : Net FE_OFN125_n_31668 has 53 fanout
WARNING : Net FE_OFN128_n_31668 has 58 fanout
WARNING : Net FE_OFN130_n_31668 has 70 fanout
WARNING : Net FE_OFN131_FE_DBTN4_n_30 has 70 fanout
WARNING : Net FE_OFN133_FE_DBTN4_n_30 has 75 fanout
WARNING : Net FE_OFN134_FE_DBTN4_n_30 has 75 fanout
WARNING : Net FE_OFN135_FE_DBTN4_n_30 has 75 fanout
WARNING : Net FE_OFN137_FE_DBTN2_n_100 has 75 fanout
WARNING : Net FE_OFN138_FE_DBTN2_n_100 has 75 fanout
WARNING : Net FE_OFN139_FE_DBTN2_n_100 has 56 fanout
WARNING : Net FE_OFN140_FE_DBTN2_n_100 has 58 fanout
WARNING : Net FE_OFN141_FE_DBTN2_n_100 has 71 fanout
WARNING : Net FE_OFN145_FE_DBTN0_n_164 has 75 fanout
WARNING : Net FE_OFN146_FE_DBTN0_n_164 has 53 fanout
WARNING : Net FE_OFN147_FE_DBTN0_n_164 has 59 fanout
WARNING : Net FE_OFN148_FE_DBTN0_n_164 has 75 fanout
WARNING : Net FE_OFN149_FE_DBTN0_n_164 has 56 fanout
WARNING : Net FE_OFN150_FE_DBTN0_n_164 has 70 fanout
WARNING : Net FE_OFN171_n_37 has 51 fanout
WARNING : Net FE_OFN180_n_31660 has 74 fanout
WARNING : Net FE_OFN181_n_31660 has 55 fanout
WARNING : Net FE_OFN182_n_31660 has 51 fanout
WARNING : Net FE_OFN187_n_31665 has 72 fanout
WARNING : Net FE_OFN188_n_31665 has 53 fanout
WARNING : Net FE_OFN189_n_31667 has 63 fanout
WARNING : Net FE_OFN5200_FE_DBTN3_n_31662 has 61 fanout
WARNING : Net FE_OFN31674_n_31666 has 64 fanout
WARNING : Net FE_OFN31675_n_31666 has 52 fanout
WARNING : Net FE_OFN31686_n_31665 has 69 fanout
WARNING : Net LTIEHI_NET has 56 fanout
WARNING : Net CTS_9 has 81 fanout
WARNING : Net CTS_1 has 82 fanout
WARNING : Net CTS_2 has 64 fanout
WARNING : Net CTS_3 has 67 fanout
WARNING : Net CTS_4 has 91 fanout
WARNING : Net CTS_5 has 79 fanout
WARNING : Net CTS_6 has 86 fanout
WARNING : Net CTS_7 has 96 fanout
WARNING : Net FE_OFN31687_FE_OFN94_n_31664 has 68 fanout
WARNING : Net FE_OFN31691_LTIEHI_NET has 75 fanout
WARNING : Net FE_OFN31692_FE_OFN105_n_31666 has 60 fanout
WARNING : Net FE_OFN31693_FE_OFN47_n_31631 has 75 fanout
WARNING : Net SCK has 65 fanout

