============================================================
  Generated by:           Genus(TM) Synthesis Solution 21.18-s082_1
  Generated on:           Dec 07 2023  07:07:13 pm
  Module:                 filter_top
  Operating conditions:   PVT_1P32V_0C 
  Interconnect mode:      global
  Area mode:              physical library
============================================================


Path 1: MET (321 ps) Setup Check with Pin fir_filter/sum_r_reg[31][22]/CK->D
           View: func_default
          Group: Clk
     Startpoint: (R) fir_filter/din_r_reg[1]/CK
          Clock: (R) Clk
       Endpoint: (R) fir_filter/sum_r_reg[31][22]/D
          Clock: (R) Clk

                     Capture       Launch     
        Clock Edge:+    2000            0     
       Src Latency:+       0            0     
       Net Latency:+       0 (I)        0 (I) 
           Arrival:=    2000            0     
                                              
             Setup:-      16                  
     Required Time:=    1984                  
      Launch Clock:-       0                  
         Data Path:-    1664                  
             Slack:=     321                  

#---------------------------------------------------------------------------------------------------------
#         Timing Point           Flags    Arc   Edge   Cell     Fanout  Load Trans Delay Arrival Instance 
#                                                                       (fF)  (ps)  (ps)   (ps)  Location 
#---------------------------------------------------------------------------------------------------------
  fir_filter/din_r_reg[1]/CK     -       -      R     (arrival)   1133     -     0     0       0    (-,-) 
  fir_filter/din_r_reg[1]/QN     -       CK->QN F     DFFRX2        47  60.2   170   149     149    (-,-) 
  fir_filter/g879720/Y           -       A->Y   F     BUFX6        192 245.4   254   168     317    (-,-) 
  fir_filter/g879651/Y           -       A->Y   F     BUFX6        159 204.8   214   155     472    (-,-) 
  fir_filter/hi_fo_buf881600/Y   -       A->Y   F     BUFX6        184 233.2   242   166     639    (-,-) 
  fir_filter/g878811/Y           -       A->Y   R     NOR2X1         1   2.8    57    66     704    (-,-) 
  fir_filter/g872020/S           -       B->S   F     ADDFX1         1   2.4    18    61     765    (-,-) 
  fir_filter/g867161/CO          -       CI->CO F     ADDFX1         1   2.7    20    40     805    (-,-) 
  fir_filter/g864222/S           -       A->S   R     ADDFX1         2   3.5    24    59     863    (-,-) 
  fir_filter/g863663/Y           -       B->Y   R     CLKXOR2X1      2   3.2    21    31     894    (-,-) 
  fir_filter/g863270/Y           -       B->Y   F     NOR2X1         1   1.8    19    14     908    (-,-) 
  fir_filter/g862569/Y           -       C0->Y  R     AOI211XL       3   4.3   129    74     982    (-,-) 
  fir_filter/g859752/Y           -       A->Y   F     XNOR2X1        2   3.1    20    50    1032    (-,-) 
  fir_filter/g881225/Y           -       B->Y   F     AND2X1         2   3.4    20    25    1058    (-,-) 
  fir_filter/g856960__7410/Y     -       A2->Y  R     OAI31X1        2   3.0    61    41    1098    (-,-) 
  fir_filter/g856954__9945/Y     -       C->Y   F     NAND3BXL       1   1.9    55    47    1146    (-,-) 
  fir_filter/g856925__2398/Y     -       A1N->Y F     OAI2BB1X1      1   2.4    29    31    1176    (-,-) 
  fir_filter/g856890__5526/CO    -       CI->CO F     ADDFX1         1   2.4    18    40    1217    (-,-) 
  fir_filter/g856869__6161/CO    -       CI->CO F     ADDFX1         1   2.4    18    39    1256    (-,-) 
  fir_filter/g856850__6783/CO    -       CI->CO F     ADDFX1         1   2.4    18    39    1294    (-,-) 
  fir_filter/g856832__2883/CO    -       CI->CO F     ADDFX1         1   2.4    18    39    1333    (-,-) 
  fir_filter/g856815__5122/CO    -       CI->CO F     ADDFX1         1   2.4    18    39    1372    (-,-) 
  fir_filter/g856802__6260/CO    -       CI->CO F     ADDFX1         1   2.4    18    39    1410    (-,-) 
  fir_filter/g856790__2883/CO    -       CI->CO F     ADDFX1         1   2.4    18    39    1449    (-,-) 
  fir_filter/g856781__5115/CO    -       CI->CO F     ADDFX1         1   2.4    18    39    1488    (-,-) 
  fir_filter/g856772__1705/CO    -       CI->CO F     ADDFX1         1   2.4    18    39    1526    (-,-) 
  fir_filter/g856765__5526/CO    -       CI->CO F     ADDFX1         1   2.4    18    39    1565    (-,-) 
  fir_filter/g856760__6260/CO    -       CI->CO F     ADDFX1         1   2.2    17    38    1603    (-,-) 
  fir_filter/g856758__5107/Y     -       B->Y   F     XNOR2X1        1   2.2    15    29    1632    (-,-) 
  fir_filter/g856757__2398/Y     -       B->Y   R     XNOR2X1        1   2.0    14    32    1664    (-,-) 
  fir_filter/sum_r_reg[31][22]/D <<<     -      R     DFFRHQX1       1     -     -     0    1664    (-,-) 
#---------------------------------------------------------------------------------------------------------


