============================================================
  Generated by:           Genus(TM) Synthesis Solution 21.18-s082_1
  Generated on:           Dec 07 2023  07:07:14 pm
  Module:                 filter_top
  Operating conditions:   PVT_1P32V_0C 
  Interconnect mode:      global
  Area mode:              physical library
============================================================

Timing
--------

Analysis view Clock Period 
---------------------------
func_default  Clk   2000.0 


  Analysis     Cost   Critical        Violating 
    View      Group  Path Slack  TNS    Paths   
------------------------------------------------
func_default     Clk      320.7  0.0          0 
             default   No paths  0.0          0 
------------------------------------------------
Total                           -0.0          0 
                                                

Instance Count
--------------
Leaf Instance Count             23566 
Physical Instance count             0 
Sequential Instance Count        1198 
Combinational Instance Count    22368 
Hierarchical Instance Count         2 

Area
----
Cell Area                          68804.244
Physical Cell Area                 0.000
Total Cell Area (Cell+Physical)    68804.244
Net Area                           32872.337
Total Area (Cell+Physical+Net)     101676.581

Max Fanout                         1133 (Clk)
Min Fanout                         0 (fir_filter/n_30455)
Average Fanout                     1.8
Terms to net ratio                 2.8869
Terms to instance ratio            3.8990
Runtime                            516.5309999999997 seconds
Elapsed Runtime                    543 seconds
Genus peak memory usage            1543.18 
Innovus peak memory usage          no_value 
Hostname                           arc-schaumont-class-vm.wpi.edu
