============================================================
  Generated by:           Genus(TM) Synthesis Solution 21.18-s082_1
  Generated on:           Dec 04 2023  07:52:52 pm
  Module:                 filter_top
  Operating conditions:   PVT_1P32V_0C 
  Interconnect mode:      global
  Area mode:              physical library
============================================================

Timing
--------

Analysis view Clock Period 
---------------------------
func_default  Clk   2000.0 


  Analysis     Cost   Critical        Violating 
    View      Group  Path Slack  TNS    Paths   
------------------------------------------------
func_default     Clk       30.5  0.0          0 
             default   No paths  0.0          0 
------------------------------------------------
Total                           -0.0          0 
                                                

Instance Count
--------------
Leaf Instance Count             22836 
Physical Instance count             0 
Sequential Instance Count        1186 
Combinational Instance Count    21650 
Hierarchical Instance Count         0 

Area
----
Cell Area                          67338.090
Physical Cell Area                 0.000
Total Cell Area (Cell+Physical)    67338.090
Net Area                           31945.458
Total Area (Cell+Physical+Net)     99283.548

Max Fanout                         737 (Clk)
Min Fanout                         0 (n_15)
Average Fanout                     1.8
Terms to net ratio                 2.7962
Terms to instance ratio            3.8676
Runtime                            472.4808400000012 seconds
Elapsed Runtime                    492 seconds
Genus peak memory usage            1877.96 
Innovus peak memory usage          no_value 
Hostname                           arc-schaumont-class-vm.wpi.edu
