============================================================
  Generated by:           Genus(TM) Synthesis Solution 21.18-s082_1
  Generated on:           Dec 04 2023  07:52:50 pm
  Module:                 filter_top
  Operating conditions:   PVT_1P32V_0C 
  Interconnect mode:      global
  Area mode:              physical library
============================================================


Path 1: MET (30 ps) Setup Check with Pin fir_filter_sum_r_reg[30][22]/CK->D
           View: func_default
          Group: Clk
     Startpoint: (R) fir_filter_din_r_reg[7]/CK
          Clock: (R) Clk
       Endpoint: (R) fir_filter_sum_r_reg[30][22]/D
          Clock: (R) Clk

                     Capture       Launch     
        Clock Edge:+    2000            0     
       Src Latency:+       0            0     
       Net Latency:+       0 (I)        0 (I) 
           Arrival:=    2000            0     
                                              
             Setup:-      14                  
     Required Time:=    1986                  
      Launch Clock:-       0                  
         Data Path:-    1955                  
             Slack:=      30                  

#---------------------------------------------------------------------------------------------------------
#         Timing Point           Flags    Arc   Edge   Cell     Fanout  Load Trans Delay Arrival Instance 
#                                                                       (fF)  (ps)  (ps)   (ps)  Location 
#---------------------------------------------------------------------------------------------------------
  fir_filter_din_r_reg[7]/CK     -       -      R     (arrival)    737     -     0     0       0    (-,-) 
  fir_filter_din_r_reg[7]/QN     -       CK->QN R     DFFRX4       107 138.1   198   162     162    (-,-) 
  g868399/Y                      -       A->Y   R     BUFX2         47  61.1   174   129     291    (-,-) 
  g868396/Y                      -       A->Y   R     BUFX2         77  99.5   279   185     476    (-,-) 
  g868393/Y                      -       A->Y   R     BUFX2         70  90.7   256   183     659    (-,-) 
  g868384/Y                      -       A->Y   R     BUFX2         69  89.4   252   179     838    (-,-) 
  g868378/Y                      -       A->Y   R     BUFX2         74  95.6   269   188    1026    (-,-) 
  g868370/Y                      -       A->Y   R     BUFX2         71  91.8   259   184    1210    (-,-) 
  g868368/Y                      -       A->Y   R     BUFX2         32  42.0   122   107    1317    (-,-) 
  g863587/Y                      -       B->Y   F     NOR2X1         1   2.7    49    38    1355    (-,-) 
  g860347/S                      -       A->S   R     ADDFX1         1   2.4    18    58    1413    (-,-) 
  g857763/S                      -       CI->S  F     ADDFX1         1   2.4    18    52    1466    (-,-) 
  g855736/S                      -       CI->S  R     ADDFX1         3   4.5    29    60    1526    (-,-) 
  g851977/Y                      -       A->Y   F     CLKXOR2X1      1   1.9    13    39    1565    (-,-) 
  g846717/Y                      -       B->Y   R     MXI2XL         1   2.4    79    36    1601    (-,-) 
  g844310__2883/S                -       CI->S  F     ADDFX1         1   2.7    20    62    1662    (-,-) 
  g844304__7098/CO               -       A->CO  F     ADDFX1         1   2.4    18    40    1702    (-,-) 
  g844292__6783/CO               -       CI->CO F     ADDFX1         1   2.4    18    39    1741    (-,-) 
  g844278__5477/CO               -       CI->CO F     ADDFX1         1   2.4    18    39    1780    (-,-) 
  g844267__9945/CO               -       CI->CO F     ADDFX1         1   2.4    18    39    1818    (-,-) 
  g844257__6131/CO               -       CI->CO F     ADDFX1         1   2.4    18    39    1857    (-,-) 
  g844250__1705/CO               -       CI->CO F     ADDFX1         1   2.2    17    38    1895    (-,-) 
  g844247__3680/Y                -       B->Y   F     XNOR2X1        1   2.2    15    29    1924    (-,-) 
  g844246__6783/Y                -       B->Y   R     XNOR2X1        1   1.9    13    31    1955    (-,-) 
  fir_filter_sum_r_reg[30][22]/D <<<     -      R     DFFQXL         1     -     -     0    1955    (-,-) 
#---------------------------------------------------------------------------------------------------------


