============================================================
  Generated by:           Genus(TM) Synthesis Solution 21.18-s082_1
  Generated on:           Dec 06 2023  11:17:50 pm
  Module:                 fir_transpose
  Operating conditions:   PVT_1P32V_0C 
  Interconnect mode:      global
  Area mode:              physical library
============================================================


Path 1: MET (335 ps) Setup Check with Pin sum_r_reg[31][22]/CK->D
           View: func_default
          Group: Clk
     Startpoint: (R) din_r_reg[1]/CK
          Clock: (R) Clk
       Endpoint: (R) sum_r_reg[31][22]/D
          Clock: (R) Clk

                     Capture       Launch     
        Clock Edge:+    2000            0     
       Src Latency:+       0            0     
       Net Latency:+       0 (I)        0 (I) 
           Arrival:=    2000            0     
                                              
             Setup:-      16                  
     Required Time:=    1984                  
      Launch Clock:-       0                  
         Data Path:-    1650                  
             Slack:=     335                  

#----------------------------------------------------------------------------------------------
#    Timing Point     Flags    Arc   Edge   Cell     Fanout  Load Trans Delay Arrival Instance 
#                                                            (fF)  (ps)  (ps)   (ps)  Location 
#----------------------------------------------------------------------------------------------
  din_r_reg[1]/CK     -       -      R     (arrival)   1133     -     0     0       0    (-,-) 
  din_r_reg[1]/QN     -       CK->QN F     DFFRX2        71  92.1   258   198     198    (-,-) 
  g882591/Y           -       A->Y   F     BUFX6        158 203.2   212   154     352    (-,-) 
  g882518/Y           -       A->Y   R     INVX3         42  61.1   145    98     450    (-,-) 
  g882513/Y           -       A->Y   F     CLKINVX8     237 298.8   248   168     618    (-,-) 
  g877998/Y           -       A->Y   R     NOR2X1         1   2.8    57    67     684    (-,-) 
  g873832/S           -       A->S   F     ADDFX1         1   2.4    19    60     744    (-,-) 
  g869890/CO          -       CI->CO F     ADDFX1         1   2.7    20    40     784    (-,-) 
  g866919/S           -       A->S   R     ADDFX1         2   3.5    24    59     842    (-,-) 
  g866289/Y           -       B->Y   R     CLKXOR2X1      2   3.2    21    31     873    (-,-) 
  g865797/Y           -       B->Y   F     NOR2X1         1   1.8    19    14     887    (-,-) 
  g865144/Y           -       C0->Y  R     AOI211XL       3   4.3   129    74     961    (-,-) 
  g862191/Y           -       A->Y   F     CLKXOR2X1      2   3.1    20    51    1011    (-,-) 
  g859355__8246/Y     -       AN->Y  F     NOR2BX1        2   3.4    25    25    1036    (-,-) 
  g859334__1666/Y     -       A1->Y  R     OAI31X1        2   3.0    61    46    1082    (-,-) 
  g859329__9315/Y     -       C->Y   F     NAND3BXL       1   1.9    55    47    1129    (-,-) 
  g859297__7410/Y     -       A1N->Y F     OAI2BB1X1      1   2.7    32    33    1161    (-,-) 
  g859268__6783/CO    -       A->CO  F     ADDFX1         1   2.4    18    42    1203    (-,-) 
  g859241__5115/CO    -       CI->CO F     ADDFX1         1   2.4    18    39    1242    (-,-) 
  g859221__4319/CO    -       CI->CO F     ADDFX1         1   2.4    18    39    1280    (-,-) 
  g859206__9945/CO    -       CI->CO F     ADDFX1         1   2.4    18    39    1319    (-,-) 
  g859191__5122/CO    -       CI->CO F     ADDFX1         1   2.4    18    39    1358    (-,-) 
  g859178__6260/CO    -       CI->CO F     ADDFX1         1   2.4    18    39    1396    (-,-) 
  g859166__2883/CO    -       CI->CO F     ADDFX1         1   2.4    18    39    1435    (-,-) 
  g859157__5115/CO    -       CI->CO F     ADDFX1         1   2.4    18    39    1474    (-,-) 
  g859148__1705/CO    -       CI->CO F     ADDFX1         1   2.4    18    39    1512    (-,-) 
  g859141__5526/CO    -       CI->CO F     ADDFX1         1   2.4    18    39    1551    (-,-) 
  g859136__6260/CO    -       CI->CO F     ADDFX1         1   2.2    17    38    1589    (-,-) 
  g859134__5107/Y     -       B->Y   F     XNOR2X1        1   2.2    15    29    1618    (-,-) 
  g859133__2398/Y     -       B->Y   R     XNOR2X1        1   2.0    14    32    1650    (-,-) 
  sum_r_reg[31][22]/D <<<     -      R     DFFRHQX1       1     -     -     0    1650    (-,-) 
#----------------------------------------------------------------------------------------------


