============================================================
  Generated by:           Genus(TM) Synthesis Solution 21.18-s082_1
  Generated on:           Dec 06 2023  11:17:51 pm
  Module:                 fir_transpose
  Operating conditions:   PVT_1P32V_0C 
  Interconnect mode:      global
  Area mode:              physical library
============================================================

Timing
--------

Analysis view Clock Period 
---------------------------
func_default  Clk   2000.0 


  Analysis     Cost   Critical        Violating 
    View      Group  Path Slack  TNS    Paths   
------------------------------------------------
func_default     Clk      334.7  0.0          0 
             default   No paths  0.0          0 
------------------------------------------------
Total                           -0.0          0 
                                                

Instance Count
--------------
Leaf Instance Count             23418 
Physical Instance count             0 
Sequential Instance Count        1133 
Combinational Instance Count    22285 
Hierarchical Instance Count         0 

Area
----
Cell Area                          67883.580
Physical Cell Area                 0.000
Total Cell Area (Cell+Physical)    67883.580
Net Area                           32671.673
Total Area (Cell+Physical+Net)     100555.253

Max Fanout                         1133 (Clk)
Min Fanout                         0 (n_30466)
Average Fanout                     1.8
Terms to net ratio                 2.8738
Terms to instance ratio            3.8878
Runtime                            499.58763599999986 seconds
Elapsed Runtime                    546 seconds
Genus peak memory usage            1553.59 
Innovus peak memory usage          no_value 
Hostname                           arc-schaumont-class-vm.wpi.edu
