###############################################################
#  Generated by:      Cadence Innovus 21.18-s099_1
#  OS:                Linux x86_64(Host ID arc-schaumont-class-vm)
#  Generated on:      Mon Dec  4 20:00:08 2023
#  Design:            filter_top
#  Command:           report_skew_groups -summary -out_file reports/report_ccopt_skew_groups.rpt
###############################################################

Skew Group Structure:
=====================

------------------------------------------------------------------------
Skew Group           Sources    Constrained Sinks    Unconstrained Sinks
------------------------------------------------------------------------
Clk/default_const       1              737                    0
------------------------------------------------------------------------

Skew Group Summary:
===================

-------------------------------------------------------------------------------------------------------------------------------------------------------------------------
Timing Corner            Skew Group           ID Target    Min ID    Max ID    Avg ID    Std.Dev. ID    Skew Target Type    Skew Target    Skew     Skew window occupancy
-------------------------------------------------------------------------------------------------------------------------------------------------------------------------
default_dc:both.early    Clk/default_const        -        0.029     0.041     0.038        0.003       ignored                  -         0.013              -
default_dc:both.late     Clk/default_const    none         0.029     0.042     0.039        0.003       auto computed        0.020         0.013    100% {0.029, 0.042}
-------------------------------------------------------------------------------------------------------------------------------------------------------------------------

* - indicates that target was not met.

Skew Group Min/Max path pins:
=============================

----------------------------------------------------------------------------------
Timing Corner            Skew Group           Min ID    PathID    Max ID    PathID
----------------------------------------------------------------------------------
default_dc:both.early    Clk/default_const    0.029       -       0.041       -
-    min fir_filter_din_r_reg[5]/CK
-    max fir_filter_sum_r_reg[16][7]/CK
default_dc:both.late     Clk/default_const    0.029       -       0.042       -
-    min fir_filter_din_r_reg[5]/CK
-    max fir_filter_sum_r_reg[16][8]/CK
----------------------------------------------------------------------------------

