
Cadence Tempus(TM) Timing Signoff Solution.
Copyright 2021 Cadence Design Systems, Inc. All rights reserved worldwide.

Version:	v22.10-p001_1, built Tue Aug 9 17:51:02 PDT 2022
Options:	-files tempus.tcl 
Date:		Mon Dec  4 18:53:49 2023
Host:		arc-schaumont-class-vm (x86_64 w/Linux 3.10.0-1160.99.1.el7.x86_64) (1core*4cpus*Intel Xeon Processor (Cascadelake) 16384KB)
OS:		Red Hat Enterprise Linux Server release 7.9 (Maipo)

License:
		[18:53:49.456177] Configured Lic search path (21.01-s002): 5280@arclic02.wpi.edu

		tpsxl	Tempus Timing Signoff Solution XL	22.1	checkout succeeded
		16 CPU jobs allowed with the current license(s). Use set_multi_cpu_usage to set your required CPU count.
Change the soft stacksize limit to 0.2%RAM (31 mbytes). Set global soft_stack_size_limit to change the value.
environment variable TMPDIR is '/tmp/ssv_tmpdir_15572_HNrQgP'.
#@ Processing -files option
Sourcing tcl/tk file 'tempus.tcl' ...
<CMD> read_lib /opt/cadence/libraries/gsclib045_all_v4.7/gsclib045/timing/fast_vdd1v2_basicCells.lib
<CMD> read_verilog ../syn/outputs/cdf45.v
<CMD> set_top_module filter_top
#% Begin Load MMMC data ... (date=12/04 18:54:20, mem=1005.6M)
Number of views requested 1 are allowed with the current licenses... continuing with set_analysis_view.
#% End Load MMMC data ... (date=12/04 18:54:20, total cpu=0:00:00.0, real=0:00:00.0, peak res=1005.6M, current mem=1005.6M)
default_emulate_early_rc_corner default_emulate_late_rc_corner default_emulate_rc_corner
Loading view definition file from .ssv_emulate_view_definition_15572.tcl
Reading default_emulate_libset_max timing library '/opt/cadence/libraries/gsclib045_all_v4.7/gsclib045/timing/fast_vdd1v2_basicCells.lib' ...
**WARN: (TECHLIB-302):	No function defined for cell 'DECAP9'. The cell will only be used for analysis. (File /opt/cadence/libraries/gsclib045_all_v4.7/gsclib045/timing/fast_vdd1v2_basicCells.lib)
**WARN: (TECHLIB-302):	No function defined for cell 'DECAP8'. The cell will only be used for analysis. (File /opt/cadence/libraries/gsclib045_all_v4.7/gsclib045/timing/fast_vdd1v2_basicCells.lib)
**WARN: (TECHLIB-302):	No function defined for cell 'DECAP7'. The cell will only be used for analysis. (File /opt/cadence/libraries/gsclib045_all_v4.7/gsclib045/timing/fast_vdd1v2_basicCells.lib)
**WARN: (TECHLIB-302):	No function defined for cell 'DECAP6'. The cell will only be used for analysis. (File /opt/cadence/libraries/gsclib045_all_v4.7/gsclib045/timing/fast_vdd1v2_basicCells.lib)
**WARN: (TECHLIB-302):	No function defined for cell 'DECAP5'. The cell will only be used for analysis. (File /opt/cadence/libraries/gsclib045_all_v4.7/gsclib045/timing/fast_vdd1v2_basicCells.lib)
**WARN: (TECHLIB-302):	No function defined for cell 'DECAP4'. The cell will only be used for analysis. (File /opt/cadence/libraries/gsclib045_all_v4.7/gsclib045/timing/fast_vdd1v2_basicCells.lib)
**WARN: (TECHLIB-302):	No function defined for cell 'DECAP3'. The cell will only be used for analysis. (File /opt/cadence/libraries/gsclib045_all_v4.7/gsclib045/timing/fast_vdd1v2_basicCells.lib)
**WARN: (TECHLIB-302):	No function defined for cell 'DECAP2'. The cell will only be used for analysis. (File /opt/cadence/libraries/gsclib045_all_v4.7/gsclib045/timing/fast_vdd1v2_basicCells.lib)
**WARN: (TECHLIB-302):	No function defined for cell 'DECAP10'. The cell will only be used for analysis. (File /opt/cadence/libraries/gsclib045_all_v4.7/gsclib045/timing/fast_vdd1v2_basicCells.lib)
**WARN: (TECHLIB-302):	No function defined for cell 'ANTENNA'. The cell will only be used for analysis. (File /opt/cadence/libraries/gsclib045_all_v4.7/gsclib045/timing/fast_vdd1v2_basicCells.lib)
Read 489 cells in library 'fast_vdd1v2' 
*** End library_loading (cpu=0.01min, real=0.02min, mem=14.5M, fe_cpu=0.33min, fe_real=0.53min, fe_mem=1153.8M) ***
**ERROR: (UI-402):	'../syn/outputs/cdf45.v' not found.
(file "tempus.tcl" line 4)
**INFO (INTERRUPT): The current script will stop before next command.
**INFO (INTERRUPT): One more Ctrl-C to exit Tempus Timing Signoff Solution ...
Tempus Timing Signoff Solution terminated by user interrupt.

*** Memory Usage v#1 (Current mem = 1150.789M, initial mem = 523.699M) ***

*** Summary of all messages that are not suppressed in this session:
Severity  ID               Count  Summary                                  
ERROR     UI-402               2  %s                                       
WARNING   TECHLIB-302         10  No function defined for cell '%s'. The c...
*** Message Summary: 10 warning(s), 2 error(s)

--- Ending "Tempus Timing Signoff Solution" (totcpu=0:00:25.0, real=0:01:55, mem=1150.8M) ---
